#
# A fatal error has been detected by the Java Runtime Environment:
#
#  Internal Error (jvmciRuntime.cpp:1609), pid=28, tid=44
#  fatal error: Fatal exception in JVMCI: Error calling jdk.vm.ci.services.Services.serializeSavedProperties
#
# JRE version: OpenJDK Runtime Environment GraalVM CE 22.3.0 (17.0.5+8) (build 17.0.5+8-jvmci-22.3-b08)
# Java VM: OpenJDK 64-Bit Server VM GraalVM CE 22.3.0 (17.0.5+8-jvmci-22.3-b08, mixed mode, sharing, tiered, jvmci, jvmci compiler, compressed oops, compressed class ptrs, parallel gc, linux-amd64)
# Problematic frame:
# V  [libjvm.so+0x972714]  JVMCIRuntime::fatal_exception(JVMCIEnv*, char const*)+0x74
#
# Core dump will be written. Default location: Core dumps may be processed with "/usr/share/apport/apport -p%p -s%s -c%c -d%d -P%P -u%u -g%g -- %E" (or dumping to /home/runner/SistemaBiblioteca/core.28)
#
# If you would like to submit a bug report, please visit:
#   https://github.com/oracle/graal/issues
#

---------------  S U M M A R Y ------------

Command Line: -XX:ThreadPriorityPolicy=1 -XX:+UnlockExperimentalVMOptions -XX:+EnableJVMCIProduct -XX:JVMCIThreadsPerNativeLibraryRuntime=1 -XX:-UnlockExperimentalVMOptions -Declipse.application=org.eclipse.jdt.ls.core.id1 -Dosgi.bundles.defaultStartLevel=4 -Declipse.product=org.eclipse.jdt.ls.core.product -Dlog.level=ALL -Xverify:none -XX:+UseParallelGC -XX:GCTimeRatio=4 -XX:AdaptiveSizePolicyWeight=90 -Dsun.zip.disableMemoryMapping=true -Xmx512m -Xms100m /nix/store/m6gcpi1ii6rghy04cjwjddcavv7i90df-jdt-language-server-1.9.0/share/java/plugins/org.eclipse.equinox.launcher_1.6.400.v20210924-0641.jar --add-modules=ALL-SYSTEM --add-opens java.base/java.util=ALL-UNNAMED --add-opens java.base/java.lang=ALL-UNNAMED -configuration /home/runner/.cache/jdt-language-server/config -data /home/runner/.cache/jdt-language-server/data/home/runner/SistemaBiblioteca

Host: AMD EPYC 7B12, 8 cores, 1G, Ubuntu 20.04.2 LTS
Time: Mon Jun 12 17:35:42 2023 UTC elapsed time: 1188.861917 seconds (0d 0h 19m 48s)

---------------  T H R E A D  ---------------

Current thread (0x00007f298c0b2210):  JavaThread "JVMCI-native CompilerThread0" daemon [_thread_in_vm, id=44, stack(0x00007f2971048000,0x00007f2971248000)]


Current CompileTask:
JVMCI-native:1188862 10971       4       java.lang.String::regionMatches (150 bytes)

Stack: [0x00007f2971048000,0x00007f2971248000],  sp=0x00007f2971246380,  free space=2040k
Native frames: (J=compiled Java code, j=interpreted, Vv=VM code, C=native code)
V  [libjvm.so+0x972714]  JVMCIRuntime::fatal_exception(JVMCIEnv*, char const*)+0x74
V  [libjvm.so+0x93e2fe]  JVMCIEnv::copy_saved_properties()+0x14e
V  [libjvm.so+0x9732a9]  JVMCIRuntime::initialize(JVMCIEnv*)+0xb19
V  [libjvm.so+0x9738a2]  JVMCIRuntime::get_HotSpotJVMCIRuntime(JVMCIEnv*)+0x12
V  [libjvm.so+0x9749f2]  JVMCIRuntime::compile_method(JVMCIEnv*, JVMCICompiler*, methodHandle const&, int)+0xd2
V  [libjvm.so+0x5b0d20]  CompileBroker::invoke_compiler_on_method(CompileTask*)+0x1470
V  [libjvm.so+0x5b12e8]  CompileBroker::compiler_thread_loop()+0x528
V  [libjvm.so+0xd82460]  JavaThread::thread_main_inner()+0xd0
V  [libjvm.so+0xd85a40]  Thread::call_run()+0xc0
V  [libjvm.so+0xbdb1e1]  thread_native_entry(Thread*)+0xe1

Register to memory mapping:

RAX=0x00007f2990dc5000 points into unknown readable memory: 0x0000000000000058 | 58 00 00 00 00 00 00 00
RBX=0x00007f2991ec0398: <offset 0x0000000000ef5398> in /nix/store/gpxl5qgg8kicmcvivwmybwjlpf7wh20l-graalvm17-ce-22.3.0/lib/server/libjvm.so at 0x00007f2990fcb000
RCX=0x00007f2991e781e8: <offset 0x0000000000ead1e8> in /nix/store/gpxl5qgg8kicmcvivwmybwjlpf7wh20l-graalvm17-ce-22.3.0/lib/server/libjvm.so at 0x00007f2990fcb000
RDX=0x0000000000000649 is an unknown value
RSP=0x00007f2971246380 is pointing into the stack for thread: 0x00007f298c0b2210
RBP=0x00007f29712463a0 is pointing into the stack for thread: 0x00007f298c0b2210
RSI=0x00007f2991ec0c48: <offset 0x0000000000ef5c48> in /nix/store/gpxl5qgg8kicmcvivwmybwjlpf7wh20l-graalvm17-ce-22.3.0/lib/server/libjvm.so at 0x00007f2990fcb000
RDI=0x00000000e0000000 is an oop: [B 
{0x00000000e0000000} - klass: {type array byte}
 - length: 49
R8 =0x00007f2991ec0398: <offset 0x0000000000ef5398> in /nix/store/gpxl5qgg8kicmcvivwmybwjlpf7wh20l-graalvm17-ce-22.3.0/lib/server/libjvm.so at 0x00007f2990fcb000
R9 =0x00007f2971246330 is pointing into the stack for thread: 0x00007f298c0b2210
R10=0x00007f2971247948 is pointing into the stack for thread: 0x00007f298c0b2210
R11=0x0000000000000293 is an unknown value
R12=0x0 is NULL
R13=0x00007f298c0b2210 is a thread
R14=0x00007f298c000b80 points into unknown readable memory: 0x00007f29920f1a38 | 38 1a 0f 92 29 7f 00 00
R15=0x00007f29921ffe40: <offset 0x0000000001234e40> in /nix/store/gpxl5qgg8kicmcvivwmybwjlpf7wh20l-graalvm17-ce-22.3.0/lib/server/libjvm.so at 0x00007f2990fcb000


Registers:
RAX=0x00007f2990dc5000, RBX=0x00007f2991ec0398, RCX=0x00007f2991e781e8, RDX=0x0000000000000649
RSP=0x00007f2971246380, RBP=0x00007f29712463a0, RSI=0x00007f2991ec0c48, RDI=0x00000000e0000000
R8 =0x00007f2991ec0398, R9 =0x00007f2971246330, R10=0x00007f2971247948, R11=0x0000000000000293
R12=0x0000000000000000, R13=0x00007f298c0b2210, R14=0x00007f298c000b80, R15=0x00007f29921ffe40
RIP=0x00007f299193d714, EFLAGS=0x0000000000010206, CSGSFS=0x002b000000000033, ERR=0x0000000000000006
  TRAPNO=0x000000000000000e

Top of Stack: (sp=0x00007f2971246380)
0x00007f2971246380:   00007f2971246940 00007f298c0b2210
0x00007f2971246390:   00007f29907568c8 0000000800c417a0
0x00007f29712463a0:   00007f2971246500 00007f29919092fe
0x00007f29712463b0:   00007f29712463e0 00007f2971246440 

Instructions: (pc=0x00007f299193d714)
0x00007f299193d614:   30 e8 f6 cf e8 ff 4c 89 e7 e8 2e 48 d1 ff 84 db
0x00007f299193d624:   75 2a 4d 85 ed 74 04 4d 8b 6d 00 48 83 c4 08 44
0x00007f299193d634:   89 f9 4c 89 f2 4c 89 ee 5b 4c 89 e7 41 5c 41 5d
0x00007f299193d644:   41 5e 41 5f 5d e9 e2 47 d1 ff 66 90 48 83 c4 08
0x00007f299193d654:   5b 41 5c 41 5d 41 5e 41 5f 5d c3 90 31 d2 be 08
0x00007f299193d664:   00 00 00 4c 89 ff e8 b1 78 a3 ff 49 89 c5 e9 37
0x00007f299193d674:   ff ff ff 66 0f 1f 84 00 00 00 00 00 48 8b 7a 08
0x00007f299193d684:   e9 6d ff ff ff 0f 1f 80 00 00 00 00 e8 5b 48 0a
0x00007f299193d694:   00 84 c0 75 89 e9 6a ff ff ff 66 90 55 48 89 e5
0x00007f299193d6a4:   41 56 41 55 41 54 49 89 fc 53 48 89 f3 66 48 8d
0x00007f299193d6b4:   3d 27 5e 85 00 66 66 48 e8 df 43 8d ff 4c 8b 28
0x00007f299193d6c4:   8b 05 be 72 8a 00 85 c0 75 14 ba 01 00 00 00 48
0x00007f299193d6d4:   8d 0d ae 72 8a 00 f0 0f b1 11 85 c0 74 4e be c8
0x00007f299193d6e4:   00 00 00 4c 89 ef e8 01 0b 41 00 48 8d 05 12 ac
0x00007f299193d6f4:   85 00 49 89 d8 48 8d 0d e8 aa 53 00 ba 49 06 00
0x00007f299193d704:   00 48 8d 35 3c 35 58 00 bf 00 00 00 e0 48 8b 00
0x00007f299193d714:   c6 00 58 31 c0 e8 e2 91 c6 ff 5b 41 5c 41 5d 41
0x00007f299193d724:   5e 5d e9 55 34 26 00 0f 1f 44 00 00 48 8d 05 81
0x00007f299193d734:   a3 8b 00 48 89 df 4c 8b 30 e8 9e 43 8d ff 48 89
0x00007f299193d744:   de 48 89 c2 49 8b 06 4c 89 f7 ff 50 08 4c 89 f7
0x00007f299193d754:   e8 a7 5c 27 00 4d 85 e4 74 12 be 01 00 00 00 4c
0x00007f299193d764:   89 e7 e8 35 43 fc ff eb 82 0f 1f 00 be 01 00 00
0x00007f299193d774:   00 4c 89 ef e8 d3 fd ff ff e9 6d ff ff ff 66 66
0x00007f299193d784:   2e 0f 1f 84 00 00 00 00 00 0f 1f 00 55 48 89 e5
0x00007f299193d794:   41 57 41 56 41 55 41 54 53 48 81 ec 08 02 00 00
0x00007f299193d7a4:   64 48 8b 04 25 28 00 00 00 48 89 45 c8 8b 07 83
0x00007f299193d7b4:   f8 02 0f 84 11 04 00 00 4c 8b 6f 18 49 89 ff 49
0x00007f299193d7c4:   89 f4 4d 85 ed 74 14 4c 89 ef e8 5d 57 22 00 41
0x00007f299193d7d4:   8b 07 83 f8 02 0f 84 19 04 00 00 48 8d 1d 9a 06
0x00007f299193d7e4:   8a 00 4c 8d 35 0b 3c 58 00 eb 38 90 48 85 d2 7f
0x00007f299193d7f4:   0d 48 8d 05 b4 c0 85 00 48 83 38 00 7e 0e 41 8b
0x00007f299193d804:   77 2c 4c 89 f7 31 c0 e8 a0 b2 f7 ff 49 8b 7f 18 


Stack slot to memory mapping:
stack at sp + 0 slots: 0x00007f2971246940 is pointing into the stack for thread: 0x00007f298c0b2210
stack at sp + 1 slots: 0x00007f298c0b2210 is a thread
stack at sp + 2 slots: 0x00007f29907568c8 points into unknown readable memory: 0x6573001880c9ffff | ff ff c9 80 18 00 73 65
stack at sp + 3 slots: 0x0000000800c417a0 is a pointer to class: 
jdk.vm.ci.services.Services {0x0000000800c417a0}
 - instance size:     2
 - klass size:        65
 - access:            public final synchronized 
 - state:             fully_initialized
 - name:              'jdk/vm/ci/services/Services'
 - super:             'java/lang/Object'
 - sub:               
 - arrays:            NULL
 - methods:           Array<T>(0x00007f2971c3f830)
 - method ordering:   Array<T>(0x0000000800928960)
 - default_methods:   Array<T>(0x0000000000000000)
 - local interfaces:  Array<T>(0x00000008005ce810)
 - trans. interfaces: Array<T>(0x00000008005ce810)
 - constants:         constant pool [427] {0x00007f2971c3e910} for 'jdk/vm/ci/services/Services' cache=0x00007f2971c40b00
 - class loader data:  loader data: 0x00007f298c0283f0 of 'bootstrap'
 - source file:       'Services.java'
 - class annotations:       Array<T>(0x0000000000000000)
 - class type annotations:  Array<T>(0x0000000000000000)
 - field annotations:       Array<T>(0x0000000000000000)
 - field type annotations:  Array<T>(0x0000000000000000)
 - inner classes:     Array<T>(0x00007f2971c40ad0)
 - nest members:     Array<T>(0x00007f2971c40af0)
 - permitted subclasses:     Array<T>(0x00000008005ce7a0)
 - java mirror:       a 'java/lang/Class'{0x00000000e017bc00} = 'jdk/vm/ci/services/Services'
 - vtable length      5  (start addr: 0x0000000800c41970)
 - itable length      2 (start addr: 0x0000000800c41998)
 - ---- static fields (3 words):
 - public static final 'IS_BUILDING_NATIVE_IMAGE' 'Z' @128 
 - public static final 'IS_IN_NATIVE_IMAGE' 'Z' @129 
 - private static volatile 'savedProperties' 'Ljava/util/Map;' @112 
 - static final 'JVMCI_ENABLED' 'Z' @130 
 - private static final 'servicesCache' 'Ljava/util/Map;' @116 
 - private static final 'MAX_UNICODE_IN_UTF8_LENGTH' 'I' @120 
 - private static final 'MAX_UTF8_PROPERTY_STRING_LENGTH' 'I' @124 
 - ---- non-static fields (0 words):
 - non-static oop maps: 
stack at sp + 4 slots: 0x00007f2971246500 is pointing into the stack for thread: 0x00007f298c0b2210
stack at sp + 5 slots: 0x00007f29919092fe: <offset 0x000000000093e2fe> in /nix/store/gpxl5qgg8kicmcvivwmybwjlpf7wh20l-graalvm17-ce-22.3.0/lib/server/libjvm.so at 0x00007f2990fcb000
stack at sp + 6 slots: 0x00007f29712463e0 is pointing into the stack for thread: 0x00007f298c0b2210
stack at sp + 7 slots: 0x00007f2971246440 is pointing into the stack for thread: 0x00007f298c0b2210


---------------  P R O C E S S  ---------------

Threads class SMR info:
_java_thread_list=0x00007f28f011f3e0, length=25, elements={
0x00007f298c026690, 0x00007f298c0a64d0, 0x00007f298c0a7910, 0x00007f298c0ae080,
0x00007f298c0af430, 0x00007f298c0b0820, 0x00007f298c0b2210, 0x00007f298c0b3720,
0x00007f298c0b4b70, 0x00007f298c0e00c0, 0x00007f298c128af0, 0x00007f298c31bd60,
0x00007f298c34fc00, 0x00007f298c351a60, 0x00007f298c5ff170, 0x00007f2920017020,
0x00007f29202a13e0, 0x00007f29204ab3e0, 0x00007f2920615b40, 0x00007f298c432900,
0x00007f28fc000ff0, 0x00007f291c001580, 0x00007f28f443a1b0, 0x00007f29082e09e0,
0x00007f28f015a9c0
}

Java Threads: ( => current thread )
  0x00007f298c026690 JavaThread "main" [_thread_blocked, id=36, stack(0x00007f2990de6000,0x00007f2990ee6000)]
  0x00007f298c0a64d0 JavaThread "Reference Handler" daemon [_thread_blocked, id=39, stack(0x00007f297192e000,0x00007f2971a2e000)]
  0x00007f298c0a7910 JavaThread "Finalizer" daemon [_thread_blocked, id=40, stack(0x00007f297182e000,0x00007f297192e000)]
  0x00007f298c0ae080 JavaThread "Signal Dispatcher" daemon [_thread_blocked, id=41, stack(0x00007f2971448000,0x00007f2971548000)]
  0x00007f298c0af430 JavaThread "Service Thread" daemon [_thread_blocked, id=42, stack(0x00007f2971348000,0x00007f2971448000)]
  0x00007f298c0b0820 JavaThread "Monitor Deflation Thread" daemon [_thread_blocked, id=43, stack(0x00007f2971248000,0x00007f2971348000)]
=>0x00007f298c0b2210 JavaThread "JVMCI-native CompilerThread0" daemon [_thread_in_vm, id=44, stack(0x00007f2971048000,0x00007f2971248000)]
  0x00007f298c0b3720 JavaThread "C1 CompilerThread0" daemon [_thread_blocked, id=45, stack(0x00007f2970e48000,0x00007f2971048000)]
  0x00007f298c0b4b70 JavaThread "Sweeper thread" daemon [_thread_blocked, id=46, stack(0x00007f2970d48000,0x00007f2970e48000)]
  0x00007f298c0e00c0 JavaThread "Common-Cleaner" daemon [_thread_blocked, id=47, stack(0x00007f2970c48000,0x00007f2970d48000)]
  0x00007f298c128af0 JavaThread "Notification Thread" daemon [_thread_blocked, id=48, stack(0x00007f2970b48000,0x00007f2970c48000)]
  0x00007f298c31bd60 JavaThread "Active Thread: Equinox Container: c347f4ec-cd5d-426f-9c67-8ab8cfb58e0e" [_thread_blocked, id=67, stack(0x00007f2970800000,0x00007f2970900000)]
  0x00007f298c34fc00 JavaThread "Framework Event Dispatcher: Equinox Container: c347f4ec-cd5d-426f-9c67-8ab8cfb58e0e" daemon [_thread_blocked, id=69, stack(0x00007f2970600000,0x00007f2970700000)]
  0x00007f298c351a60 JavaThread "Start Level: Equinox Container: c347f4ec-cd5d-426f-9c67-8ab8cfb58e0e" daemon [_thread_blocked, id=70, stack(0x00007f2970400000,0x00007f2970500000)]
  0x00007f298c5ff170 JavaThread "Refresh Thread: Equinox Container: c347f4ec-cd5d-426f-9c67-8ab8cfb58e0e" daemon [_thread_blocked, id=77, stack(0x00007f2970500000,0x00007f2970600000)]
  0x00007f2920017020 JavaThread "SCR Component Actor" daemon [_thread_blocked, id=80, stack(0x00007f2970200000,0x00007f2970300000)]
  0x00007f29202a13e0 JavaThread "Worker-JM" [_thread_blocked, id=90, stack(0x00007f2938900000,0x00007f2938a00000)]
  0x00007f29204ab3e0 JavaThread "Java indexing" daemon [_thread_blocked, id=93, stack(0x00007f2938300000,0x00007f2938400000)]
  0x00007f2920615b40 JavaThread "Bundle File Closer" daemon [_thread_blocked, id=97, stack(0x00007f2938100000,0x00007f2938200000)]
  0x00007f298c432900 JavaThread "pool-3-thread-1" [_thread_blocked, id=103, stack(0x00007f2937f00000,0x00007f2938000000)]
  0x00007f28fc000ff0 JavaThread "Worker-3: Java indexing... " [_thread_blocked, id=106, stack(0x00007f2970000000,0x00007f2970100000)]
  0x00007f291c001580 JavaThread "Worker-4" [_thread_blocked, id=107, stack(0x00007f2937900000,0x00007f2937a00000)]
  0x00007f28f443a1b0 JavaThread "Okio Watchdog" daemon [_thread_blocked, id=163, stack(0x00007f2936e00000,0x00007f2936f00000)]
  0x00007f29082e09e0 JavaThread "Worker-6" [_thread_blocked, id=172, stack(0x00007f2970100000,0x00007f2970200000)]
  0x00007f28f015a9c0 JavaThread "Thread-13" [_thread_blocked, id=545, stack(0x00007f2937100000,0x00007f2937200000)]

Other Threads:
  0x00007f298c0a1c10 VMThread "VM Thread" [stack: 0x00007f2971a30000,0x00007f2971b30000] [id=38] _threads_hazard_ptr=0x00007f28f011f3e0
  0x00007f298c12a490 WatcherThread [stack: 0x00007f2970a48000,0x00007f2970b48000] [id=49]
  0x00007f298c03df30 GCTaskThread "GC Thread#0" [stack: 0x00007f29909a9000,0x00007f2990aa9000] [id=37]

Threads with active compile tasks:
JVMCI-native CompilerThread0  1188932 10971       4       java.lang.String::regionMatches (150 bytes)

VM state: synchronizing (normal execution)

VM Mutex/Monitor currently owned by a thread:  ([mutex/lock_event])
[0x00007f298c023840] Threads_lock - owner thread: 0x00007f298c0a1c10
[0x00007f298c023ff0] Heap_lock - owner thread: 0x00007f28f015a9c0

OutOfMemory and StackOverflow Exception counts:
OutOfMemoryError java_heap_errors=7
LinkageErrors=67

Heap address: 0x00000000e0000000, size: 512 MB, Compressed Oops mode: 32-bit

CDS archive(s) mapped at: [0x0000000800000000-0x0000000800bc8000-0x0000000800bc8000), size 12353536, SharedBaseAddress: 0x0000000800000000, ArchiveRelocationMode: 0.
Compressed class space mapped at: 0x0000000800c00000-0x0000000840c00000, reserved size: 1073741824
Narrow klass base: 0x0000000800000000, Narrow klass shift: 0, Narrow klass range: 0x100000000

GC Precious Log:
 CPUs: 8 total, 1 available
 Memory: 1024M
 Large Page Support: Disabled
 NUMA Support: Disabled
 Compressed Oops: Enabled (32-bit)
 Alignments: Space 512K, Generation 512K, Heap 2M
 Heap Min Capacity: 100M
 Heap Initial Capacity: 100M
 Heap Max Capacity: 512M
 Pre-touch: Disabled
 Parallel Workers: 1

Heap:
 PSYoungGen      total 44544K, used 32255K [0x00000000f5580000, 0x00000000fab80000, 0x0000000100000000)
  eden space 32256K, 99% used [0x00000000f5580000,0x00000000f74ffff8,0x00000000f7500000)
  from space 12288K, 0% used [0x00000000f7500000,0x00000000f7500000,0x00000000f8100000)
  to   space 25088K, 0% used [0x00000000f9300000,0x00000000f9300000,0x00000000fab80000)
 ParOldGen       total 349696K, used 349695K [0x00000000e0000000, 0x00000000f5580000, 0x00000000f5580000)
  object space 349696K, 99% used [0x00000000e0000000,0x00000000f557fc10,0x00000000f5580000)
 Metaspace       used 62658K, committed 63680K, reserved 1114112K
  class space    used 6011K, committed 6464K, reserved 1048576K

Card table byte_map: [0x00007f2990aa9000,0x00007f2990baa000] _byte_map_base: 0x00007f29903a9000

Marking Bits: (ParMarkBitMap*) 0x00007f29921f94c0
 Begin Bits: [0x00007f29724b3000, 0x00007f2972cb3000)
 End Bits:   [0x00007f2972cb3000, 0x00007f29734b3000)

Polling page: 0x00007f2990dc3000

Metaspace:

Usage:
  Non-class:     55.32 MB used.
      Class:      5.87 MB used.
       Both:     61.19 MB used.

Virtual space:
  Non-class space:       64.00 MB reserved,      55.88 MB ( 87%) committed,  8 nodes.
      Class space:        1.00 GB reserved,       6.31 MB ( <1%) committed,  1 nodes.
             Both:        1.06 GB reserved,      62.19 MB (  6%) committed. 

Chunk freelists:
   Non-Class:  3.91 MB
       Class:  1.55 MB
        Both:  5.47 MB

MaxMetaspaceSize: unlimited
CompressedClassSpaceSize: 1.00 GB
Initial GC threshold: 21.00 MB
Current GC threshold: 103.69 MB
CDS: on
MetaspaceReclaimPolicy: balanced
 - commit_granule_bytes: 65536.
 - commit_granule_words: 8192.
 - virtual_space_node_default_size: 1048576.
 - enlarge_chunks_in_place: 1.
 - new_chunks_are_fully_committed: 0.
 - uncommit_free_chunks: 1.
 - use_allocation_guard: 0.
 - handle_deallocations: 1.


Internal statistics:

num_allocs_failed_limit: 6.
num_arena_births: 524.
num_arena_deaths: 152.
num_vsnodes_births: 9.
num_vsnodes_deaths: 0.
num_space_committed: 992.
num_space_uncommitted: 0.
num_chunks_returned_to_freelist: 214.
num_chunks_taken_from_freelist: 3021.
num_chunk_merges: 89.
num_chunk_splits: 1963.
num_chunks_enlarged: 1235.
num_purges: 24.
num_inconsistent_stats: 0.

CodeHeap 'non-profiled nmethods': size=120036Kb used=2647Kb max_used=2647Kb free=117388Kb
 bounds [0x00007f297af7a000, 0x00007f297b21a000, 0x00007f29824b3000]
CodeHeap 'profiled nmethods': size=120032Kb used=19818Kb max_used=19818Kb free=100213Kb
 bounds [0x00007f2973a42000, 0x00007f2974da2000, 0x00007f297af7a000]
CodeHeap 'non-nmethods': size=5692Kb used=1396Kb max_used=1415Kb free=4295Kb
 bounds [0x00007f29734b3000, 0x00007f2973723000, 0x00007f2973a42000]
 total_blobs=9229 nmethods=8493 adapters=636
 compilation: enabled
              stopped_count=0, restarted_count=0
 full_count=0

JVMCI Events (20 events):
Event: 909.464 Thread 0x00007f298c0b2210 attached to JVMCI runtime 0
Event: 909.466 Thread 0x00007f298c0b2210 created JavaVM[4]@0x00007f2935e9e340 for JVMCI runtime 0
Event: 910.835 Thread 0x00007f298c0b2210 initializing JVMCI runtime 0
Event: 910.835 Thread 0x00007f298c0b2210 done waiting for JavaVM references initialization in JVMCI runtime 0
Event: 917.162 Thread 0x00007f298c0b2210 initialized JVMCI runtime 0
Event: 937.152 Thread 0x00007f298c0b2210 compacted oop handles in JVMCI runtime 0 from 103 to 100
Event: 1011.384 Thread 0x00007f298c0b2210 compacted oop handles in JVMCI runtime 0 from 130 to 128
Event: 1028.294 Thread 0x00007f298c0b2210 compacted oop handles in JVMCI runtime 0 from 205 to 177
Event: 1029.709 Thread 0x00007f298c0b2210 detaching from JVMCI runtime 0: releasing idle compiler thread (0 other threads still attached)
Event: 1029.709 Thread 0x00007f298c0b2210 shutting down HotSpotJVMCIRuntime for JVMCI runtime 0
Event: 1029.709 Thread 0x00007f298c0b2210 compacted oop handles in JVMCI runtime 0 from 177 to 132
Event: 1029.709 Thread 0x00007f298c0b2210 shut down JVMCI runtime 0
Event: 1031.103 Thread 0x00007f298c0b2210 destroyed JavaVM[4]@0x00007f2935e9e340 for JVMCI runtime 0
Event: 1031.103 Thread 0x00007f298c0b2210 compacted oop handles in JVMCI runtime 0 from 132 to 132
Event: 1031.104 Thread 0x00007f298c0b2210 releasing handles for JVMCI runtime 0: oop handles=132, metadata handles={total=305, live=292, blocks=44}
Event: 1031.104 Thread 0x00007f298c0b2210 detached from JVMCI runtime 0
Event: 1156.557 Thread 0x00007f298c0b2210 attached to JVMCI runtime 0
Event: 1156.559 Thread 0x00007f298c0b2210 created JavaVM[5]@0x00007f2935e9e340 for JVMCI runtime 0
Event: 1158.481 Thread 0x00007f298c0b2210 initializing JVMCI runtime 0
Event: 1158.481 Thread 0x00007f298c0b2210 done waiting for JavaVM references initialization in JVMCI runtime 0

Compilation events (20 events):
Event: 976.863 Thread 0x00007f298c0b3720 10965       3       java.util.concurrent.locks.AbstractQueuedSynchronizer$Node::<init> (5 bytes)
Event: 976.863 Thread 0x00007f298c0b3720 nmethod 10965 0x00007f2974d98490 code [0x00007f2974d98640, 0x00007f2974d98790]
Event: 983.767 Thread 0x00007f298c0b3720 10966       3       java.util.concurrent.ScheduledThreadPoolExecutor::canRunInCurrentRunState (61 bytes)
Event: 987.242 Thread 0x00007f298c0b3720 nmethod 10966 0x00007f2974d98890 code [0x00007f2974d98aa0, 0x00007f2974d99540]
Event: 994.933 Thread 0x00007f298c0b2210 nmethod 10963 0x00007f297b20c710 code [0x00007f297b20c8a0, 0x00007f297b20cd80]
Event: 994.933 Thread 0x00007f298c0b2210 10967       4       org.eclipse.jdt.internal.core.JavaElement::setParent (22 bytes)
Event: 1000.970 Thread 0x00007f298c0b2210 nmethod 10967 0x00007f297b20d010 code [0x00007f297b20d220, 0x00007f297b20d358]
Event: 1000.970 Thread 0x00007f298c0b2210 10960       4       jdk.internal.jrtfs.JrtDirectoryStream::<init> (39 bytes)
Event: 1011.384 Thread 0x00007f298c0b2210 nmethod 10960 0x00007f297b20d490 code [0x00007f297b20d640, 0x00007f297b20dac0]
Event: 1011.384 Thread 0x00007f298c0b2210 10961       4       jdk.internal.jrtfs.JrtFileSystem::iteratorOf (98 bytes)
Event: 1024.028 Thread 0x00007f298c0b3720 10968       3       java.util.LinkedList::node (65 bytes)
Event: 1025.383 Thread 0x00007f298c0b3720 nmethod 10968 0x00007f2974d99790 code [0x00007f2974d99940, 0x00007f2974d99c10]
Event: 1028.294 Thread 0x00007f298c0b2210 nmethod 10961 0x00007f297b20e010 code [0x00007f297b20e280, 0x00007f297b20efd0]
Event: 1028.294 Thread 0x00007f298c0b2210 10962       4       jdk.internal.jimage.ImageReader$Directory::getChildren (8 bytes)
Event: 1028.332 Thread 0x00007f298c0b2210 nmethod 10962 0x00007f297b20f990 code [0x00007f297b20fb40, 0x00007f297b20fd90]
Event: 1046.357 Thread 0x00007f298c0b3720 10969   !   3       java.util.concurrent.locks.AbstractQueuedSynchronizer::acquire (407 bytes)
Event: 1046.359 Thread 0x00007f298c0b3720 nmethod 10969 0x00007f2974d99d90 code [0x00007f2974d9a100, 0x00007f2974d9bf20]
Event: 1089.191 Thread 0x00007f298c0b3720 10970       3       jdk.internal.misc.Unsafe::putIntOpaque (9 bytes)
Event: 1091.080 Thread 0x00007f298c0b3720 nmethod 10970 0x00007f2974d9c810 code [0x00007f2974d9c9a0, 0x00007f2974d9cab0]
Event: 1156.557 Thread 0x00007f298c0b2210 10971       4       java.lang.String::regionMatches (150 bytes)

GC Heap History (20 events):
Event: 1170.951 GC heap before
{Heap before GC invocations=860 (full 740):
 PSYoungGen      total 44544K, used 32255K [0x00000000f5580000, 0x00000000fab80000, 0x0000000100000000)
  eden space 32256K, 99% used [0x00000000f5580000,0x00000000f74ffff8,0x00000000f7500000)
  from space 12288K, 0% used [0x00000000f7500000,0x00000000f7500000,0x00000000f8100000)
  to   space 25088K, 0% used [0x00000000f9300000,0x00000000f9300000,0x00000000fab80000)
 ParOldGen       total 349696K, used 349690K [0x00000000e0000000, 0x00000000f5580000, 0x00000000f5580000)
  object space 349696K, 99% used [0x00000000e0000000,0x00000000f557e960,0x00000000f5580000)
 Metaspace       used 62658K, committed 63680K, reserved 1114112K
  class space    used 6011K, committed 6464K, reserved 1048576K
}
Event: 1172.760 GC heap after
{Heap after GC invocations=860 (full 740):
 PSYoungGen      total 57344K, used 32255K [0x00000000f5580000, 0x00000000fab80000, 0x0000000100000000)
  eden space 32256K, 99% used [0x00000000f5580000,0x00000000f74fff58,0x00000000f7500000)
  from space 25088K, 0% used [0x00000000f9300000,0x00000000f9300000,0x00000000fab80000)
  to   space 12288K, 0% used [0x00000000f7500000,0x00000000f7500000,0x00000000f8100000)
 ParOldGen       total 349696K, used 349688K [0x00000000e0000000, 0x00000000f5580000, 0x00000000f5580000)
  object space 349696K, 99% used [0x00000000e0000000,0x00000000f557e398,0x00000000f5580000)
 Metaspace       used 62658K, committed 63680K, reserved 1114112K
  class space    used 6011K, committed 6464K, reserved 1048576K
}
Event: 1172.760 GC heap before
{Heap before GC invocations=861 (full 741):
 PSYoungGen      total 57344K, used 32255K [0x00000000f5580000, 0x00000000fab80000, 0x0000000100000000)
  eden space 32256K, 99% used [0x00000000f5580000,0x00000000f74fffe8,0x00000000f7500000)
  from space 25088K, 0% used [0x00000000f9300000,0x00000000f9300000,0x00000000fab80000)
  to   space 12288K, 0% used [0x00000000f7500000,0x00000000f7500000,0x00000000f8100000)
 ParOldGen       total 349696K, used 349688K [0x00000000e0000000, 0x00000000f5580000, 0x00000000f5580000)
  object space 349696K, 99% used [0x00000000e0000000,0x00000000f557e398,0x00000000f5580000)
 Metaspace       used 62658K, committed 63680K, reserved 1114112K
  class space    used 6011K, committed 6464K, reserved 1048576K
}
Event: 1174.647 GC heap after
{Heap after GC invocations=861 (full 741):
 PSYoungGen      total 44544K, used 32255K [0x00000000f5580000, 0x00000000fab80000, 0x0000000100000000)
  eden space 32256K, 99% used [0x00000000f5580000,0x00000000f74fffe8,0x00000000f7500000)
  from space 12288K, 0% used [0x00000000f7500000,0x00000000f7500000,0x00000000f8100000)
  to   space 25088K, 0% used [0x00000000f9300000,0x00000000f9300000,0x00000000fab80000)
 ParOldGen       total 349696K, used 349688K [0x00000000e0000000, 0x00000000f5580000, 0x00000000f5580000)
  object space 349696K, 99% used [0x00000000e0000000,0x00000000f557e398,0x00000000f5580000)
 Metaspace       used 62658K, committed 63680K, reserved 1114112K
  class space    used 6011K, committed 6464K, reserved 1048576K
}
Event: 1174.647 GC heap before
{Heap before GC invocations=862 (full 742):
 PSYoungGen      total 44544K, used 32256K [0x00000000f5580000, 0x00000000fab80000, 0x0000000100000000)
  eden space 32256K, 100% used [0x00000000f5580000,0x00000000f7500000,0x00000000f7500000)
  from space 12288K, 0% used [0x00000000f7500000,0x00000000f7500000,0x00000000f8100000)
  to   space 25088K, 0% used [0x00000000f9300000,0x00000000f9300000,0x00000000fab80000)
 ParOldGen       total 349696K, used 349694K [0x00000000e0000000, 0x00000000f5580000, 0x00000000f5580000)
  object space 349696K, 99% used [0x00000000e0000000,0x00000000f557f990,0x00000000f5580000)
 Metaspace       used 62658K, committed 63680K, reserved 1114112K
  class space    used 6011K, committed 6464K, reserved 1048576K
}
Event: 1176.361 GC heap after
{Heap after GC invocations=862 (full 742):
 PSYoungGen      total 57344K, used 32255K [0x00000000f5580000, 0x00000000fab80000, 0x0000000100000000)
  eden space 32256K, 99% used [0x00000000f5580000,0x00000000f74fff28,0x00000000f7500000)
  from space 25088K, 0% used [0x00000000f9300000,0x00000000f9300000,0x00000000fab80000)
  to   space 12288K, 0% used [0x00000000f7500000,0x00000000f7500000,0x00000000f8100000)
 ParOldGen       total 349696K, used 349692K [0x00000000e0000000, 0x00000000f5580000, 0x00000000f5580000)
  object space 349696K, 99% used [0x00000000e0000000,0x00000000f557f3b0,0x00000000f5580000)
 Metaspace       used 62658K, committed 63680K, reserved 1114112K
  class space    used 6011K, committed 6464K, reserved 1048576K
}
Event: 1176.361 GC heap before
{Heap before GC invocations=863 (full 743):
 PSYoungGen      total 57344K, used 32255K [0x00000000f5580000, 0x00000000fab80000, 0x0000000100000000)
  eden space 32256K, 99% used [0x00000000f5580000,0x00000000f74fffc8,0x00000000f7500000)
  from space 25088K, 0% used [0x00000000f9300000,0x00000000f9300000,0x00000000fab80000)
  to   space 12288K, 0% used [0x00000000f7500000,0x00000000f7500000,0x00000000f8100000)
 ParOldGen       total 349696K, used 349692K [0x00000000e0000000, 0x00000000f5580000, 0x00000000f5580000)
  object space 349696K, 99% used [0x00000000e0000000,0x00000000f557f3b0,0x00000000f5580000)
 Metaspace       used 62658K, committed 63680K, reserved 1114112K
  class space    used 6011K, committed 6464K, reserved 1048576K
}
Event: 1178.030 GC heap after
{Heap after GC invocations=863 (full 743):
 PSYoungGen      total 44544K, used 32255K [0x00000000f5580000, 0x00000000fab80000, 0x0000000100000000)
  eden space 32256K, 99% used [0x00000000f5580000,0x00000000f74ffe20,0x00000000f7500000)
  from space 12288K, 0% used [0x00000000f7500000,0x00000000f7500000,0x00000000f8100000)
  to   space 25088K, 0% used [0x00000000f9300000,0x00000000f9300000,0x00000000fab80000)
 ParOldGen       total 349696K, used 349692K [0x00000000e0000000, 0x00000000f5580000, 0x00000000f5580000)
  object space 349696K, 99% used [0x00000000e0000000,0x00000000f557f1c8,0x00000000f5580000)
 Metaspace       used 62658K, committed 63680K, reserved 1114112K
  class space    used 6011K, committed 6464K, reserved 1048576K
}
Event: 1178.031 GC heap before
{Heap before GC invocations=864 (full 744):
 PSYoungGen      total 44544K, used 32255K [0x00000000f5580000, 0x00000000fab80000, 0x0000000100000000)
  eden space 32256K, 99% used [0x00000000f5580000,0x00000000f74ffff8,0x00000000f7500000)
  from space 12288K, 0% used [0x00000000f7500000,0x00000000f7500000,0x00000000f8100000)
  to   space 25088K, 0% used [0x00000000f9300000,0x00000000f9300000,0x00000000fab80000)
 ParOldGen       total 349696K, used 349692K [0x00000000e0000000, 0x00000000f5580000, 0x00000000f5580000)
  object space 349696K, 99% used [0x00000000e0000000,0x00000000f557f1c8,0x00000000f5580000)
 Metaspace       used 62658K, committed 63680K, reserved 1114112K
  class space    used 6011K, committed 6464K, reserved 1048576K
}
Event: 1179.756 GC heap after
{Heap after GC invocations=864 (full 744):
 PSYoungGen      total 57344K, used 32255K [0x00000000f5580000, 0x00000000fab80000, 0x0000000100000000)
  eden space 32256K, 99% used [0x00000000f5580000,0x00000000f74fff30,0x00000000f7500000)
  from space 25088K, 0% used [0x00000000f9300000,0x00000000f9300000,0x00000000fab80000)
  to   space 12288K, 0% used [0x00000000f7500000,0x00000000f7500000,0x00000000f8100000)
 ParOldGen       total 349696K, used 349692K [0x00000000e0000000, 0x00000000f5580000, 0x00000000f5580000)
  object space 349696K, 99% used [0x00000000e0000000,0x00000000f557f128,0x00000000f5580000)
 Metaspace       used 62658K, committed 63680K, reserved 1114112K
  class space    used 6011K, committed 6464K, reserved 1048576K
}
Event: 1179.756 GC heap before
{Heap before GC invocations=865 (full 745):
 PSYoungGen      total 57344K, used 32255K [0x00000000f5580000, 0x00000000fab80000, 0x0000000100000000)
  eden space 32256K, 99% used [0x00000000f5580000,0x00000000f74ffff8,0x00000000f7500000)
  from space 25088K, 0% used [0x00000000f9300000,0x00000000f9300000,0x00000000fab80000)
  to   space 12288K, 0% used [0x00000000f7500000,0x00000000f7500000,0x00000000f8100000)
 ParOldGen       total 349696K, used 349692K [0x00000000e0000000, 0x00000000f5580000, 0x00000000f5580000)
  object space 349696K, 99% used [0x00000000e0000000,0x00000000f557f128,0x00000000f5580000)
 Metaspace       used 62658K, committed 63680K, reserved 1114112K
  class space    used 6011K, committed 6464K, reserved 1048576K
}
Event: 1181.548 GC heap after
{Heap after GC invocations=865 (full 745):
 PSYoungGen      total 44544K, used 32255K [0x00000000f5580000, 0x00000000fab80000, 0x0000000100000000)
  eden space 32256K, 99% used [0x00000000f5580000,0x00000000f74ffff8,0x00000000f7500000)
  from space 12288K, 0% used [0x00000000f7500000,0x00000000f7500000,0x00000000f8100000)
  to   space 25088K, 0% used [0x00000000f9300000,0x00000000f9300000,0x00000000fab80000)
 ParOldGen       total 349696K, used 349692K [0x00000000e0000000, 0x00000000f5580000, 0x00000000f5580000)
  object space 349696K, 99% used [0x00000000e0000000,0x00000000f557f128,0x00000000f5580000)
 Metaspace       used 62658K, committed 63680K, reserved 1114112K
  class space    used 6011K, committed 6464K, reserved 1048576K
}
Event: 1181.549 GC heap before
{Heap before GC invocations=866 (full 746):
 PSYoungGen      total 44544K, used 32255K [0x00000000f5580000, 0x00000000fab80000, 0x0000000100000000)
  eden space 32256K, 99% used [0x00000000f5580000,0x00000000f74ffff8,0x00000000f7500000)
  from space 12288K, 0% used [0x00000000f7500000,0x00000000f7500000,0x00000000f8100000)
  to   space 25088K, 0% used [0x00000000f9300000,0x00000000f9300000,0x00000000fab80000)
 ParOldGen       total 349696K, used 349694K [0x00000000e0000000, 0x00000000f5580000, 0x00000000f5580000)
  object space 349696K, 99% used [0x00000000e0000000,0x00000000f557fa50,0x00000000f5580000)
 Metaspace       used 62658K, committed 63680K, reserved 1114112K
  class space    used 6011K, committed 6464K, reserved 1048576K
}
Event: 1183.329 GC heap after
{Heap after GC invocations=866 (full 746):
 PSYoungGen      total 57344K, used 32255K [0x00000000f5580000, 0x00000000fab80000, 0x0000000100000000)
  eden space 32256K, 99% used [0x00000000f5580000,0x00000000f74ffe90,0x00000000f7500000)
  from space 25088K, 0% used [0x00000000f9300000,0x00000000f9300000,0x00000000fab80000)
  to   space 12288K, 0% used [0x00000000f7500000,0x00000000f7500000,0x00000000f8100000)
 ParOldGen       total 349696K, used 349693K [0x00000000e0000000, 0x00000000f5580000, 0x00000000f5580000)
  object space 349696K, 99% used [0x00000000e0000000,0x00000000f557f5a0,0x00000000f5580000)
 Metaspace       used 62658K, committed 63680K, reserved 1114112K
  class space    used 6011K, committed 6464K, reserved 1048576K
}
Event: 1183.329 GC heap before
{Heap before GC invocations=867 (full 747):
 PSYoungGen      total 57344K, used 32255K [0x00000000f5580000, 0x00000000fab80000, 0x0000000100000000)
  eden space 32256K, 99% used [0x00000000f5580000,0x00000000f74fffe8,0x00000000f7500000)
  from space 25088K, 0% used [0x00000000f9300000,0x00000000f9300000,0x00000000fab80000)
  to   space 12288K, 0% used [0x00000000f7500000,0x00000000f7500000,0x00000000f8100000)
 ParOldGen       total 349696K, used 349693K [0x00000000e0000000, 0x00000000f5580000, 0x00000000f5580000)
  object space 349696K, 99% used [0x00000000e0000000,0x00000000f557f5a0,0x00000000f5580000)
 Metaspace       used 62658K, committed 63680K, reserved 1114112K
  class space    used 6011K, committed 6464K, reserved 1048576K
}
Event: 1185.057 GC heap after
{Heap after GC invocations=867 (full 747):
 PSYoungGen      total 44544K, used 32255K [0x00000000f5580000, 0x00000000fab80000, 0x0000000100000000)
  eden space 32256K, 99% used [0x00000000f5580000,0x00000000f74fff10,0x00000000f7500000)
  from space 12288K, 0% used [0x00000000f7500000,0x00000000f7500000,0x00000000f8100000)
  to   space 25088K, 0% used [0x00000000f9300000,0x00000000f9300000,0x00000000fab80000)
 ParOldGen       total 349696K, used 349693K [0x00000000e0000000, 0x00000000f5580000, 0x00000000f5580000)
  object space 349696K, 99% used [0x00000000e0000000,0x00000000f557f5a0,0x00000000f5580000)
 Metaspace       used 62658K, committed 63680K, reserved 1114112K
  class space    used 6011K, committed 6464K, reserved 1048576K
}
Event: 1185.058 GC heap before
{Heap before GC invocations=868 (full 748):
 PSYoungGen      total 44544K, used 32256K [0x00000000f5580000, 0x00000000fab80000, 0x0000000100000000)
  eden space 32256K, 100% used [0x00000000f5580000,0x00000000f7500000,0x00000000f7500000)
  from space 12288K, 0% used [0x00000000f7500000,0x00000000f7500000,0x00000000f8100000)
  to   space 25088K, 0% used [0x00000000f9300000,0x00000000f9300000,0x00000000fab80000)
 ParOldGen       total 349696K, used 349694K [0x00000000e0000000, 0x00000000f5580000, 0x00000000f5580000)
  object space 349696K, 99% used [0x00000000e0000000,0x00000000f557fa98,0x00000000f5580000)
 Metaspace       used 62658K, committed 63680K, reserved 1114112K
  class space    used 6011K, committed 6464K, reserved 1048576K
}
Event: 1186.946 GC heap after
{Heap after GC invocations=868 (full 748):
 PSYoungGen      total 57344K, used 32255K [0x00000000f5580000, 0x00000000fab80000, 0x0000000100000000)
  eden space 32256K, 99% used [0x00000000f5580000,0x00000000f74fff00,0x00000000f7500000)
  from space 25088K, 0% used [0x00000000f9300000,0x00000000f9300000,0x00000000fab80000)
  to   space 12288K, 0% used [0x00000000f7500000,0x00000000f7500000,0x00000000f8100000)
 ParOldGen       total 349696K, used 349693K [0x00000000e0000000, 0x00000000f5580000, 0x00000000f5580000)
  object space 349696K, 99% used [0x00000000e0000000,0x00000000f557f7a0,0x00000000f5580000)
 Metaspace       used 62658K, committed 63680K, reserved 1114112K
  class space    used 6011K, committed 6464K, reserved 1048576K
}
Event: 1186.946 GC heap before
{Heap before GC invocations=869 (full 749):
 PSYoungGen      total 57344K, used 32255K [0x00000000f5580000, 0x00000000fab80000, 0x0000000100000000)
  eden space 32256K, 99% used [0x00000000f5580000,0x00000000f74fff00,0x00000000f7500000)
  from space 25088K, 0% used [0x00000000f9300000,0x00000000f9300000,0x00000000fab80000)
  to   space 12288K, 0% used [0x00000000f7500000,0x00000000f7500000,0x00000000f8100000)
 ParOldGen       total 349696K, used 349693K [0x00000000e0000000, 0x00000000f5580000, 0x00000000f5580000)
  object space 349696K, 99% used [0x00000000e0000000,0x00000000f557f7a0,0x00000000f5580000)
 Metaspace       used 62658K, committed 63680K, reserved 1114112K
  class space    used 6011K, committed 6464K, reserved 1048576K
}
Event: 1188.844 GC heap after
{Heap after GC invocations=869 (full 749):
 PSYoungGen      total 44544K, used 32255K [0x00000000f5580000, 0x00000000fab80000, 0x0000000100000000)
  eden space 32256K, 99% used [0x00000000f5580000,0x00000000f74fff00,0x00000000f7500000)
  from space 12288K, 0% used [0x00000000f7500000,0x00000000f7500000,0x00000000f8100000)
  to   space 25088K, 0% used [0x00000000f9300000,0x00000000f9300000,0x00000000fab80000)
 ParOldGen       total 349696K, used 349693K [0x00000000e0000000, 0x00000000f5580000, 0x00000000f5580000)
  object space 349696K, 99% used [0x00000000e0000000,0x00000000f557f7a0,0x00000000f5580000)
 Metaspace       used 62658K, committed 63680K, reserved 1114112K
  class space    used 6011K, committed 6464K, reserved 1048576K
}

Dll operation events (9 events):
Event: 0.002 Loaded shared library /nix/store/gpxl5qgg8kicmcvivwmybwjlpf7wh20l-graalvm17-ce-22.3.0/lib/libjava.so
Event: 0.033 Loaded shared library /nix/store/gpxl5qgg8kicmcvivwmybwjlpf7wh20l-graalvm17-ce-22.3.0/lib/libjsvml.so
Event: 0.358 Loaded shared library /nix/store/gpxl5qgg8kicmcvivwmybwjlpf7wh20l-graalvm17-ce-22.3.0/lib/libnio.so
Event: 0.370 Loaded shared library /nix/store/gpxl5qgg8kicmcvivwmybwjlpf7wh20l-graalvm17-ce-22.3.0/lib/libzip.so
Event: 0.372 Loaded shared library /nix/store/gpxl5qgg8kicmcvivwmybwjlpf7wh20l-graalvm17-ce-22.3.0/lib/libjvmcicompiler.so
Event: 0.932 Loaded shared library /nix/store/gpxl5qgg8kicmcvivwmybwjlpf7wh20l-graalvm17-ce-22.3.0/lib/libjimage.so
Event: 1.736 Loaded shared library /nix/store/gpxl5qgg8kicmcvivwmybwjlpf7wh20l-graalvm17-ce-22.3.0/lib/libnet.so
Event: 6.432 Loaded shared library /home/runner/.cache/jdt-language-server/config/org.eclipse.equinox.launcher/org.eclipse.equinox.launcher.gtk.linux.x86_64_1.2.400.v20211117-0650/eclipse_11600.so
Event: 16.934 Loaded shared library /nix/store/gpxl5qgg8kicmcvivwmybwjlpf7wh20l-graalvm17-ce-22.3.0/lib/libextnet.so

Deoptimization events (20 events):
Event: 167.565 Thread 0x00007f28f015a9c0 DEOPT PACKING pc=0x00007f297b1b75c6 sp=0x00007f29371fddc0
Event: 167.565 Thread 0x00007f28f015a9c0 DEOPT UNPACKING pc=0x00007f2973505325 sp=0x00007f29371fd278 mode 3
Event: 168.754 Thread 0x00007f28f015a9c0 DEOPT PACKING pc=0x00007f2974a0951a sp=0x00007f29371fdbc0
Event: 168.754 Thread 0x00007f28f015a9c0 DEOPT UNPACKING pc=0x00007f2973505325 sp=0x00007f29371fd0e8 mode 0
Event: 168.755 Thread 0x00007f28f015a9c0 DEOPT PACKING pc=0x00007f2974a09397 sp=0x00007f29371fdbc0
Event: 168.755 Thread 0x00007f28f015a9c0 DEOPT UNPACKING pc=0x00007f2973505325 sp=0x00007f29371fd0e8 mode 0
Event: 251.443 Thread 0x00007f28f011b4f0 Uncommon trap: trap_request=0xffffffcd fr.pc=0x00007f297b1dfaee relative=0x000000000000006e
Event: 251.443 Thread 0x00007f28f011b4f0 Uncommon trap: reason=intrinsic_or_type_checked_inlining action=reinterpret pc=0x00007f297b1dfaee method=org.eclipse.jdt.internal.core.JavaElement.getJavaProject()Lorg/eclipse/jdt/core/IJavaProject; @ 0 jvmci
Event: 251.443 Thread 0x00007f28f011b4f0 DEOPT PACKING pc=0x00007f297b1dfaee sp=0x00007f29377fde80
Event: 251.443 Thread 0x00007f28f011b4f0 DEOPT UNPACKING pc=0x00007f2973505325 sp=0x00007f29377fd328 mode 3
Event: 540.168 Thread 0x00007f28f011b4f0 DEOPT PACKING pc=0x00007f2974b14155 sp=0x00007f29377fd750
Event: 540.168 Thread 0x00007f28f011b4f0 DEOPT UNPACKING pc=0x00007f2973505325 sp=0x00007f29377fce18 mode 0
Event: 728.633 Thread 0x00007f28f011b4f0 Uncommon trap: trap_request=0xffffff8f fr.pc=0x00007f297b1deb0f relative=0x00000000000007cf
Event: 728.633 Thread 0x00007f28f011b4f0 Uncommon trap: reason=constraint action=none pc=0x00007f297b1deb0f method=org.eclipse.jdt.core.compiler.CharOperation.splitOn(C[CII)[[C @ 123 jvmci
Event: 728.633 Thread 0x00007f28f011b4f0 DEOPT PACKING pc=0x00007f297b1deb0f sp=0x00007f29377fd830
Event: 728.633 Thread 0x00007f28f011b4f0 DEOPT UNPACKING pc=0x00007f2973505325 sp=0x00007f29377fccb8 mode 3
Event: 745.478 Thread 0x00007f28f0157540 Uncommon trap: trap_request=0xffffff8f fr.pc=0x00007f297af9271e relative=0x00000000000002fe
Event: 745.478 Thread 0x00007f28f0157540 Uncommon trap: reason=constraint action=none pc=0x00007f297af9271e method=java.lang.String.substring(II)Ljava/lang/String; @ 22 jvmci
Event: 745.478 Thread 0x00007f28f0157540 DEOPT PACKING pc=0x00007f297af9271e sp=0x00007f29373fdb70
Event: 745.478 Thread 0x00007f28f0157540 DEOPT UNPACKING pc=0x00007f2973505325 sp=0x00007f29373fcff0 mode 3

Classes unloaded (20 events):
Event: 178.040 Thread 0x00007f298c0a1c10 Unloading class 0x0000000801123800 'jdk/internal/reflect/GeneratedSerializationConstructorAccessor10'
Event: 178.040 Thread 0x00007f298c0a1c10 Unloading class 0x0000000801123400 'jdk/internal/reflect/GeneratedSerializationConstructorAccessor9'
Event: 178.040 Thread 0x00007f298c0a1c10 Unloading class 0x0000000801123000 'jdk/internal/reflect/GeneratedSerializationConstructorAccessor8'
Event: 178.040 Thread 0x00007f298c0a1c10 Unloading class 0x0000000801086400 'jdk/internal/reflect/GeneratedSerializationConstructorAccessor2'
Event: 178.040 Thread 0x00007f298c0a1c10 Unloading class 0x0000000801086000 'jdk/internal/reflect/GeneratedSerializationConstructorAccessor1'
Event: 181.657 Thread 0x00007f298c0a1c10 Unloading class 0x00000008010e4c00 'jdk/internal/reflect/GeneratedMethodAccessor10'
Event: 181.657 Thread 0x00007f298c0a1c10 Unloading class 0x00000008010e4800 'jdk/internal/reflect/GeneratedMethodAccessor9'
Event: 181.657 Thread 0x00007f298c0a1c10 Unloading class 0x00000008010e4400 'jdk/internal/reflect/GeneratedMethodAccessor8'
Event: 181.657 Thread 0x00007f298c0a1c10 Unloading class 0x00000008010e4000 'jdk/internal/reflect/GeneratedMethodAccessor7'
Event: 181.657 Thread 0x00007f298c0a1c10 Unloading class 0x0000000801061400 'java/lang/invoke/LambdaForm$MH+0x0000000801061400'
Event: 181.657 Thread 0x00007f298c0a1c10 Unloading class 0x0000000801061000 'java/lang/invoke/LambdaForm$MH+0x0000000801061000'
Event: 181.657 Thread 0x00007f298c0a1c10 Unloading class 0x0000000801060c00 'java/lang/invoke/LambdaForm$MH+0x0000000801060c00'
Event: 181.657 Thread 0x00007f298c0a1c10 Unloading class 0x0000000801060800 'java/lang/invoke/LambdaForm$MH+0x0000000801060800'
Event: 181.657 Thread 0x00007f298c0a1c10 Unloading class 0x0000000801060400 'java/lang/invoke/LambdaForm$MH+0x0000000801060400'
Event: 181.657 Thread 0x00007f298c0a1c10 Unloading class 0x0000000801060000 'java/lang/invoke/LambdaForm$MH+0x0000000801060000'
Event: 181.657 Thread 0x00007f298c0a1c10 Unloading class 0x0000000800d98400 'java/lang/invoke/LambdaForm$MH+0x0000000800d98400'
Event: 193.442 Thread 0x00007f298c0a1c10 Unloading class 0x0000000801124000 'jdk/internal/reflect/GeneratedMethodAccessor11'
Event: 196.168 Thread 0x00007f298c0a1c10 Unloading class 0x000000080127c000 'jdk/internal/reflect/GeneratedConstructorAccessor46'
Event: 202.440 Thread 0x00007f298c0a1c10 Unloading class 0x0000000801274000 'jdk/internal/reflect/GeneratedConstructorAccessor45'
Event: 248.147 Thread 0x00007f298c0a1c10 Unloading class 0x00000008010be000 'jdk/internal/reflect/GeneratedConstructorAccessor29'

Classes redefined (0 events):
No events

Internal exceptions (20 events):
Event: 41.430 Thread 0x00007f298c3c2b70 Exception <a 'java/lang/reflect/InvocationTargetException'{0x00000000f5fea058}> (0x00000000f5fea058) 
thrown [src/hotspot/share/runtime/reflection.cpp, line 1119]
Event: 41.529 Thread 0x00007f298c3c2b70 Exception <a 'java/lang/reflect/InvocationTargetException'{0x00000000f55c4128}> (0x00000000f55c4128) 
thrown [src/hotspot/share/runtime/reflection.cpp, line 1119]
Event: 44.641 Thread 0x00007f291c001580 Implicit null exception at 0x00007f297b0ce369 to 0x00007f297b0ce51b
Event: 46.650 Thread 0x00007f29204ab3e0 Implicit null exception at 0x00007f297b199db2 to 0x00007f297b19e646
Event: 50.646 Thread 0x00007f298c3c2b70 Implicit null exception at 0x00007f297b0ceb43 to 0x00007f297b0cec9f
Event: 53.145 Thread 0x00007f28f015a9c0 Exception <a 'java/lang/NoSuchMethodError'{0x00000000f5774110}: 'java.lang.Object java.lang.invoke.DirectMethodHandle$Holder.invokeStatic(java.lang.Object, int, java.lang.Object, java.lang.Object, java.lang.Object, java.lang.Object)'> (0x00000000f5774110) 
thrown [src/hotspot/share/interpreter/linkResolver.cpp, line 758]
Event: 53.229 Thread 0x00007f28f015a9c0 Exception <a 'java/lang/NoSuchMethodError'{0x00000000f58810b0}: 'java.lang.Object java.lang.invoke.DirectMethodHandle$Holder.newInvokeSpecial(java.lang.Object, int, java.lang.Object, java.lang.Object, java.lang.Object)'> (0x00000000f58810b0) 
thrown [src/hotspot/share/interpreter/linkResolver.cpp, line 758]
Event: 53.235 Thread 0x00007f28f011e9d0 Exception <a 'java/lang/NoSuchMethodError'{0x00000000f5a25fd0}: 'java.lang.Object java.lang.invoke.DirectMethodHandle$Holder.newInvokeSpecial(java.lang.Object, java.lang.Object, int, java.lang.Object, java.lang.Object, java.lang.Object, java.lang.Object)'> (0x00000000f5a25fd0) 
thrown [src/hotspot/share/interpreter/linkResolver.cpp, line 758]
Event: 53.352 Thread 0x00007f28f011d4d0 Exception <a 'java/lang/NoSuchMethodError'{0x00000000f5dc8718}: 'void java.lang.invoke.DirectMethodHandle$Holder.invokeSpecial(java.lang.Object, java.lang.Object, int)'> (0x00000000f5dc8718) 
thrown [src/hotspot/share/interpreter/linkResolver.cpp, line 758]
Event: 54.355 Thread 0x00007f28f015a9c0 Exception <a 'java/lang/NoSuchMethodError'{0x00000000f66be8e8}: 'int java.lang.invoke.DirectMethodHandle$Holder.invokeSpecialIFC(java.lang.Object, java.lang.Object, java.lang.Object, java.lang.Object)'> (0x00000000f66be8e8) 
thrown [src/hotspot/share/interpreter/linkResolver.cpp, line 758]
Event: 248.675 Thread 0x00007f28f0157540 Exception <a 'java/lang/OutOfMemoryError'{0x00000000e000fde8}> (0x00000000e000fde8) 
thrown [src/hotspot/share/gc/shared/memAllocator.cpp, line 136]
Event: 252.823 Thread 0x00007f28f0157540 Exception <a 'java/lang/ClassNotFoundException'{0x00000000f74e2a48}: sun/util/logging/resources/spi/loggingProvider> (0x00000000f74e2a48) 
thrown [src/hotspot/share/classfile/systemDictionary.cpp, line 256]
Event: 728.633 Thread 0x00007f28f011b4f0 Exception <a 'java/lang/OutOfMemoryError'{0x00000000e00100b8}> (0x00000000e00100b8) 
thrown [src/hotspot/share/gc/shared/memAllocator.cpp, line 138]
Event: 728.633 Thread 0x00007f28f011b4f0 Implicit null exception at 0x00007f297b1de65d to 0x00007f297b1deaf4
Event: 735.476 Thread 0x00007f298c3c2b70 Exception <a 'java/lang/OutOfMemoryError'{0x00000000e0010108}> (0x00000000e0010108) 
thrown [src/hotspot/share/gc/shared/memAllocator.cpp, line 136]
Event: 745.478 Thread 0x00007f28f0157540 Exception <a 'java/lang/OutOfMemoryError'{0x00000000e000fde8}> (0x00000000e000fde8) 
thrown [src/hotspot/share/gc/shared/memAllocator.cpp, line 138]
Event: 745.478 Thread 0x00007f28f0157540 Implicit null exception at 0x00007f297af92612 to 0x00007f297af92703
Event: 749.260 Thread 0x00007f28f011b4f0 Exception <a 'java/lang/OutOfMemoryError'{0x00000000e0010108}> (0x00000000e0010108) 
thrown [src/hotspot/share/gc/shared/memAllocator.cpp, line 136]
Event: 761.575 Thread 0x00007f28f011b4f0 Exception <a 'java/lang/OutOfMemoryError'{0x00000000e0010108}> (0x00000000e0010108) 
thrown [src/hotspot/share/gc/shared/memAllocator.cpp, line 136]
Event: 1188.844 Thread 0x00007f298c0b2210 Exception <a 'java/lang/OutOfMemoryError'{0x00000000e0010108}> (0x00000000e0010108) 
thrown [src/hotspot/share/gc/shared/memAllocator.cpp, line 136]

VM Operations (20 events):
Event: 1169.155 Executing VM operation: ParallelGCFailedAllocation
Event: 1170.951 Executing VM operation: ParallelGCFailedAllocation done
Event: 1170.951 Executing VM operation: ParallelGCFailedAllocation
Event: 1172.760 Executing VM operation: ParallelGCFailedAllocation done
Event: 1172.760 Executing VM operation: ParallelGCFailedAllocation
Event: 1174.647 Executing VM operation: ParallelGCFailedAllocation done
Event: 1174.647 Executing VM operation: ParallelGCFailedAllocation
Event: 1176.361 Executing VM operation: ParallelGCFailedAllocation done
Event: 1176.361 Executing VM operation: ParallelGCFailedAllocation
Event: 1178.030 Executing VM operation: ParallelGCFailedAllocation done
Event: 1178.031 Executing VM operation: ParallelGCFailedAllocation
Event: 1179.756 Executing VM operation: ParallelGCFailedAllocation done
Event: 1179.756 Executing VM operation: ParallelGCFailedAllocation
Event: 1181.548 Executing VM operation: ParallelGCFailedAllocation done
Event: 1181.549 Executing VM operation: ParallelGCFailedAllocation
Event: 1183.329 Executing VM operation: ParallelGCFailedAllocation done
Event: 1183.329 Executing VM operation: ParallelGCFailedAllocation
Event: 1185.058 Executing VM operation: ParallelGCFailedAllocation done
Event: 1185.058 Executing VM operation: ParallelGCFailedAllocation
Event: 1188.844 Executing VM operation: ParallelGCFailedAllocation done

Events (20 events):
Event: 162.956 loading class java/util/concurrent/CancellationException done
Event: 162.956 loading class java/util/concurrent/CompletionException
Event: 162.956 loading class java/util/concurrent/CompletionException done
Event: 162.956 Thread 0x00007f28f01575b0 Thread exited: 0x00007f28f01575b0
Event: 164.167 Thread 0x00007f28f015a9c0 Thread added: 0x00007f28f015a9c0
Event: 164.167 Protecting memory [0x00007f2937100000,0x00007f2937104000] with protection modes 0
Event: 167.565 Thread 0x00007f28f011d4d0 Thread added: 0x00007f28f011d4d0
Event: 167.566 Protecting memory [0x00007f2937700000,0x00007f2937704000] with protection modes 0
Event: 167.627 Thread 0x00007f28f0157540 Thread added: 0x00007f28f0157540
Event: 167.627 Thread 0x00007f28f011d4d0 Thread exited: 0x00007f28f011d4d0
Event: 167.627 Protecting memory [0x00007f2938700000,0x00007f2938704000] with protection modes 0
Event: 248.728 Thread 0x00007f28f011b4f0 Thread added: 0x00007f28f011b4f0
Event: 248.729 Protecting memory [0x00007f2937700000,0x00007f2937704000] with protection modes 0
Event: 255.651 Thread 0x00007f28f0157540 Thread exited: 0x00007f28f0157540
Event: 396.439 Thread 0x00007f28f4435de0 Thread exited: 0x00007f28f4435de0
Event: 582.076 Thread 0x00007f28f0157540 Thread added: 0x00007f28f0157540
Event: 582.076 Protecting memory [0x00007f2937300000,0x00007f2937304000] with protection modes 0
Event: 766.974 Thread 0x00007f28f011b4f0 Thread exited: 0x00007f28f011b4f0
Event: 766.975 Thread 0x00007f28f0157540 Thread exited: 0x00007f28f0157540
Event: 825.146 Thread 0x00007f298c3c2b70 Thread exited: 0x00007f298c3c2b70


Dynamic libraries:
e0000000-f5580000 rw-p 00000000 00:00 0 
f5580000-fab80000 rw-p 00000000 00:00 0 
fab80000-100000000 ---p 00000000 00:00 0 
800000000-800449000 rw-p 00001000 00:19b4 4611686019135357769            /nix/store/gpxl5qgg8kicmcvivwmybwjlpf7wh20l-graalvm17-ce-22.3.0/lib/server/classes.jsa
800449000-800bc8000 r--p 0044a000 00:19b4 4611686019135357769            /nix/store/gpxl5qgg8kicmcvivwmybwjlpf7wh20l-graalvm17-ce-22.3.0/lib/server/classes.jsa
800bc8000-800c00000 ---p 00000000 00:00 0 
800c00000-800c20000 rw-p 00000000 00:00 0 
800c20000-800c40000 rw-p 00000000 00:00 0 
800c40000-800cc0000 rw-p 00000000 00:00 0 
800cc0000-800d00000 rw-p 00000000 00:00 0 
800d00000-800dc0000 rw-p 00000000 00:00 0 
800dc0000-800e00000 rw-p 00000000 00:00 0 
800e00000-800f40000 rw-p 00000000 00:00 0 
800f40000-800fc0000 rw-p 00000000 00:00 0 
800fc0000-801000000 rw-p 00000000 00:00 0 
801000000-8011c0000 rw-p 00000000 00:00 0 
8011c0000-8011d0000 rw-p 00000000 00:00 0 
8011d0000-801200000 ---p 00000000 00:00 0 
801200000-801280000 rw-p 00000000 00:00 0 
801280000-840c00000 ---p 00000000 00:00 0 
557a5a258000-557a5a259000 r-xp 00000000 00:19b4 4611686019099417844      /nix/store/gpxl5qgg8kicmcvivwmybwjlpf7wh20l-graalvm17-ce-22.3.0/bin/.java-wrapped
557a5a25a000-557a5a25b000 r--p 00001000 00:19b4 4611686019099417844      /nix/store/gpxl5qgg8kicmcvivwmybwjlpf7wh20l-graalvm17-ce-22.3.0/bin/.java-wrapped
557a5a25b000-557a5a25c000 rw-p 00002000 00:19b4 4611686019099417844      /nix/store/gpxl5qgg8kicmcvivwmybwjlpf7wh20l-graalvm17-ce-22.3.0/bin/.java-wrapped
557a5a25c000-557a5a25d000 rw-p 00004000 00:19b4 4611686019099417844      /nix/store/gpxl5qgg8kicmcvivwmybwjlpf7wh20l-graalvm17-ce-22.3.0/bin/.java-wrapped
557a5a25d000-557a5a25e000 rw-p 00005000 00:19b4 4611686019099417844      /nix/store/gpxl5qgg8kicmcvivwmybwjlpf7wh20l-graalvm17-ce-22.3.0/bin/.java-wrapped
557a5bde9000-557a5be31000 rw-p 00000000 00:00 0                          [heap]
7f28a0000000-7f28a0096000 rw-p 00000000 00:00 0 
7f28a0096000-7f28a4000000 ---p 00000000 00:00 0 
7f28a8000000-7f28a8036000 rw-p 00000000 00:00 0 
7f28a8036000-7f28ac000000 ---p 00000000 00:00 0 
7f28ac000000-7f28ac046000 rw-p 00000000 00:00 0 
7f28ac046000-7f28b0000000 ---p 00000000 00:00 0 
7f28b0000000-7f28b0025000 rw-p 00000000 00:00 0 
7f28b0025000-7f28b4000000 ---p 00000000 00:00 0 
7f28b4000000-7f28b4021000 rw-p 00000000 00:00 0 
7f28b4021000-7f28b8000000 ---p 00000000 00:00 0 
7f28b8000000-7f28b8021000 rw-p 00000000 00:00 0 
7f28b8021000-7f28bc000000 ---p 00000000 00:00 0 
7f28bc000000-7f28bc03b000 rw-p 00000000 00:00 0 
7f28bc03b000-7f28c0000000 ---p 00000000 00:00 0 
7f28c0000000-7f28c0021000 rw-p 00000000 00:00 0 
7f28c0021000-7f28c4000000 ---p 00000000 00:00 0 
7f28c4000000-7f28c4059000 rw-p 00000000 00:00 0 
7f28c4059000-7f28c8000000 ---p 00000000 00:00 0 
7f28c8000000-7f28c8021000 rw-p 00000000 00:00 0 
7f28c8021000-7f28cc000000 ---p 00000000 00:00 0 
7f28cc000000-7f28cc04c000 rw-p 00000000 00:00 0 
7f28cc04c000-7f28d0000000 ---p 00000000 00:00 0 
7f28d0000000-7f28d0026000 rw-p 00000000 00:00 0 
7f28d0026000-7f28d4000000 ---p 00000000 00:00 0 
7f28d4000000-7f28d4021000 rw-p 00000000 00:00 0 
7f28d4021000-7f28d8000000 ---p 00000000 00:00 0 
7f28d8000000-7f28d8021000 rw-p 00000000 00:00 0 
7f28d8021000-7f28dc000000 ---p 00000000 00:00 0 
7f28de4b3000-7f28e8000000 r--s 00000000 00:19b4 4611686019135192581      /nix/store/gpxl5qgg8kicmcvivwmybwjlpf7wh20l-graalvm17-ce-22.3.0/lib/modules
7f28e8000000-7f28e8021000 rw-p 00000000 00:00 0 
7f28e8021000-7f28ec000000 ---p 00000000 00:00 0 
7f28ec000000-7f28ec049000 rw-p 00000000 00:00 0 
7f28ec049000-7f28f0000000 ---p 00000000 00:00 0 
7f28f0000000-7f28f01b5000 rw-p 00000000 00:00 0 
7f28f01b5000-7f28f4000000 ---p 00000000 00:00 0 
7f28f4000000-7f28f45b4000 rw-p 00000000 00:00 0 
7f28f45b4000-7f28f8000000 ---p 00000000 00:00 0 
7f28f8000000-7f28f8021000 rw-p 00000000 00:00 0 
7f28f8021000-7f28fc000000 ---p 00000000 00:00 0 
7f28fc000000-7f28fc108000 rw-p 00000000 00:00 0 
7f28fc108000-7f2900000000 ---p 00000000 00:00 0 
7f2900000000-7f2900021000 rw-p 00000000 00:00 0 
7f2900021000-7f2904000000 ---p 00000000 00:00 0 
7f2904800000-7f2904f60000 rw-p 00000000 00:00 0 
7f2904f60000-7f2904fc0000 rw-p 00000000 00:00 0 
7f2904fc0000-7f2905000000 rw-p 00000000 00:00 0 
7f2906000000-7f2906300000 rw-p 00000000 00:00 0 
7f2906300000-7f29063c0000 rw-p 00000000 00:00 0 
7f29063c0000-7f2906400000 ---p 00000000 00:00 0 
7f2906400000-7f2906800000 rw-p 00000000 00:00 0 
7f2906800000-7f2906b00000 rw-p 00000000 00:00 0 
7f2906b00000-7f2906c00000 rw-p 00000000 00:00 0 
7f2906c00000-7f2907000000 rw-p 00000000 00:00 0 
7f2907000000-7f2907100000 rw-p 00000000 00:00 0 
7f2907100000-7f2907300000 rw-p 00000000 00:00 0 
7f2907300000-7f2907400000 rw-p 00000000 00:00 0 
7f2907400000-7f2907500000 rw-p 00000000 00:00 0 
7f2907500000-7f2907600000 rw-p 00000000 00:00 0 
7f2907600000-7f29077c0000 rw-p 00000000 00:00 0 
7f29077c0000-7f2907800000 rw-p 00000000 00:00 0 
7f2907800000-7f2907900000 rw-p 00000000 00:00 0 
7f2907900000-7f2907a00000 rw-p 00000000 00:00 0 
7f2907a00000-7f2907f80000 rw-p 00000000 00:00 0 
7f2907f80000-7f2908000000 rw-p 00000000 00:00 0 
7f2908000000-7f29082f0000 rw-p 00000000 00:00 0 
7f29082f0000-7f290c000000 ---p 00000000 00:00 0 
7f290c000000-7f290c062000 rw-p 00000000 00:00 0 
7f290c062000-7f2910000000 ---p 00000000 00:00 0 
7f2910000000-7f2910021000 rw-p 00000000 00:00 0 
7f2910021000-7f2914000000 ---p 00000000 00:00 0 
7f2914000000-7f2914076000 rw-p 00000000 00:00 0 
7f2914076000-7f2918000000 ---p 00000000 00:00 0 
7f2918000000-7f2918021000 rw-p 00000000 00:00 0 
7f2918021000-7f291c000000 ---p 00000000 00:00 0 
7f291c000000-7f291c021000 rw-p 00000000 00:00 0 
7f291c021000-7f2920000000 ---p 00000000 00:00 0 
7f2920000000-7f29208e0000 rw-p 00000000 00:00 0 
7f29208e0000-7f2924000000 ---p 00000000 00:00 0 
7f2924000000-7f2924021000 rw-p 00000000 00:00 0 
7f2924021000-7f2928000000 ---p 00000000 00:00 0 
7f2928000000-7f2928021000 rw-p 00000000 00:00 0 
7f2928021000-7f292c000000 ---p 00000000 00:00 0 
7f292c000000-7f292c021000 rw-p 00000000 00:00 0 
7f292c021000-7f2930000000 ---p 00000000 00:00 0 
7f2930000000-7f2930021000 rw-p 00000000 00:00 0 
7f2930021000-7f2934000000 ---p 00000000 00:00 0 
7f2934400000-7f2934500000 rw-p 00000000 00:00 0 
7f2934500000-7f2934600000 rw-p 00000000 00:00 0 
7f2934600000-7f2934900000 rw-p 00000000 00:00 0 
7f2934900000-7f2934a00000 rw-p 00000000 00:00 0 
7f2934a00000-7f2934c00000 rw-p 00000000 00:00 0 
7f2934c00000-7f2934c10000 r-xp 00000000 00:19b1 358                      /home/runner/.cache/jdt-language-server/config/org.eclipse.equinox.launcher/org.eclipse.equinox.launcher.gtk.linux.x86_64_1.2.400.v20211117-0650/eclipse_11600.so
7f2934c10000-7f2934e0f000 ---p 00010000 00:19b1 358                      /home/runner/.cache/jdt-language-server/config/org.eclipse.equinox.launcher/org.eclipse.equinox.launcher.gtk.linux.x86_64_1.2.400.v20211117-0650/eclipse_11600.so
7f2934e0f000-7f2934e10000 r--p 0000f000 00:19b1 358                      /home/runner/.cache/jdt-language-server/config/org.eclipse.equinox.launcher/org.eclipse.equinox.launcher.gtk.linux.x86_64_1.2.400.v20211117-0650/eclipse_11600.so
7f2934e10000-7f2934e11000 rw-p 00010000 00:19b1 358                      /home/runner/.cache/jdt-language-server/config/org.eclipse.equinox.launcher/org.eclipse.equinox.launcher.gtk.linux.x86_64_1.2.400.v20211117-0650/eclipse_11600.so
7f2935200000-7f2935300000 ---p 00000000 00:00 0 
7f2935300000-7f29358af000 r--p 01122000 00:19b4 4611686019135190040      /nix/store/gpxl5qgg8kicmcvivwmybwjlpf7wh20l-graalvm17-ce-22.3.0/lib/libjvmcicompiler.so
7f29358af000-7f2935a00000 r--p 00000000 00:00 0 
7f2935a00000-7f2935a3d000 rw-p 00000000 00:00 0 
7f2935a3d000-7f2935f5d000 rw-p 0185f000 00:19b4 4611686019135190040      /nix/store/gpxl5qgg8kicmcvivwmybwjlpf7wh20l-graalvm17-ce-22.3.0/lib/libjvmcicompiler.so
7f2935f5d000-7f2936344000 r--p 01d7f000 00:19b4 4611686019135190040      /nix/store/gpxl5qgg8kicmcvivwmybwjlpf7wh20l-graalvm17-ce-22.3.0/lib/libjvmcicompiler.so
7f2936400000-7f2936420000 rw-p 00000000 00:00 0 
7f2936420000-7f2936c00000 ---p 00000000 00:00 0 
7f2936e00000-7f2936e04000 ---p 00000000 00:00 0 
7f2936e04000-7f2936f00000 rw-p 00000000 00:00 0 
7f2936f00000-7f2936f04000 ---p 00000000 00:00 0 
7f2936f04000-7f2937000000 rw-p 00000000 00:00 0 
7f2937000000-7f2937004000 ---p 00000000 00:00 0 
7f2937004000-7f2937100000 rw-p 00000000 00:00 0 
7f2937100000-7f2937104000 ---p 00000000 00:00 0 
7f2937104000-7f2937200000 rw-p 00000000 00:00 0 
7f2937300000-7f2937304000 ---p 00000000 00:00 0 
7f2937304000-7f2937400000 rw-p 00000000 00:00 0 
7f2937400000-7f2937404000 ---p 00000000 00:00 0 
7f2937404000-7f2937500000 rw-p 00000000 00:00 0 
7f2937500000-7f2937504000 ---p 00000000 00:00 0 
7f2937504000-7f2937600000 rw-p 00000000 00:00 0 
7f2937600000-7f2937604000 ---p 00000000 00:00 0 
7f2937604000-7f2937700000 rw-p 00000000 00:00 0 
7f2937700000-7f2937704000 ---p 00000000 00:00 0 
7f2937704000-7f2937800000 rw-p 00000000 00:00 0 
7f2937900000-7f2937904000 ---p 00000000 00:00 0 
7f2937904000-7f2937a00000 rw-p 00000000 00:00 0 
7f2937a00000-7f2937a04000 ---p 00000000 00:00 0 
7f2937a04000-7f2937b00000 rw-p 00000000 00:00 0 
7f2937b00000-7f2937b04000 ---p 00000000 00:00 0 
7f2937b04000-7f2937c00000 rw-p 00000000 00:00 0 
7f2937c00000-7f2937c04000 ---p 00000000 00:00 0 
7f2937c04000-7f2937d00000 rw-p 00000000 00:00 0 
7f2937d00000-7f2937d04000 ---p 00000000 00:00 0 
7f2937d04000-7f2937e00000 rw-p 00000000 00:00 0 
7f2937f00000-7f2937f04000 ---p 00000000 00:00 0 
7f2937f04000-7f2938000000 rw-p 00000000 00:00 0 
7f2938000000-7f2938004000 ---p 00000000 00:00 0 
7f2938004000-7f2938100000 rw-p 00000000 00:00 0 
7f2938100000-7f2938104000 ---p 00000000 00:00 0 
7f2938104000-7f2938200000 rw-p 00000000 00:00 0 
7f2938300000-7f2938304000 ---p 00000000 00:00 0 
7f2938304000-7f2938400000 rw-p 00000000 00:00 0 
7f2938500000-7f2938504000 ---p 00000000 00:00 0 
7f2938504000-7f2938600000 rw-p 00000000 00:00 0 
7f2938700000-7f2938704000 ---p 00000000 00:00 0 
7f2938704000-7f2938800000 rw-p 00000000 00:00 0 
7f2938800000-7f2938804000 ---p 00000000 00:00 0 
7f2938804000-7f2938900000 rw-p 00000000 00:00 0 
7f2938900000-7f2938904000 ---p 00000000 00:00 0 
7f2938904000-7f2938a00000 rw-p 00000000 00:00 0 
7f2939668000-7f2939b00000 rw-p 00000000 00:00 0 
7f2939c00000-7f293bd6a000 r-xp 00000000 00:19b4 4611686019135190040      /nix/store/gpxl5qgg8kicmcvivwmybwjlpf7wh20l-graalvm17-ce-22.3.0/lib/libjvmcicompiler.so
7f293bd6a000-7f293bf69000 ---p 0216a000 00:19b4 4611686019135190040      /nix/store/gpxl5qgg8kicmcvivwmybwjlpf7wh20l-graalvm17-ce-22.3.0/lib/libjvmcicompiler.so
7f293bf69000-7f293bf6a000 r--p 02169000 00:19b4 4611686019135190040      /nix/store/gpxl5qgg8kicmcvivwmybwjlpf7wh20l-graalvm17-ce-22.3.0/lib/libjvmcicompiler.so
7f293bf6a000-7f293bf6c000 rw-p 0216a000 00:19b4 4611686019135190040      /nix/store/gpxl5qgg8kicmcvivwmybwjlpf7wh20l-graalvm17-ce-22.3.0/lib/libjvmcicompiler.so
7f293bf6c000-7f293bf6d000 rw-p 00000000 00:00 0 
7f293bf6d000-7f293bf72000 rw-p 023c3000 00:19b4 4611686019135190040      /nix/store/gpxl5qgg8kicmcvivwmybwjlpf7wh20l-graalvm17-ce-22.3.0/lib/libjvmcicompiler.so
7f293c000000-7f293c021000 rw-p 00000000 00:00 0 
7f293c021000-7f2940000000 ---p 00000000 00:00 0 
7f2940000000-7f2940021000 rw-p 00000000 00:00 0 
7f2940021000-7f2944000000 ---p 00000000 00:00 0 
7f2944000000-7f2944021000 rw-p 00000000 00:00 0 
7f2944021000-7f2948000000 ---p 00000000 00:00 0 
7f2948000000-7f2948021000 rw-p 00000000 00:00 0 
7f2948021000-7f294c000000 ---p 00000000 00:00 0 
7f294c000000-7f294c0d2000 rw-p 00000000 00:00 0 
7f294c0d2000-7f2950000000 ---p 00000000 00:00 0 
7f2950000000-7f2950bdb000 rw-p 00000000 00:00 0 
7f2950bdb000-7f2954000000 ---p 00000000 00:00 0 
7f2954000000-7f2954021000 rw-p 00000000 00:00 0 
7f2954021000-7f2958000000 ---p 00000000 00:00 0 
7f2958000000-7f2958021000 rw-p 00000000 00:00 0 
7f2958021000-7f295c000000 ---p 00000000 00:00 0 
7f295c000000-7f295c021000 rw-p 00000000 00:00 0 
7f295c021000-7f2960000000 ---p 00000000 00:00 0 
7f2960000000-7f2960021000 rw-p 00000000 00:00 0 
7f2960021000-7f2964000000 ---p 00000000 00:00 0 
7f2964000000-7f2964021000 rw-p 00000000 00:00 0 
7f2964021000-7f2968000000 ---p 00000000 00:00 0 
7f2968000000-7f2968021000 rw-p 00000000 00:00 0 
7f2968021000-7f296c000000 ---p 00000000 00:00 0 
7f296c000000-7f296c1ec000 rw-p 00000000 00:00 0 
7f296c1ec000-7f2970000000 ---p 00000000 00:00 0 
7f2970000000-7f2970004000 ---p 00000000 00:00 0 
7f2970004000-7f2970100000 rw-p 00000000 00:00 0 
7f2970100000-7f2970104000 ---p 00000000 00:00 0 
7f2970104000-7f2970200000 rw-p 00000000 00:00 0 
7f2970200000-7f2970204000 ---p 00000000 00:00 0 
7f2970204000-7f2970300000 rw-p 00000000 00:00 0 
7f2970300000-7f2970304000 ---p 00000000 00:00 0 
7f2970304000-7f2970400000 rw-p 00000000 00:00 0 
7f2970400000-7f2970404000 ---p 00000000 00:00 0 
7f2970404000-7f2970500000 rw-p 00000000 00:00 0 
7f2970500000-7f2970504000 ---p 00000000 00:00 0 
7f2970504000-7f2970600000 rw-p 00000000 00:00 0 
7f2970600000-7f2970604000 ---p 00000000 00:00 0 
7f2970604000-7f2970700000 rw-p 00000000 00:00 0 
7f2970800000-7f2970804000 ---p 00000000 00:00 0 
7f2970804000-7f2970900000 rw-p 00000000 00:00 0 
7f2970946000-7f297094a000 ---p 00000000 00:00 0 
7f297094a000-7f2970a46000 rw-p 00000000 00:00 0 
7f2970a46000-7f2970a47000 ---p 00000000 00:00 0 
7f2970a47000-7f2970b48000 rw-p 00000000 00:00 0 
7f2970b48000-7f2970b4c000 ---p 00000000 00:00 0 
7f2970b4c000-7f2970c48000 rw-p 00000000 00:00 0 
7f2970c48000-7f2970c4c000 ---p 00000000 00:00 0 
7f2970c4c000-7f2970d48000 rw-p 00000000 00:00 0 
7f2970d48000-7f2970d4c000 ---p 00000000 00:00 0 
7f2970d4c000-7f2970e48000 rw-p 00000000 00:00 0 
7f2970e48000-7f2970e4c000 ---p 00000000 00:00 0 
7f2970e4c000-7f2971048000 rw-p 00000000 00:00 0 
7f2971048000-7f297104c000 ---p 00000000 00:00 0 
7f297104c000-7f2971248000 rw-p 00000000 00:00 0 
7f2971248000-7f297124c000 ---p 00000000 00:00 0 
7f297124c000-7f2971348000 rw-p 00000000 00:00 0 
7f2971348000-7f297134c000 ---p 00000000 00:00 0 
7f297134c000-7f2971448000 rw-p 00000000 00:00 0 
7f2971448000-7f297144c000 ---p 00000000 00:00 0 
7f297144c000-7f2971548000 rw-p 00000000 00:00 0 
7f2971548000-7f297182e000 r--p 00000000 00:19a5 28444448                 /usr/lib/locale/locale-archive
7f297182e000-7f2971832000 ---p 00000000 00:00 0 
7f2971832000-7f297192e000 rw-p 00000000 00:00 0 
7f297192e000-7f2971932000 ---p 00000000 00:00 0 
7f2971932000-7f2971a2e000 rw-p 00000000 00:00 0 
7f2971a2e000-7f2971a2f000 ---p 00000000 00:00 0 
7f2971a2f000-7f2971b30000 rw-p 00000000 00:00 0 
7f2971b30000-7f2971bfe000 r-xp 00000000 00:19b4 4611686019135190036      /nix/store/gpxl5qgg8kicmcvivwmybwjlpf7wh20l-graalvm17-ce-22.3.0/lib/libjsvml.so
7f2971bfe000-7f2971bff000 r--p 000cd000 00:19b4 4611686019135190036      /nix/store/gpxl5qgg8kicmcvivwmybwjlpf7wh20l-graalvm17-ce-22.3.0/lib/libjsvml.so
7f2971bff000-7f2971c00000 rw-p 000ce000 00:19b4 4611686019135190036      /nix/store/gpxl5qgg8kicmcvivwmybwjlpf7wh20l-graalvm17-ce-22.3.0/lib/libjsvml.so
7f2971c00000-7f2972000000 rw-p 00000000 00:00 0 
7f2972000000-7f2972300000 rw-p 00000000 00:00 0 
7f2972300000-7f2972400000 rw-p 00000000 00:00 0 
7f29724b3000-7f29734b3000 rw-p 00000000 00:00 0 
7f29734b3000-7f2973723000 rwxp 00000000 00:00 0 
7f2973723000-7f2973a42000 ---p 00000000 00:00 0 
7f2973a42000-7f2974da2000 rwxp 00000000 00:00 0 
7f2974da2000-7f297af7a000 ---p 00000000 00:00 0 
7f297af7a000-7f297b21a000 rwxp 00000000 00:00 0 
7f297b21a000-7f29824b3000 ---p 00000000 00:00 0 
7f29824b3000-7f298c000000 r--s 00000000 00:19b4 4611686019135192581      /nix/store/gpxl5qgg8kicmcvivwmybwjlpf7wh20l-graalvm17-ce-22.3.0/lib/modules
7f298c000000-7f298c602000 rw-p 00000000 00:00 0 
7f298c602000-7f2990000000 ---p 00000000 00:00 0 
7f2990067000-7f2990069000 r-xp 00000000 00:19b4 4611686019135190017      /nix/store/gpxl5qgg8kicmcvivwmybwjlpf7wh20l-graalvm17-ce-22.3.0/lib/libextnet.so
7f2990069000-7f299006a000 r--p 00001000 00:19b4 4611686019135190017      /nix/store/gpxl5qgg8kicmcvivwmybwjlpf7wh20l-graalvm17-ce-22.3.0/lib/libextnet.so
7f299006a000-7f299006b000 rw-p 00002000 00:19b4 4611686019135190017      /nix/store/gpxl5qgg8kicmcvivwmybwjlpf7wh20l-graalvm17-ce-22.3.0/lib/libextnet.so
7f299006b000-7f299006c000 rw-p 00004000 00:19b4 4611686019135190017      /nix/store/gpxl5qgg8kicmcvivwmybwjlpf7wh20l-graalvm17-ce-22.3.0/lib/libextnet.so
7f299006c000-7f2990070000 ---p 00000000 00:00 0 
7f2990070000-7f299008e000 rw-p 00000000 00:00 0 
7f299008e000-7f2990095000 r-xp 00000000 00:19b4 4611686019135192580      /nix/store/gpxl5qgg8kicmcvivwmybwjlpf7wh20l-graalvm17-ce-22.3.0/lib/libzip.so
7f2990095000-7f2990096000 ---p 00007000 00:19b4 4611686019135192580      /nix/store/gpxl5qgg8kicmcvivwmybwjlpf7wh20l-graalvm17-ce-22.3.0/lib/libzip.so
7f2990096000-7f2990097000 r--p 00007000 00:19b4 4611686019135192580      /nix/store/gpxl5qgg8kicmcvivwmybwjlpf7wh20l-graalvm17-ce-22.3.0/lib/libzip.so
7f2990097000-7f2990098000 rw-p 00008000 00:19b4 4611686019135192580      /nix/store/gpxl5qgg8kicmcvivwmybwjlpf7wh20l-graalvm17-ce-22.3.0/lib/libzip.so
7f2990098000-7f299009a000 rw-p 0000b000 00:19b4 4611686019135192580      /nix/store/gpxl5qgg8kicmcvivwmybwjlpf7wh20l-graalvm17-ce-22.3.0/lib/libzip.so
7f299009a000-7f29900af000 r-xp 00000000 00:19b4 4611686019135192570      /nix/store/gpxl5qgg8kicmcvivwmybwjlpf7wh20l-graalvm17-ce-22.3.0/lib/libnet.so
7f29900af000-7f29900b0000 ---p 00015000 00:19b4 4611686019135192570      /nix/store/gpxl5qgg8kicmcvivwmybwjlpf7wh20l-graalvm17-ce-22.3.0/lib/libnet.so
7f29900b0000-7f29900b1000 r--p 00015000 00:19b4 4611686019135192570      /nix/store/gpxl5qgg8kicmcvivwmybwjlpf7wh20l-graalvm17-ce-22.3.0/lib/libnet.so
7f29900b1000-7f29900b2000 rw-p 00016000 00:19b4 4611686019135192570      /nix/store/gpxl5qgg8kicmcvivwmybwjlpf7wh20l-graalvm17-ce-22.3.0/lib/libnet.so
7f29900b2000-7f29900b5000 rw-p 0001b000 00:19b4 4611686019135192570      /nix/store/gpxl5qgg8kicmcvivwmybwjlpf7wh20l-graalvm17-ce-22.3.0/lib/libnet.so
7f29900b5000-7f29900c8000 r-xp 00000000 00:19b4 4611686019135192571      /nix/store/gpxl5qgg8kicmcvivwmybwjlpf7wh20l-graalvm17-ce-22.3.0/lib/libnio.so
7f29900c8000-7f29900c9000 r--p 00012000 00:19b4 4611686019135192571      /nix/store/gpxl5qgg8kicmcvivwmybwjlpf7wh20l-graalvm17-ce-22.3.0/lib/libnio.so
7f29900c9000-7f29900ca000 rw-p 00013000 00:19b4 4611686019135192571      /nix/store/gpxl5qgg8kicmcvivwmybwjlpf7wh20l-graalvm17-ce-22.3.0/lib/libnio.so
7f29900ca000-7f29900cf000 rw-p 00019000 00:19b4 4611686019135192571      /nix/store/gpxl5qgg8kicmcvivwmybwjlpf7wh20l-graalvm17-ce-22.3.0/lib/libnio.so
7f29900cf000-7f29909a7000 rw-p 00000000 00:00 0 
7f29909a7000-7f29909a8000 ---p 00000000 00:00 0 
7f29909a8000-7f2990b53000 rw-p 00000000 00:00 0 
7f2990b53000-7f2990b7f000 rw-p 00000000 00:00 0 
7f2990b7f000-7f2990ba9000 ---p 00000000 00:00 0 
7f2990ba9000-7f2990bb0000 rw-p 00000000 00:00 0 
7f2990bb0000-7f2990c95000 ---p 00000000 00:00 0 
7f2990c95000-7f2990cbc000 rw-p 00000000 00:00 0 
7f2990cbc000-7f2990d80000 ---p 00000000 00:00 0 
7f2990d80000-7f2990d85000 rw-p 00000000 00:00 0 
7f2990d85000-7f2990d8c000 ---p 00000000 00:00 0 
7f2990d8c000-7f2990db0000 r-xp 00000000 00:19b4 4611686019135190028      /nix/store/gpxl5qgg8kicmcvivwmybwjlpf7wh20l-graalvm17-ce-22.3.0/lib/libjava.so
7f2990db0000-7f2990db1000 ---p 00024000 00:19b4 4611686019135190028      /nix/store/gpxl5qgg8kicmcvivwmybwjlpf7wh20l-graalvm17-ce-22.3.0/lib/libjava.so
7f2990db1000-7f2990db2000 r--p 00024000 00:19b4 4611686019135190028      /nix/store/gpxl5qgg8kicmcvivwmybwjlpf7wh20l-graalvm17-ce-22.3.0/lib/libjava.so
7f2990db2000-7f2990db3000 rw-p 00025000 00:19b4 4611686019135190028      /nix/store/gpxl5qgg8kicmcvivwmybwjlpf7wh20l-graalvm17-ce-22.3.0/lib/libjava.so
7f2990db3000-7f2990db4000 rw-p 00000000 00:00 0 
7f2990db4000-7f2990dbb000 rw-p 0002f000 00:19b4 4611686019135190028      /nix/store/gpxl5qgg8kicmcvivwmybwjlpf7wh20l-graalvm17-ce-22.3.0/lib/libjava.so
7f2990dbb000-7f2990dc3000 rw-s 00000000 00:19a2 355                      /tmp/hsperfdata_runner/28
7f2990dc3000-7f2990dc4000 ---p 00000000 00:00 0 
7f2990dc4000-7f2990dc5000 r--p 00000000 00:00 0 
7f2990dc5000-7f2990dc6000 rwxp 00000000 00:00 0 
7f2990dc6000-7f2990de1000 r-xp 00000000 00:19b4 4611686019135190032      /nix/store/gpxl5qgg8kicmcvivwmybwjlpf7wh20l-graalvm17-ce-22.3.0/lib/libjimage.so
7f2990de1000-7f2990de2000 ---p 0001b000 00:19b4 4611686019135190032      /nix/store/gpxl5qgg8kicmcvivwmybwjlpf7wh20l-graalvm17-ce-22.3.0/lib/libjimage.so
7f2990de2000-7f2990de4000 r--p 0001b000 00:19b4 4611686019135190032      /nix/store/gpxl5qgg8kicmcvivwmybwjlpf7wh20l-graalvm17-ce-22.3.0/lib/libjimage.so
7f2990de4000-7f2990de5000 rw-p 0001d000 00:19b4 4611686019135190032      /nix/store/gpxl5qgg8kicmcvivwmybwjlpf7wh20l-graalvm17-ce-22.3.0/lib/libjimage.so
7f2990de5000-7f2990de6000 rw-p 00024000 00:19b4 4611686019135190032      /nix/store/gpxl5qgg8kicmcvivwmybwjlpf7wh20l-graalvm17-ce-22.3.0/lib/libjimage.so
7f2990de6000-7f2990dea000 ---p 00000000 00:00 0 
7f2990dea000-7f2990ee6000 rw-p 00000000 00:00 0 
7f2990ee6000-7f2990ef4000 r--p 00000000 00:19b4 4611686019027979927      /nix/store/4nlgxhb09sdr51nc9hdm8az5b08vzkgx-glibc-2.35-163/lib/libm.so.6
7f2990ef4000-7f2990f67000 r-xp 0000e000 00:19b4 4611686019027979927      /nix/store/4nlgxhb09sdr51nc9hdm8az5b08vzkgx-glibc-2.35-163/lib/libm.so.6
7f2990f67000-7f2990fc4000 r--p 00081000 00:19b4 4611686019027979927      /nix/store/4nlgxhb09sdr51nc9hdm8az5b08vzkgx-glibc-2.35-163/lib/libm.so.6
7f2990fc4000-7f2990fc5000 r--p 000dd000 00:19b4 4611686019027979927      /nix/store/4nlgxhb09sdr51nc9hdm8az5b08vzkgx-glibc-2.35-163/lib/libm.so.6
7f2990fc5000-7f2990fc6000 rw-p 000de000 00:19b4 4611686019027979927      /nix/store/4nlgxhb09sdr51nc9hdm8az5b08vzkgx-glibc-2.35-163/lib/libm.so.6
7f2990fc6000-7f2990fc7000 r--p 00000000 00:19b4 4611686019027979946      /nix/store/4nlgxhb09sdr51nc9hdm8az5b08vzkgx-glibc-2.35-163/lib/librt.so.1
7f2990fc7000-7f2990fc8000 r-xp 00001000 00:19b4 4611686019027979946      /nix/store/4nlgxhb09sdr51nc9hdm8az5b08vzkgx-glibc-2.35-163/lib/librt.so.1
7f2990fc8000-7f2990fc9000 r--p 00002000 00:19b4 4611686019027979946      /nix/store/4nlgxhb09sdr51nc9hdm8az5b08vzkgx-glibc-2.35-163/lib/librt.so.1
7f2990fc9000-7f2990fca000 r--p 00002000 00:19b4 4611686019027979946      /nix/store/4nlgxhb09sdr51nc9hdm8az5b08vzkgx-glibc-2.35-163/lib/librt.so.1
7f2990fca000-7f2990fcb000 rw-p 00003000 00:19b4 4611686019027979946      /nix/store/4nlgxhb09sdr51nc9hdm8az5b08vzkgx-glibc-2.35-163/lib/librt.so.1
7f2990fcb000-7f29920de000 r-xp 00000000 00:19b4 4611686019135360866      /nix/store/gpxl5qgg8kicmcvivwmybwjlpf7wh20l-graalvm17-ce-22.3.0/lib/server/libjvm.so
7f29920de000-7f29920df000 ---p 01113000 00:19b4 4611686019135360866      /nix/store/gpxl5qgg8kicmcvivwmybwjlpf7wh20l-graalvm17-ce-22.3.0/lib/server/libjvm.so
7f29920df000-7f2992194000 r--p 01113000 00:19b4 4611686019135360866      /nix/store/gpxl5qgg8kicmcvivwmybwjlpf7wh20l-graalvm17-ce-22.3.0/lib/server/libjvm.so
7f2992194000-7f29921c8000 rw-p 011c8000 00:19b4 4611686019135360866      /nix/store/gpxl5qgg8kicmcvivwmybwjlpf7wh20l-graalvm17-ce-22.3.0/lib/server/libjvm.so
7f29921c8000-7f2992224000 rw-p 00000000 00:00 0 
7f2992224000-7f299224c000 r--p 00000000 00:19b4 4611686019027979918      /nix/store/4nlgxhb09sdr51nc9hdm8az5b08vzkgx-glibc-2.35-163/lib/libc.so.6
7f299224c000-7f29923c2000 r-xp 00028000 00:19b4 4611686019027979918      /nix/store/4nlgxhb09sdr51nc9hdm8az5b08vzkgx-glibc-2.35-163/lib/libc.so.6
7f29923c2000-7f299241a000 r--p 0019e000 00:19b4 4611686019027979918      /nix/store/4nlgxhb09sdr51nc9hdm8az5b08vzkgx-glibc-2.35-163/lib/libc.so.6
7f299241a000-7f299241e000 r--p 001f6000 00:19b4 4611686019027979918      /nix/store/4nlgxhb09sdr51nc9hdm8az5b08vzkgx-glibc-2.35-163/lib/libc.so.6
7f299241e000-7f2992420000 rw-p 001fa000 00:19b4 4611686019027979918      /nix/store/4nlgxhb09sdr51nc9hdm8az5b08vzkgx-glibc-2.35-163/lib/libc.so.6
7f2992420000-7f299242f000 rw-p 00000000 00:00 0 
7f299242f000-7f2992430000 r--p 00000000 00:19b4 4611686019027979923      /nix/store/4nlgxhb09sdr51nc9hdm8az5b08vzkgx-glibc-2.35-163/lib/libdl.so.2
7f2992430000-7f2992431000 r-xp 00001000 00:19b4 4611686019027979923      /nix/store/4nlgxhb09sdr51nc9hdm8az5b08vzkgx-glibc-2.35-163/lib/libdl.so.2
7f2992431000-7f2992432000 r--p 00002000 00:19b4 4611686019027979923      /nix/store/4nlgxhb09sdr51nc9hdm8az5b08vzkgx-glibc-2.35-163/lib/libdl.so.2
7f2992432000-7f2992433000 r--p 00002000 00:19b4 4611686019027979923      /nix/store/4nlgxhb09sdr51nc9hdm8az5b08vzkgx-glibc-2.35-163/lib/libdl.so.2
7f2992433000-7f2992434000 rw-p 00003000 00:19b4 4611686019027979923      /nix/store/4nlgxhb09sdr51nc9hdm8az5b08vzkgx-glibc-2.35-163/lib/libdl.so.2
7f2992434000-7f2992435000 r--p 00000000 00:19b4 4611686019027979942      /nix/store/4nlgxhb09sdr51nc9hdm8az5b08vzkgx-glibc-2.35-163/lib/libpthread.so.0
7f2992435000-7f2992436000 r-xp 00001000 00:19b4 4611686019027979942      /nix/store/4nlgxhb09sdr51nc9hdm8az5b08vzkgx-glibc-2.35-163/lib/libpthread.so.0
7f2992436000-7f2992437000 r--p 00002000 00:19b4 4611686019027979942      /nix/store/4nlgxhb09sdr51nc9hdm8az5b08vzkgx-glibc-2.35-163/lib/libpthread.so.0
7f2992437000-7f2992438000 r--p 00002000 00:19b4 4611686019027979942      /nix/store/4nlgxhb09sdr51nc9hdm8az5b08vzkgx-glibc-2.35-163/lib/libpthread.so.0
7f2992438000-7f2992439000 rw-p 00003000 00:19b4 4611686019027979942      /nix/store/4nlgxhb09sdr51nc9hdm8az5b08vzkgx-glibc-2.35-163/lib/libpthread.so.0
7f2992439000-7f2992447000 r-xp 00000000 00:19b4 4611686019135190033      /nix/store/gpxl5qgg8kicmcvivwmybwjlpf7wh20l-graalvm17-ce-22.3.0/lib/libjli.so
7f2992447000-7f2992448000 ---p 0000e000 00:19b4 4611686019135190033      /nix/store/gpxl5qgg8kicmcvivwmybwjlpf7wh20l-graalvm17-ce-22.3.0/lib/libjli.so
7f2992448000-7f2992449000 r--p 0000e000 00:19b4 4611686019135190033      /nix/store/gpxl5qgg8kicmcvivwmybwjlpf7wh20l-graalvm17-ce-22.3.0/lib/libjli.so
7f2992449000-7f299244a000 rw-p 0000f000 00:19b4 4611686019135190033      /nix/store/gpxl5qgg8kicmcvivwmybwjlpf7wh20l-graalvm17-ce-22.3.0/lib/libjli.so
7f299244a000-7f299244b000 rw-p 00012000 00:19b4 4611686019135190033      /nix/store/gpxl5qgg8kicmcvivwmybwjlpf7wh20l-graalvm17-ce-22.3.0/lib/libjli.so
7f299244b000-7f299244e000 r--p 00000000 00:19b4 4611686019106210071      /nix/store/026hln0aq1hyshaxsdvhg0kmcm6yf45r-zlib-1.2.13/lib/libz.so.1.2.13
7f299244e000-7f2992460000 r-xp 00003000 00:19b4 4611686019106210071      /nix/store/026hln0aq1hyshaxsdvhg0kmcm6yf45r-zlib-1.2.13/lib/libz.so.1.2.13
7f2992460000-7f2992467000 r--p 00015000 00:19b4 4611686019106210071      /nix/store/026hln0aq1hyshaxsdvhg0kmcm6yf45r-zlib-1.2.13/lib/libz.so.1.2.13
7f2992467000-7f2992468000 r--p 0001b000 00:19b4 4611686019106210071      /nix/store/026hln0aq1hyshaxsdvhg0kmcm6yf45r-zlib-1.2.13/lib/libz.so.1.2.13
7f2992468000-7f2992469000 rw-p 0001c000 00:19b4 4611686019106210071      /nix/store/026hln0aq1hyshaxsdvhg0kmcm6yf45r-zlib-1.2.13/lib/libz.so.1.2.13
7f2992469000-7f299246b000 rw-p 00000000 00:00 0 
7f299246b000-7f299246d000 r--p 00000000 00:19b4 4611686019027979912      /nix/store/4nlgxhb09sdr51nc9hdm8az5b08vzkgx-glibc-2.35-163/lib/ld-linux-x86-64.so.2
7f299246d000-7f2992494000 r-xp 00002000 00:19b4 4611686019027979912      /nix/store/4nlgxhb09sdr51nc9hdm8az5b08vzkgx-glibc-2.35-163/lib/ld-linux-x86-64.so.2
7f2992494000-7f29924a0000 r--p 00029000 00:19b4 4611686019027979912      /nix/store/4nlgxhb09sdr51nc9hdm8az5b08vzkgx-glibc-2.35-163/lib/ld-linux-x86-64.so.2
7f29924a0000-7f29924a2000 r--p 00034000 00:19b4 4611686019027979912      /nix/store/4nlgxhb09sdr51nc9hdm8az5b08vzkgx-glibc-2.35-163/lib/ld-linux-x86-64.so.2
7f29924a2000-7f29924a4000 rw-p 00036000 00:19b4 4611686019027979912      /nix/store/4nlgxhb09sdr51nc9hdm8az5b08vzkgx-glibc-2.35-163/lib/ld-linux-x86-64.so.2
7fff43137000-7fff4315b000 rw-p 00000000 00:00 0                          [stack]
7fff43166000-7fff4316a000 r--p 00000000 00:00 0                          [vvar]
7fff4316a000-7fff4316c000 r-xp 00000000 00:00 0                          [vdso]
ffffffffff600000-ffffffffff601000 --xp 00000000 00:00 0                  [vsyscall]


VM Arguments:
jvm_args: -XX:ThreadPriorityPolicy=1 -XX:+UnlockExperimentalVMOptions -XX:+EnableJVMCIProduct -XX:JVMCIThreadsPerNativeLibraryRuntime=1 -XX:-UnlockExperimentalVMOptions -Declipse.application=org.eclipse.jdt.ls.core.id1 -Dosgi.bundles.defaultStartLevel=4 -Declipse.product=org.eclipse.jdt.ls.core.product -Dlog.level=ALL -Xverify:none -XX:+UseParallelGC -XX:GCTimeRatio=4 -XX:AdaptiveSizePolicyWeight=90 -Dsun.zip.disableMemoryMapping=true -Xmx512m -Xms100m 
java_command: /nix/store/m6gcpi1ii6rghy04cjwjddcavv7i90df-jdt-language-server-1.9.0/share/java/plugins/org.eclipse.equinox.launcher_1.6.400.v20210924-0641.jar --add-modules=ALL-SYSTEM --add-opens java.base/java.util=ALL-UNNAMED --add-opens java.base/java.lang=ALL-UNNAMED -configuration /home/runner/.cache/jdt-language-server/config -data /home/runner/.cache/jdt-language-server/data/home/runner/SistemaBiblioteca
java_class_path (initial): /nix/store/m6gcpi1ii6rghy04cjwjddcavv7i90df-jdt-language-server-1.9.0/share/java/plugins/org.eclipse.equinox.launcher_1.6.400.v20210924-0641.jar
Launcher Type: SUN_STANDARD

[Global flags]
    uintx AdaptiveSizePolicyWeight                 = 90                                        {product} {command line}
     intx CICompilerCount                          = 2                                         {product} {ergonomic}
     bool EnableJVMCIProduct                       = true                                {JVMCI product} {jimage}
    uintx GCTimeRatio                              = 4                                         {product} {command line}
   size_t InitialHeapSize                          = 104857600                                 {product} {command line}
     uint JVMCIThreadsPerNativeLibraryRuntime      = 1                                   {JVMCI product} {jimage}
   size_t MaxHeapSize                              = 536870912                                 {product} {command line}
   size_t MaxNewSize                               = 178782208                                 {product} {ergonomic}
   size_t MinHeapDeltaBytes                        = 524288                                    {product} {ergonomic}
   size_t MinHeapSize                              = 104857600                                 {product} {command line}
   size_t NewSize                                  = 34603008                                  {product} {ergonomic}
    uintx NonNMethodCodeHeapSize                   = 5826188                                {pd product} {ergonomic}
    uintx NonProfiledCodeHeapSize                  = 122916026                              {pd product} {ergonomic}
   size_t OldSize                                  = 70254592                                  {product} {ergonomic}
    uintx ProfiledCodeHeapSize                     = 122916026                              {pd product} {ergonomic}
    uintx ReservedCodeCacheSize                    = 251658240                              {pd product} {ergonomic}
     bool SegmentedCodeCache                       = true                                      {product} {ergonomic}
   size_t SoftMaxHeapSize                          = 536870912                              {manageable} {ergonomic}
     intx ThreadPriorityPolicy                     = 1                                         {product} {jimage}
     bool UseCompressedClassPointers               = true                           {product lp64_product} {ergonomic}
     bool UseCompressedOops                        = true                           {product lp64_product} {ergonomic}
     bool UseParallelGC                            = true                                      {product} {command line}

Logging:
Log output configuration:
 #0: stdout all=warning uptime,level,tags
 #1: stderr all=off uptime,level,tags

Environment Variables:
JAVA_HOME=/nix/store/gpxl5qgg8kicmcvivwmybwjlpf7wh20l-graalvm17-ce-22.3.0
PATH=/nix/store/1d6ian3r8kdzspw8hacjhl3xkp40g1lj-binutils-wrapper-2.39/bin:/nix/store/dq0xwmsk1g0i2ayg6pb7y87na2knzylh-gcc-wrapper-11.3.0/bin:/nix/store/bap4d0lpcrhpwmpb8ayjcgkmvfj62lnq-bash-interactive-5.1-p16/bin:/nix/store/pr5n59mb4jzmfx6kanwxly0l07p861fg-patchelf-0.15.0/bin:/nix/store/1gf2flfqnpqbr1b4p4qz2f72y42bs56r-gcc-11.3.0/bin:/nix/store/57xv61c5zi8pphjbcwxxjlgc34p61ic9-glibc-2.35-163-bin/bin:/nix/store/a7gvj343m05j2s32xcnwr35v31ynlypr-coreutils-9.1/bin:/nix/store/039g378vc3pc3dvi9dzdlrd0i4q93qwf-binutils-2.39/bin:/nix/store/gpxl5qgg8kicmcvivwmybwjlpf7wh20l-graalvm17-ce-22.3.0/bin:/nix/store/6z9ag3ihc8mq2hzsw48lhbznvzny65nz-apache-maven-3.8.6/bin:/nix/store/m6gcpi1ii6rghy04cjwjddcavv7i90df-jdt-language-server-1.9.0/bin:/nix/store/84xs5alhs01zrbr4ywm05kxbjbp5590l-java-debug/bin:/nix/store/mydc6f4k2z73xlcz7ilif3v2lcaiqvza-findutils-4.9.0/bin:/nix/store/j9p3g8472iijd50vhdprx0nmk2fqn5gv-diffutils-3.8/bin:/nix/store/89zs7rms6x00xfq4dq6m7mjnhkr8a6r4-gnused-4.8/bin:/nix/store/86bp03jkmsl6f92w0yzg4s59g5mhxwmy-gnugrep-3.7/bin:/nix/store/hwcdqw4jrjnd37wxqgsd47hd0j8bnj09-gawk-5.1.1/bin:/nix/store/cfbhw8r8ags41vwqaz47r583d0p4h4a1-gnutar-1.34/bin:/nix/store/p3m1ndl1lapwrlh698bnb5lvvxh67378-gzip-1.12/bin:/nix/store/a8mhcagrsly7c7mpjrpsnaahk4aax056-bzip2-1.0.8-bin/bin:/nix/store/mblgz65m3zv9x548a3d5m96fj2pbwr09-gnumake-4.3/bin:/nix/store/dsd5gz46hdbdk2rfdimqddhq6m8m8fqs-bash-5.1-p16/bin:/nix/store/v7ljksji50mg3w61dykaa3n3y79n6nil-patch-2.7.6/bin:/nix/store/zlcnmqq14jz5x9439jf937mvayyl63da-xz-5.2.7-bin/bin:/nix/store/y6aj732zm9m87c82fpvf103a1xb22blp-file-5.43/bin:/nix/store/i4kzir3m7mrisxmf5xvlnkw01x4qaqr4-prybar-elisp-0.0.0-e0d9a52/bin:/nix/store/lwwivxf6h7x3cvxp9zv8sj0mv7dak99r-prybar-lua-0.0.0-e0d9a52/bin:/nix/store/gxj28g1cg4hq3qanmjv07156h800qr58-prybar-python3-0.0.0-e0d9a52/bin:/nix/store/hshkjnxrgidigf8x75vg6lqng2xlx9i3-prybar-sqlite-0.0.0-e0d9a52/bin:/nix/store/c4w01bpjgyy5ixmwdk8m1pw87zq4sl26-prybar-tcl-0.0.0-e0d9a52/bin:/nix/store/hpbvrlwd5viqmvcaisb3x0118i913a9n-st
LD_LIBRARY_PATH=/nix/store/a4pff549sk2idnkpzk5nsfps3mdkdnvm-cups-2.4.2-lib/lib:/nix/store/72mqxxhh3cy5yifh92wh2yb8cl2hikyy-cairo-1.16.0/lib:/nix/store/2k366jrbsra97gjfxwvrhvixjfxdach5-glib-2.74.1/lib:/nix/store/2j2znigd8ak37rlwh9khz0ry3clqlw1l-gtk+3-3.24.34/lib:/nix/store/hisqvx32cd57apbpcsnkpx6k3549wql1-libglvnd-1.4.0/lib:/nix/store/p36pgcv991mq5srvg765b78yqpxvk3qs-mesa-21.3.3-drivers/lib:/nix/store/mav4251if1ahjq5vkpwycyyvnmy459c4-pulseaudio-14.2/lib
DISPLAY=:0
LANG=en_US.UTF-8

Signal Handlers:
   SIGSEGV: crash_handler in libjvm.so, mask=11100100010111111101111111111110, flags=SA_RESTART|SA_SIGINFO
    SIGBUS: crash_handler in libjvm.so, mask=11100100010111111101111111111110, flags=SA_RESTART|SA_SIGINFO
    SIGFPE: crash_handler in libjvm.so, mask=11100100010111111101111111111110, flags=SA_RESTART|SA_SIGINFO
   SIGPIPE: IsolateEnterStub_IgnoreSIGPIPEStartupHook_noopSignalHandler_8f19bff2f35b5f630d83b364d6b2339320d4ec70_216e8361c6bc87a8f89f58cc10d3b2fd4415bf87 in libjvmcicompiler.so, mask=00000000000000000000000000000000, flags=SA_RESTART
  *** Handler was modified!
  *** Expected: javaSignalHandler in libjvm.so, mask=11100100110111111111111111111110, flags=SA_RESTART|SA_SIGINFO
   SIGXFSZ: javaSignalHandler in libjvm.so, mask=11100100010111111101111111111110, flags=SA_RESTART|SA_SIGINFO
    SIGILL: crash_handler in libjvm.so, mask=11100100010111111101111111111110, flags=SA_RESTART|SA_SIGINFO
   SIGUSR2: SR_handler in libjvm.so, mask=00000000000000000000000000000000, flags=SA_RESTART|SA_SIGINFO
    SIGHUP: UserHandler in libjvm.so, mask=11100100010111111101111111111110, flags=SA_RESTART|SA_SIGINFO
    SIGINT: UserHandler in libjvm.so, mask=11100100010111111101111111111110, flags=SA_RESTART|SA_SIGINFO
   SIGTERM: UserHandler in libjvm.so, mask=11100100010111111101111111111110, flags=SA_RESTART|SA_SIGINFO
   SIGQUIT: UserHandler in libjvm.so, mask=11100100010111111101111111111110, flags=SA_RESTART|SA_SIGINFO
  *** Handler was modified!
  *** Expected: javaSignalHandler in libjvm.so, mask=11100100110111111111111111111110, flags=SA_RESTART|SA_SIGINFO
   SIGTRAP: crash_handler in libjvm.so, mask=11100100010111111101111111111110, flags=SA_RESTART|SA_SIGINFO


---------------  S Y S T E M  ---------------

OS:
DISTRIB_ID=Ubuntu
DISTRIB_RELEASE=20.04
DISTRIB_CODENAME=focal
DISTRIB_DESCRIPTION="Ubuntu 20.04.2 LTS"
uname: Linux 5.19.0-1025-gcp #27~22.04.1-Ubuntu SMP Wed May 24 03:53:01 UTC 2023 x86_64
OS uptime: 0 days 0:42 hours
libc: glibc 2.35 NPTL 2.35 
rlimit (soft/hard): STACK 8192k/infinity , CORE infinity/infinity , NPROC infinity/infinity , NOFILE 5242/5242 , AS infinity/infinity , CPU infinity/infinity , DATA infinity/infinity , FSIZE infinity/infinity , MEMLOCK 8192k/8192k
load average: 10.85 12.84 12.63

/proc/meminfo:
MemTotal:       65852244 kB
MemFree:        33036564 kB
MemAvailable:   49500068 kB
Buffers:         1221652 kB
Cached:         14685936 kB
SwapCached:            0 kB
Active:          5687312 kB
Inactive:       24044488 kB
Active(anon):      16064 kB
Inactive(anon): 13655632 kB
Active(file):    5671248 kB
Inactive(file): 10388856 kB
Unevictable:       56680 kB
Mlocked:           56680 kB
SwapTotal:             0 kB
SwapFree:              0 kB
Zswap:                 0 kB
Zswapped:              0 kB
Dirty:              6484 kB
Writeback:             0 kB
AnonPages:      13734516 kB
Mapped:          1880864 kB
Shmem:             50448 kB
KReclaimable:    1130000 kB
Slab:            2061256 kB
SReclaimable:    1130000 kB
SUnreclaim:       931256 kB
KernelStack:      452040 kB
PageTables:       159696 kB
NFS_Unstable:          0 kB
Bounce:                0 kB
WritebackTmp:          0 kB
CommitLimit:    32926120 kB
Committed_AS:   60986240 kB
VmallocTotal:   34359738367 kB
VmallocUsed:      487348 kB
VmallocChunk:          0 kB
Percpu:            45024 kB
HardwareCorrupted:     0 kB
AnonHugePages:   1017856 kB
ShmemHugePages:        0 kB
ShmemPmdMapped:        0 kB
FileHugePages:         0 kB
FilePmdMapped:         0 kB
HugePages_Total:       0
HugePages_Free:        0
HugePages_Rsvd:        0
HugePages_Surp:        0
Hugepagesize:       2048 kB
Hugetlb:               0 kB
DirectMap4k:     1628984 kB
DirectMap2M:    34019328 kB
DirectMap1G:    33554432 kB

/sys/kernel/mm/transparent_hugepage/enabled: always [madvise] never
/sys/kernel/mm/transparent_hugepage/defrag (defrag/compaction efforts parameter): always defer defer+madvise [madvise] never

Process Memory:
Virtual Size: 5395544K (peak: 5514044K)
Resident Set Size: 759196K (peak: 884972K) (anon: 565292K, file: 193904K, shmem: 0K)
Swapped out: 0K
C-Heap outstanding allocations: 44543K, retained: 16056K
glibc malloc tunables: (default)

/proc/sys/kernel/threads-max (system-wide limit on the number of threads): 514406
/proc/sys/vm/max_map_count (maximum number of memory map areas a process may have): 65530
/proc/sys/kernel/pid_max (system-wide limit on number of process identifiers): 4194304

container (cgroup) information:
container_type: cgroupv1
cpu_cpuset_cpus: 2-7
cpu_memory_nodes: 0
active_processor_count: 1
cpu_quota: 50000
cpu_period: 100000
cpu_shares: 512
memory_limit_in_bytes: 1048576 k
memory_and_swap_limit_in_bytes: 1048576 k
memory_soft_limit_in_bytes: 524288 k
memory_usage_in_bytes: 656876 k
memory_max_usage_in_bytes: 746392 k
maximum number of tasks: 1000
current number of tasks: 58

KVM virtualization detected
Steal ticks since vm start: 0
Steal ticks percentage since vm start:  0.000

CPU: total 8 (initial active 1) (8 cores per cpu, 2 threads per core) family 23 model 49 stepping 0 microcode 0xffffffff, cx8, cmov, fxsr, ht, mmx, 3dnowpref, sse, sse2, sse3, ssse3, sse4a, sse4.1, sse4.2, popcnt, lzcnt, tsc, tscinvbit, avx, avx2, aes, clmul, bmi1, bmi2, adx, sha, fma, vzeroupper, clflush, clflushopt, hv
CPU Model and flags from /proc/cpuinfo:
model name	: AMD EPYC 7B12
flags		: fpu vme de pse tsc msr pae mce cx8 apic sep mtrr pge mca cmov pat pse36 clflush mmx fxsr sse sse2 ht syscall nx mmxext fxsr_opt pdpe1gb rdtscp lm constant_tsc rep_good nopl nonstop_tsc cpuid extd_apicid tsc_known_freq pni pclmulqdq ssse3 fma cx16 sse4_1 sse4_2 movbe popcnt aes xsave avx f16c rdrand hypervisor lahf_lm cmp_legacy cr8_legacy abm sse4a misalignsse 3dnowprefetch osvw topoext ssbd ibrs ibpb stibp vmmcall fsgsbase tsc_adjust bmi1 avx2 smep bmi2 rdseed adx smap clflushopt clwb sha_ni xsaveopt xsavec xgetbv1 clzero xsaveerptr arat npt nrip_save umip rdpid

Online cpus: 0-7
Offline cpus: 
BIOS frequency limitation: <Not Available>
Frequency switch latency (ns): <Not Available>
Available cpu frequencies: <Not Available>
Current governor: <Not Available>
Core performance/turbo boost: <Not Available>

Memory: 4k page, physical 1048576k(391688k free), swap 0k(0k free)
Page Sizes: 4k

vm_info: OpenJDK 64-Bit Server VM (17.0.5+8-jvmci-22.3-b08) for linux-amd64 JRE (17.0.5+8-jvmci-22.3-b08), built on Oct 19 2022 09:01:27 by "buildslave" with gcc 10.3.0

END.
