#
# A fatal error has been detected by the Java Runtime Environment:
#
#  Internal Error (jvmciRuntime.cpp:1609), pid=50, tid=66
#  fatal error: Fatal exception in JVMCI: Error calling jdk.vm.ci.services.Services.serializeSavedProperties
#
# JRE version: OpenJDK Runtime Environment GraalVM CE 22.3.0 (17.0.5+8) (build 17.0.5+8-jvmci-22.3-b08)
# Java VM: OpenJDK 64-Bit Server VM GraalVM CE 22.3.0 (17.0.5+8-jvmci-22.3-b08, mixed mode, sharing, tiered, jvmci, jvmci compiler, compressed oops, compressed class ptrs, parallel gc, linux-amd64)
# Problematic frame:
# V  [libjvm.so+0x972714]  JVMCIRuntime::fatal_exception(JVMCIEnv*, char const*)+0x74
#
# Core dump will be written. Default location: Core dumps may be processed with "/usr/share/apport/apport -p%p -s%s -c%c -d%d -P%P -u%u -g%g -- %E" (or dumping to /home/runner/SistemaBiblioteca/core.50)
#
# If you would like to submit a bug report, please visit:
#   https://github.com/oracle/graal/issues
#

---------------  S U M M A R Y ------------

Command Line: -XX:ThreadPriorityPolicy=1 -XX:+UnlockExperimentalVMOptions -XX:+EnableJVMCIProduct -XX:JVMCIThreadsPerNativeLibraryRuntime=1 -XX:-UnlockExperimentalVMOptions -Declipse.application=org.eclipse.jdt.ls.core.id1 -Dosgi.bundles.defaultStartLevel=4 -Declipse.product=org.eclipse.jdt.ls.core.product -Dlog.level=ALL -Xverify:none -XX:+UseParallelGC -XX:GCTimeRatio=4 -XX:AdaptiveSizePolicyWeight=90 -Dsun.zip.disableMemoryMapping=true -Xmx512m -Xms100m /nix/store/m6gcpi1ii6rghy04cjwjddcavv7i90df-jdt-language-server-1.9.0/share/java/plugins/org.eclipse.equinox.launcher_1.6.400.v20210924-0641.jar --add-modules=ALL-SYSTEM --add-opens java.base/java.util=ALL-UNNAMED --add-opens java.base/java.lang=ALL-UNNAMED -configuration /home/runner/.cache/jdt-language-server/config -data /home/runner/.cache/jdt-language-server/data/home/runner/SistemaBiblioteca

Host: AMD EPYC 7B12, 8 cores, 1G, Ubuntu 20.04.2 LTS
Time: Sun Jun 25 08:39:08 2023 UTC elapsed time: 519.908393 seconds (0d 0h 8m 39s)

---------------  T H R E A D  ---------------

Current thread (0x00007feb100b2210):  JavaThread "JVMCI-native CompilerThread0" daemon [_thread_in_vm, id=66, stack(0x00007feaf5e1a000,0x00007feaf601a000)]


Current CompileTask:
JVMCI-native: 519908 10632       4       java.util.HashMap::keysToArray (81 bytes)

Stack: [0x00007feaf5e1a000,0x00007feaf601a000],  sp=0x00007feaf6018380,  free space=2040k
Native frames: (J=compiled Java code, j=interpreted, Vv=VM code, C=native code)
V  [libjvm.so+0x972714]  JVMCIRuntime::fatal_exception(JVMCIEnv*, char const*)+0x74
V  [libjvm.so+0x93e2fe]  JVMCIEnv::copy_saved_properties()+0x14e
V  [libjvm.so+0x9732a9]  JVMCIRuntime::initialize(JVMCIEnv*)+0xb19
V  [libjvm.so+0x9738a2]  JVMCIRuntime::get_HotSpotJVMCIRuntime(JVMCIEnv*)+0x12
V  [libjvm.so+0x9749f2]  JVMCIRuntime::compile_method(JVMCIEnv*, JVMCICompiler*, methodHandle const&, int)+0xd2
V  [libjvm.so+0x5b0d20]  CompileBroker::invoke_compiler_on_method(CompileTask*)+0x1470
V  [libjvm.so+0x5b12e8]  CompileBroker::compiler_thread_loop()+0x528
V  [libjvm.so+0xd82460]  JavaThread::thread_main_inner()+0xd0
V  [libjvm.so+0xd85a40]  Thread::call_run()+0xc0
V  [libjvm.so+0xbdb1e1]  thread_native_entry(Thread*)+0xe1

Register to memory mapping:

RAX=0x00007feb15b6f000 points into unknown readable memory: 0x0000000000000058 | 58 00 00 00 00 00 00 00
RBX=0x00007feb16c6a398: <offset 0x0000000000ef5398> in /nix/store/gpxl5qgg8kicmcvivwmybwjlpf7wh20l-graalvm17-ce-22.3.0/lib/server/libjvm.so at 0x00007feb15d75000
RCX=0x00007feb16c221e8: <offset 0x0000000000ead1e8> in /nix/store/gpxl5qgg8kicmcvivwmybwjlpf7wh20l-graalvm17-ce-22.3.0/lib/server/libjvm.so at 0x00007feb15d75000
RDX=0x0000000000000649 is an unknown value
RSP=0x00007feaf6018380 is pointing into the stack for thread: 0x00007feb100b2210
RBP=0x00007feaf60183a0 is pointing into the stack for thread: 0x00007feb100b2210
RSI=0x00007feb16c6ac48: <offset 0x0000000000ef5c48> in /nix/store/gpxl5qgg8kicmcvivwmybwjlpf7wh20l-graalvm17-ce-22.3.0/lib/server/libjvm.so at 0x00007feb15d75000
RDI=0x00000000e0000000 is an oop: [Ljava.security.cert.Certificate; 
{0x00000000e0000000} - klass: 'java/security/cert/Certificate'[]
 - length: 3
R8 =0x00007feb16c6a398: <offset 0x0000000000ef5398> in /nix/store/gpxl5qgg8kicmcvivwmybwjlpf7wh20l-graalvm17-ce-22.3.0/lib/server/libjvm.so at 0x00007feb15d75000
R9 =0x0000000000000003 is an unknown value
R10=0x00007feb16fbbda0: <offset 0x0000000001246da0> in /nix/store/gpxl5qgg8kicmcvivwmybwjlpf7wh20l-graalvm17-ce-22.3.0/lib/server/libjvm.so at 0x00007feb15d75000
R11=0x0000000000000246 is an unknown value
R12=0x0 is NULL
R13=0x00007feb100b2210 is a thread
R14=0x00007feb10000b80 points into unknown readable memory: 0x00007feb16e9ba38 | 38 ba e9 16 eb 7f 00 00
R15=0x00007feb16fa9e40: <offset 0x0000000001234e40> in /nix/store/gpxl5qgg8kicmcvivwmybwjlpf7wh20l-graalvm17-ce-22.3.0/lib/server/libjvm.so at 0x00007feb15d75000


Registers:
RAX=0x00007feb15b6f000, RBX=0x00007feb16c6a398, RCX=0x00007feb16c221e8, RDX=0x0000000000000649
RSP=0x00007feaf6018380, RBP=0x00007feaf60183a0, RSI=0x00007feb16c6ac48, RDI=0x00000000e0000000
R8 =0x00007feb16c6a398, R9 =0x0000000000000003, R10=0x00007feb16fbbda0, R11=0x0000000000000246
R12=0x0000000000000000, R13=0x00007feb100b2210, R14=0x00007feb10000b80, R15=0x00007feb16fa9e40
RIP=0x00007feb166e7714, EFLAGS=0x0000000000010206, CSGSFS=0x002b000000000033, ERR=0x0000000000000006
  TRAPNO=0x000000000000000e

Top of Stack: (sp=0x00007feaf6018380)
0x00007feaf6018380:   00007feaf6018940 00007feb100b2210
0x00007feaf6018390:   00007feb145008c8 0000000800c417a0
0x00007feaf60183a0:   00007feaf6018500 00007feb166b32fe
0x00007feaf60183b0:   00007feaf60183e0 00007feaf6018440 

Instructions: (pc=0x00007feb166e7714)
0x00007feb166e7614:   30 e8 f6 cf e8 ff 4c 89 e7 e8 2e 48 d1 ff 84 db
0x00007feb166e7624:   75 2a 4d 85 ed 74 04 4d 8b 6d 00 48 83 c4 08 44
0x00007feb166e7634:   89 f9 4c 89 f2 4c 89 ee 5b 4c 89 e7 41 5c 41 5d
0x00007feb166e7644:   41 5e 41 5f 5d e9 e2 47 d1 ff 66 90 48 83 c4 08
0x00007feb166e7654:   5b 41 5c 41 5d 41 5e 41 5f 5d c3 90 31 d2 be 08
0x00007feb166e7664:   00 00 00 4c 89 ff e8 b1 78 a3 ff 49 89 c5 e9 37
0x00007feb166e7674:   ff ff ff 66 0f 1f 84 00 00 00 00 00 48 8b 7a 08
0x00007feb166e7684:   e9 6d ff ff ff 0f 1f 80 00 00 00 00 e8 5b 48 0a
0x00007feb166e7694:   00 84 c0 75 89 e9 6a ff ff ff 66 90 55 48 89 e5
0x00007feb166e76a4:   41 56 41 55 41 54 49 89 fc 53 48 89 f3 66 48 8d
0x00007feb166e76b4:   3d 27 5e 85 00 66 66 48 e8 df 43 8d ff 4c 8b 28
0x00007feb166e76c4:   8b 05 be 72 8a 00 85 c0 75 14 ba 01 00 00 00 48
0x00007feb166e76d4:   8d 0d ae 72 8a 00 f0 0f b1 11 85 c0 74 4e be c8
0x00007feb166e76e4:   00 00 00 4c 89 ef e8 01 0b 41 00 48 8d 05 12 ac
0x00007feb166e76f4:   85 00 49 89 d8 48 8d 0d e8 aa 53 00 ba 49 06 00
0x00007feb166e7704:   00 48 8d 35 3c 35 58 00 bf 00 00 00 e0 48 8b 00
0x00007feb166e7714:   c6 00 58 31 c0 e8 e2 91 c6 ff 5b 41 5c 41 5d 41
0x00007feb166e7724:   5e 5d e9 55 34 26 00 0f 1f 44 00 00 48 8d 05 81
0x00007feb166e7734:   a3 8b 00 48 89 df 4c 8b 30 e8 9e 43 8d ff 48 89
0x00007feb166e7744:   de 48 89 c2 49 8b 06 4c 89 f7 ff 50 08 4c 89 f7
0x00007feb166e7754:   e8 a7 5c 27 00 4d 85 e4 74 12 be 01 00 00 00 4c
0x00007feb166e7764:   89 e7 e8 35 43 fc ff eb 82 0f 1f 00 be 01 00 00
0x00007feb166e7774:   00 4c 89 ef e8 d3 fd ff ff e9 6d ff ff ff 66 66
0x00007feb166e7784:   2e 0f 1f 84 00 00 00 00 00 0f 1f 00 55 48 89 e5
0x00007feb166e7794:   41 57 41 56 41 55 41 54 53 48 81 ec 08 02 00 00
0x00007feb166e77a4:   64 48 8b 04 25 28 00 00 00 48 89 45 c8 8b 07 83
0x00007feb166e77b4:   f8 02 0f 84 11 04 00 00 4c 8b 6f 18 49 89 ff 49
0x00007feb166e77c4:   89 f4 4d 85 ed 74 14 4c 89 ef e8 5d 57 22 00 41
0x00007feb166e77d4:   8b 07 83 f8 02 0f 84 19 04 00 00 48 8d 1d 9a 06
0x00007feb166e77e4:   8a 00 4c 8d 35 0b 3c 58 00 eb 38 90 48 85 d2 7f
0x00007feb166e77f4:   0d 48 8d 05 b4 c0 85 00 48 83 38 00 7e 0e 41 8b
0x00007feb166e7804:   77 2c 4c 89 f7 31 c0 e8 a0 b2 f7 ff 49 8b 7f 18 


Stack slot to memory mapping:
stack at sp + 0 slots: 0x00007feaf6018940 is pointing into the stack for thread: 0x00007feb100b2210
stack at sp + 1 slots: 0x00007feb100b2210 is a thread
stack at sp + 2 slots: 0x00007feb145008c8 points into unknown readable memory: 0x65730018052dffff | ff ff 2d 05 18 00 73 65
stack at sp + 3 slots: 0x0000000800c417a0 is a pointer to class: 
jdk.vm.ci.services.Services {0x0000000800c417a0}
 - instance size:     2
 - klass size:        65
 - access:            public final synchronized 
 - state:             fully_initialized
 - name:              'jdk/vm/ci/services/Services'
 - super:             'java/lang/Object'
 - sub:               
 - arrays:            NULL
 - methods:           Array<T>(0x00007feaf6844058)
 - method ordering:   Array<T>(0x0000000800928960)
 - default_methods:   Array<T>(0x0000000000000000)
 - local interfaces:  Array<T>(0x00000008005ce810)
 - trans. interfaces: Array<T>(0x00000008005ce810)
 - constants:         constant pool [427] {0x00007feaf6842f98} for 'jdk/vm/ci/services/Services' cache=0x00007feaf6845328
 - class loader data:  loader data: 0x00007feb100283f0 of 'bootstrap'
 - source file:       'Services.java'
 - class annotations:       Array<T>(0x0000000000000000)
 - class type annotations:  Array<T>(0x0000000000000000)
 - field annotations:       Array<T>(0x0000000000000000)
 - field type annotations:  Array<T>(0x0000000000000000)
 - inner classes:     Array<T>(0x00007feaf68452f8)
 - nest members:     Array<T>(0x00007feaf6845318)
 - permitted subclasses:     Array<T>(0x00000008005ce7a0)
 - java mirror:       a 'java/lang/Class'{0x00000000e017d5f8} = 'jdk/vm/ci/services/Services'
 - vtable length      5  (start addr: 0x0000000800c41970)
 - itable length      2 (start addr: 0x0000000800c41998)
 - ---- static fields (3 words):
 - public static final 'IS_BUILDING_NATIVE_IMAGE' 'Z' @128 
 - public static final 'IS_IN_NATIVE_IMAGE' 'Z' @129 
 - private static volatile 'savedProperties' 'Ljava/util/Map;' @112 
 - static final 'JVMCI_ENABLED' 'Z' @130 
 - private static final 'servicesCache' 'Ljava/util/Map;' @116 
 - private static final 'MAX_UNICODE_IN_UTF8_LENGTH' 'I' @120 
 - private static final 'MAX_UTF8_PROPERTY_STRING_LENGTH' 'I' @124 
 - ---- non-static fields (0 words):
 - non-static oop maps: 
stack at sp + 4 slots: 0x00007feaf6018500 is pointing into the stack for thread: 0x00007feb100b2210
stack at sp + 5 slots: 0x00007feb166b32fe: <offset 0x000000000093e2fe> in /nix/store/gpxl5qgg8kicmcvivwmybwjlpf7wh20l-graalvm17-ce-22.3.0/lib/server/libjvm.so at 0x00007feb15d75000
stack at sp + 6 slots: 0x00007feaf60183e0 is pointing into the stack for thread: 0x00007feb100b2210
stack at sp + 7 slots: 0x00007feaf6018440 is pointing into the stack for thread: 0x00007feb100b2210


---------------  P R O C E S S  ---------------

Threads class SMR info:
_java_thread_list=0x00007fea5c000b70, length=27, elements={
0x00007feb10026690, 0x00007feb100a64d0, 0x00007feb100a7910, 0x00007feb100ae080,
0x00007feb100af430, 0x00007feb100b0820, 0x00007feb100b2210, 0x00007feb100b3720,
0x00007feb100b4780, 0x00007feb100d7a00, 0x00007feb10120060, 0x00007feb10334140,
0x00007feb10367cf0, 0x00007feb10369bb0, 0x00007feb101ed420, 0x00007feaa401a6e0,
0x00007feaa42aa6e0, 0x00007feaa430cb10, 0x00007fea980010d0, 0x00007feaa4489250,
0x00007feaa46e6e30, 0x00007feb104c3f30, 0x00007feb1038f9b0, 0x00007fea74000ff0,
0x00007fea7443bcc0, 0x00007fea801672e0, 0x00007fea8c00aa40
}

Java Threads: ( => current thread )
  0x00007feb10026690 JavaThread "main" [_thread_blocked, id=58, stack(0x00007feb15b90000,0x00007feb15c90000)]
  0x00007feb100a64d0 JavaThread "Reference Handler" daemon [_thread_blocked, id=61, stack(0x00007feaf6700000,0x00007feaf6800000)]
  0x00007feb100a7910 JavaThread "Finalizer" daemon [_thread_blocked, id=62, stack(0x00007feaf6600000,0x00007feaf6700000)]
  0x00007feb100ae080 JavaThread "Signal Dispatcher" daemon [_thread_blocked, id=63, stack(0x00007feaf621a000,0x00007feaf631a000)]
  0x00007feb100af430 JavaThread "Service Thread" daemon [_thread_blocked, id=64, stack(0x00007feaf611a000,0x00007feaf621a000)]
  0x00007feb100b0820 JavaThread "Monitor Deflation Thread" daemon [_thread_blocked, id=65, stack(0x00007feaf601a000,0x00007feaf611a000)]
=>0x00007feb100b2210 JavaThread "JVMCI-native CompilerThread0" daemon [_thread_in_vm, id=66, stack(0x00007feaf5e1a000,0x00007feaf601a000)]
  0x00007feb100b3720 JavaThread "C1 CompilerThread0" daemon [_thread_blocked, id=67, stack(0x00007feaf5c1a000,0x00007feaf5e1a000)]
  0x00007feb100b4780 JavaThread "Sweeper thread" daemon [_thread_blocked, id=68, stack(0x00007feaf5b1a000,0x00007feaf5c1a000)]
  0x00007feb100d7a00 JavaThread "Common-Cleaner" daemon [_thread_blocked, id=69, stack(0x00007feaf5a1a000,0x00007feaf5b1a000)]
  0x00007feb10120060 JavaThread "Notification Thread" daemon [_thread_blocked, id=70, stack(0x00007feaf591a000,0x00007feaf5a1a000)]
  0x00007feb10334140 JavaThread "Active Thread: Equinox Container: ef9830ee-a1be-443b-91d3-36da2630178b" [_thread_blocked, id=94, stack(0x00007feaf4500000,0x00007feaf4600000)]
  0x00007feb10367cf0 JavaThread "Framework Event Dispatcher: Equinox Container: ef9830ee-a1be-443b-91d3-36da2630178b" daemon [_thread_blocked, id=96, stack(0x00007feaf4300000,0x00007feaf4400000)]
  0x00007feb10369bb0 JavaThread "Start Level: Equinox Container: ef9830ee-a1be-443b-91d3-36da2630178b" daemon [_thread_blocked, id=97, stack(0x00007feaf4100000,0x00007feaf4200000)]
  0x00007feb101ed420 JavaThread "Refresh Thread: Equinox Container: ef9830ee-a1be-443b-91d3-36da2630178b" daemon [_thread_blocked, id=100, stack(0x00007feaf4400000,0x00007feaf4500000)]
  0x00007feaa401a6e0 JavaThread "SCR Component Actor" daemon [_thread_blocked, id=109, stack(0x00007feabdb00000,0x00007feabdc00000)]
  0x00007feaa42aa6e0 JavaThread "Worker-JM" [_thread_blocked, id=111, stack(0x00007feabd700000,0x00007feabd800000)]
  0x00007feaa430cb10 JavaThread "Worker-0: Java indexing... " [_thread_blocked, id=112, stack(0x00007feabd500000,0x00007feabd600000)]
  0x00007fea980010d0 JavaThread "Worker-1" [_thread_blocked, id=113, stack(0x00007feabd300000,0x00007feabd400000)]
  0x00007feaa4489250 JavaThread "Java indexing" daemon [_thread_blocked, id=120, stack(0x00007feabd100000,0x00007feabd200000)]
  0x00007feaa46e6e30 JavaThread "Bundle File Closer" daemon [_thread_blocked, id=123, stack(0x00007feabcf00000,0x00007feabd000000)]
  0x00007feb104c3f30 JavaThread "pool-3-thread-1" [_thread_blocked, id=124, stack(0x00007feabcd00000,0x00007feabce00000)]
  0x00007feb1038f9b0 JavaThread "pool-2-thread-1" [_thread_blocked, id=126, stack(0x00007feabc900000,0x00007feabca00000)]
  0x00007fea74000ff0 JavaThread "Worker-4: Periodic workspace save." [_thread_blocked, id=136, stack(0x00007feabc500000,0x00007feabc600000)]
  0x00007fea7443bcc0 JavaThread "Okio Watchdog" daemon [_thread_blocked, id=184, stack(0x00007feabbd00000,0x00007feabbe00000)]
  0x00007fea801672e0 JavaThread "Thread-5" [_thread_blocked, id=687, stack(0x00007feabc700000,0x00007feabc800000)]
  0x00007fea8c00aa40 JavaThread "Worker-6" [_thread_blocked, id=1102, stack(0x00007feaf4000000,0x00007feaf4100000)]

Other Threads:
  0x00007feb100a1c10 VMThread "VM Thread" [stack: 0x00007feaf70e1000,0x00007feaf71e1000] [id=60] _threads_hazard_ptr=0x00007fea5c000b70
  0x00007feb10121a00 WatcherThread [stack: 0x00007feaf581a000,0x00007feaf591a000] [id=71]
  0x00007feb1003df30 GCTaskThread "GC Thread#0" [stack: 0x00007feb15753000,0x00007feb15853000] [id=59]

Threads with active compile tasks:
JVMCI-native CompilerThread0   519984 10632       4       java.util.HashMap::keysToArray (81 bytes)

VM state: synchronizing (normal execution)

VM Mutex/Monitor currently owned by a thread:  ([mutex/lock_event])
[0x00007feb10023840] Threads_lock - owner thread: 0x00007feb100a1c10
[0x00007feb10023ff0] Heap_lock - owner thread: 0x00007feb1038f9b0

OutOfMemory and StackOverflow Exception counts:
OutOfMemoryError java_heap_errors=2
LinkageErrors=67

Heap address: 0x00000000e0000000, size: 512 MB, Compressed Oops mode: 32-bit

CDS archive(s) mapped at: [0x0000000800000000-0x0000000800bc8000-0x0000000800bc8000), size 12353536, SharedBaseAddress: 0x0000000800000000, ArchiveRelocationMode: 0.
Compressed class space mapped at: 0x0000000800c00000-0x0000000840c00000, reserved size: 1073741824
Narrow klass base: 0x0000000800000000, Narrow klass shift: 0, Narrow klass range: 0x100000000

GC Precious Log:
 CPUs: 8 total, 1 available
 Memory: 1024M
 Large Page Support: Disabled
 NUMA Support: Disabled
 Compressed Oops: Enabled (32-bit)
 Alignments: Space 512K, Generation 512K, Heap 2M
 Heap Min Capacity: 100M
 Heap Initial Capacity: 100M
 Heap Max Capacity: 512M
 Pre-touch: Disabled
 Parallel Workers: 1

Heap:
 PSYoungGen      total 48128K, used 28159K [0x00000000f5580000, 0x00000000f9980000, 0x0000000100000000)
  eden space 28160K, 99% used [0x00000000f5580000,0x00000000f70ffff0,0x00000000f7100000)
  from space 19968K, 0% used [0x00000000f8480000,0x00000000f8480000,0x00000000f9800000)
  to   space 19968K, 0% used [0x00000000f7100000,0x00000000f7100000,0x00000000f8480000)
 ParOldGen       total 349696K, used 349692K [0x00000000e0000000, 0x00000000f5580000, 0x00000000f5580000)
  object space 349696K, 99% used [0x00000000e0000000,0x00000000f557f0b0,0x00000000f5580000)
 Metaspace       used 61825K, committed 62976K, reserved 1105920K
  class space    used 5957K, committed 6400K, reserved 1048576K

Card table byte_map: [0x00007feb15853000,0x00007feb15954000] _byte_map_base: 0x00007feb15153000

Marking Bits: (ParMarkBitMap*) 0x00007feb16fa34c0
 Begin Bits: [0x00007feb146a6000, 0x00007feb14ea6000)
 End Bits:   [0x00007feb14ea6000, 0x00007feb156a6000)

Polling page: 0x00007feb15b6d000

Metaspace:

Usage:
  Non-class:     54.56 MB used.
      Class:      5.82 MB used.
       Both:     60.38 MB used.

Virtual space:
  Non-class space:       56.00 MB reserved,      55.25 MB ( 99%) committed,  7 nodes.
      Class space:        1.00 GB reserved,       6.25 MB ( <1%) committed,  1 nodes.
             Both:        1.05 GB reserved,      61.50 MB (  6%) committed. 

Chunk freelists:
   Non-Class:  155.00 KB
       Class:  1.83 MB
        Both:  1.98 MB

MaxMetaspaceSize: unlimited
CompressedClassSpaceSize: 1.00 GB
Initial GC threshold: 21.00 MB
Current GC threshold: 102.50 MB
CDS: on
MetaspaceReclaimPolicy: balanced
 - commit_granule_bytes: 65536.
 - commit_granule_words: 8192.
 - virtual_space_node_default_size: 1048576.
 - enlarge_chunks_in_place: 1.
 - new_chunks_are_fully_committed: 0.
 - uncommit_free_chunks: 1.
 - use_allocation_guard: 0.
 - handle_deallocations: 1.


Internal statistics:

num_allocs_failed_limit: 6.
num_arena_births: 510.
num_arena_deaths: 152.
num_vsnodes_births: 8.
num_vsnodes_deaths: 0.
num_space_committed: 981.
num_space_uncommitted: 0.
num_chunks_returned_to_freelist: 214.
num_chunks_taken_from_freelist: 2930.
num_chunk_merges: 90.
num_chunk_splits: 1931.
num_chunks_enlarged: 1215.
num_purges: 2.
num_inconsistent_stats: 0.

CodeHeap 'non-profiled nmethods': size=120036Kb used=2542Kb max_used=2542Kb free=117493Kb
 bounds [0x00007feafef7a000, 0x00007feaff1fa000, 0x00007feb064b3000]
CodeHeap 'profiled nmethods': size=120032Kb used=18846Kb max_used=18846Kb free=101185Kb
 bounds [0x00007feaf7a42000, 0x00007feaf8cb2000, 0x00007feafef7a000]
CodeHeap 'non-nmethods': size=5692Kb used=1383Kb max_used=1398Kb free=4308Kb
 bounds [0x00007feaf74b3000, 0x00007feaf7723000, 0x00007feaf7a42000]
 total_blobs=8849 nmethods=8130 adapters=631
 compilation: enabled
              stopped_count=0, restarted_count=0
 full_count=0

JVMCI Events (20 events):
Event: 67.334 Thread 0x00007feb100b2210 destroyed JavaVM[1]@0x00007feaf529e340 for JVMCI runtime 0
Event: 67.334 Thread 0x00007feb100b2210 compacted oop handles in JVMCI runtime 0 from 106 to 106
Event: 67.334 Thread 0x00007feb100b2210 releasing handles for JVMCI runtime 0: oop handles=106, metadata handles={total=1440, live=1149, blocks=45}
Event: 67.334 Thread 0x00007feb100b2210 detached from JVMCI runtime 0
Event: 240.325 Thread 0x00007feb100b2210 attached to JVMCI runtime 0
Event: 240.326 Thread 0x00007feb100b2210 created JavaVM[2]@0x00007feabb59e340 for JVMCI runtime 0
Event: 241.444 Thread 0x00007feb100b2210 initializing JVMCI runtime 0
Event: 241.444 Thread 0x00007feb100b2210 done waiting for JavaVM references initialization in JVMCI runtime 0
Event: 259.015 Thread 0x00007feb100b2210 initialized JVMCI runtime 0
Event: 262.695 Thread 0x00007feb100b2210 detaching from JVMCI runtime 0: releasing idle compiler thread (0 other threads still attached)
Event: 262.695 Thread 0x00007feb100b2210 shutting down HotSpotJVMCIRuntime for JVMCI runtime 0
Event: 262.695 Thread 0x00007feb100b2210 shut down JVMCI runtime 0
Event: 263.890 Thread 0x00007feb100b2210 destroyed JavaVM[2]@0x00007feabb59e340 for JVMCI runtime 0
Event: 263.890 Thread 0x00007feb100b2210 compacted oop handles in JVMCI runtime 0 from 42 to 42
Event: 263.890 Thread 0x00007feb100b2210 releasing handles for JVMCI runtime 0: oop handles=42, metadata handles={total=86, live=75, blocks=45}
Event: 263.890 Thread 0x00007feb100b2210 detached from JVMCI runtime 0
Event: 449.338 Thread 0x00007feb100b2210 attached to JVMCI runtime 0
Event: 449.340 Thread 0x00007feb100b2210 created JavaVM[3]@0x00007feabb59e340 for JVMCI runtime 0
Event: 450.633 Thread 0x00007feb100b2210 initializing JVMCI runtime 0
Event: 450.633 Thread 0x00007feb100b2210 done waiting for JavaVM references initialization in JVMCI runtime 0

Compilation events (20 events):
Event: 319.891 Thread 0x00007feb100b3720 nmethod 10622 0x00007feaf8ca4f10 code [0x00007feaf8ca50c0, 0x00007feaf8ca5480]
Event: 319.891 Thread 0x00007feb100b3720 10623   !   3       java.security.SecureRandom::nextBytes (41 bytes)
Event: 319.891 Thread 0x00007feb100b3720 nmethod 10623 0x00007feaf8ca5590 code [0x00007feaf8ca5760, 0x00007feaf8ca5e10]
Event: 319.891 Thread 0x00007feb100b3720 10624       3       sun.security.provider.NativePRNG::engineNextBytes (8 bytes)
Event: 319.891 Thread 0x00007feb100b3720 nmethod 10624 0x00007feaf8ca5f90 code [0x00007feaf8ca6140, 0x00007feaf8ca6280]
Event: 327.627 Thread 0x00007feb100b3720 10625       1       org.eclipse.core.internal.jobs.JobManager::getLockManager (5 bytes)
Event: 328.935 Thread 0x00007feb100b3720 nmethod 10625 0x00007feaff1f5890 code [0x00007feaff1f5a20, 0x00007feaff1f5af0]
Event: 361.815 Thread 0x00007feb100b3720 10626       3       org.eclipse.core.internal.resources.Project::getProject (2 bytes)
Event: 364.411 Thread 0x00007feb100b3720 nmethod 10626 0x00007feaf8ca6310 code [0x00007feaf8ca64a0, 0x00007feaf8ca65b0]
Event: 368.516 Thread 0x00007feb100b3720 10627  s    3       org.eclipse.jdt.internal.core.search.processing.JobManager::currentJob (35 bytes)
Event: 369.691 Thread 0x00007feb100b3720 nmethod 10627 0x00007feaf8ca6690 code [0x00007feaf8ca6860, 0x00007feaf8ca71b0]
Event: 401.358 Thread 0x00007feb100b3720 10628   !   3       org.eclipse.core.internal.jobs.JobManager::sleepHint (67 bytes)
Event: 401.359 Thread 0x00007feb100b3720 nmethod 10628 0x00007feaf8ca7310 code [0x00007feaf8ca7560, 0x00007feaf8ca7eb0]
Event: 401.359 Thread 0x00007feb100b3720 10629       3       org.eclipse.core.internal.jobs.JobQueue::isEmpty (18 bytes)
Event: 401.359 Thread 0x00007feb100b3720 nmethod 10629 0x00007feaf8ca8390 code [0x00007feaf8ca8540, 0x00007feaf8ca86d0]
Event: 414.086 Thread 0x00007feb100b3720 10630       3       java.util.concurrent.ThreadPoolExecutor::runStateAtLeast (11 bytes)
Event: 415.387 Thread 0x00007feb100b3720 nmethod 10630 0x00007feaf8ca8790 code [0x00007feaf8ca8920, 0x00007feaf8ca8a70]
Event: 449.338 Thread 0x00007feb100b2210 10632       4       java.util.HashMap::keysToArray (81 bytes)
Event: 449.338 Thread 0x00007feb100b3720 10633       3       org.eclipse.core.internal.preferences.ImmutableMap$ArrayMap::shareStrings (87 bytes)
Event: 454.208 Thread 0x00007feb100b3720 nmethod 10633 0x00007feaf8ca8b10 code [0x00007feaf8ca8d20, 0x00007feaf8ca9730]

GC Heap History (20 events):
Event: 507.502 GC heap before
{Heap before GC invocations=525 (full 370):
 PSYoungGen      total 48128K, used 28160K [0x00000000f5580000, 0x00000000f9980000, 0x0000000100000000)
  eden space 28160K, 100% used [0x00000000f5580000,0x00000000f7100000,0x00000000f7100000)
  from space 19968K, 0% used [0x00000000f8480000,0x00000000f8480000,0x00000000f9800000)
  to   space 19968K, 0% used [0x00000000f7100000,0x00000000f7100000,0x00000000f8480000)
 ParOldGen       total 349696K, used 349695K [0x00000000e0000000, 0x00000000f5580000, 0x00000000f5580000)
  object space 349696K, 99% used [0x00000000e0000000,0x00000000f557ff78,0x00000000f5580000)
 Metaspace       used 61825K, committed 62976K, reserved 1105920K
  class space    used 5957K, committed 6400K, reserved 1048576K
}
Event: 508.756 GC heap after
{Heap after GC invocations=525 (full 370):
 PSYoungGen      total 48128K, used 28159K [0x00000000f5580000, 0x00000000f9980000, 0x0000000100000000)
  eden space 28160K, 99% used [0x00000000f5580000,0x00000000f70fffe0,0x00000000f7100000)
  from space 19968K, 0% used [0x00000000f7100000,0x00000000f7100000,0x00000000f8480000)
  to   space 19968K, 0% used [0x00000000f8480000,0x00000000f8480000,0x00000000f9800000)
 ParOldGen       total 349696K, used 349695K [0x00000000e0000000, 0x00000000f5580000, 0x00000000f5580000)
  object space 349696K, 99% used [0x00000000e0000000,0x00000000f557fe98,0x00000000f5580000)
 Metaspace       used 61825K, committed 62976K, reserved 1105920K
  class space    used 5957K, committed 6400K, reserved 1048576K
}
Event: 508.756 GC heap before
{Heap before GC invocations=526 (full 371):
 PSYoungGen      total 48128K, used 28159K [0x00000000f5580000, 0x00000000f9980000, 0x0000000100000000)
  eden space 28160K, 99% used [0x00000000f5580000,0x00000000f70ffff8,0x00000000f7100000)
  from space 19968K, 0% used [0x00000000f7100000,0x00000000f7100000,0x00000000f8480000)
  to   space 19968K, 0% used [0x00000000f8480000,0x00000000f8480000,0x00000000f9800000)
 ParOldGen       total 349696K, used 349695K [0x00000000e0000000, 0x00000000f5580000, 0x00000000f5580000)
  object space 349696K, 99% used [0x00000000e0000000,0x00000000f557fff8,0x00000000f5580000)
 Metaspace       used 61825K, committed 62976K, reserved 1105920K
  class space    used 5957K, committed 6400K, reserved 1048576K
}
Event: 509.920 GC heap after
{Heap after GC invocations=526 (full 371):
 PSYoungGen      total 48128K, used 28159K [0x00000000f5580000, 0x00000000f9980000, 0x0000000100000000)
  eden space 28160K, 99% used [0x00000000f5580000,0x00000000f70fffe0,0x00000000f7100000)
  from space 19968K, 0% used [0x00000000f8480000,0x00000000f8480000,0x00000000f9800000)
  to   space 19968K, 0% used [0x00000000f7100000,0x00000000f7100000,0x00000000f8480000)
 ParOldGen       total 349696K, used 349695K [0x00000000e0000000, 0x00000000f5580000, 0x00000000f5580000)
  object space 349696K, 99% used [0x00000000e0000000,0x00000000f557fff8,0x00000000f5580000)
 Metaspace       used 61825K, committed 62976K, reserved 1105920K
  class space    used 5957K, committed 6400K, reserved 1048576K
}
Event: 509.920 GC heap before
{Heap before GC invocations=527 (full 372):
 PSYoungGen      total 48128K, used 28160K [0x00000000f5580000, 0x00000000f9980000, 0x0000000100000000)
  eden space 28160K, 100% used [0x00000000f5580000,0x00000000f7100000,0x00000000f7100000)
  from space 19968K, 0% used [0x00000000f8480000,0x00000000f8480000,0x00000000f9800000)
  to   space 19968K, 0% used [0x00000000f7100000,0x00000000f7100000,0x00000000f8480000)
 ParOldGen       total 349696K, used 349695K [0x00000000e0000000, 0x00000000f5580000, 0x00000000f5580000)
  object space 349696K, 99% used [0x00000000e0000000,0x00000000f557fff8,0x00000000f5580000)
 Metaspace       used 61825K, committed 62976K, reserved 1105920K
  class space    used 5957K, committed 6400K, reserved 1048576K
}
Event: 511.127 GC heap after
{Heap after GC invocations=527 (full 372):
 PSYoungGen      total 48128K, used 28160K [0x00000000f5580000, 0x00000000f9980000, 0x0000000100000000)
  eden space 28160K, 100% used [0x00000000f5580000,0x00000000f7100000,0x00000000f7100000)
  from space 19968K, 0% used [0x00000000f7100000,0x00000000f7100000,0x00000000f8480000)
  to   space 19968K, 0% used [0x00000000f8480000,0x00000000f8480000,0x00000000f9800000)
 ParOldGen       total 349696K, used 349695K [0x00000000e0000000, 0x00000000f5580000, 0x00000000f5580000)
  object space 349696K, 99% used [0x00000000e0000000,0x00000000f557fff8,0x00000000f5580000)
 Metaspace       used 61825K, committed 62976K, reserved 1105920K
  class space    used 5957K, committed 6400K, reserved 1048576K
}
Event: 511.127 GC heap before
{Heap before GC invocations=528 (full 373):
 PSYoungGen      total 48128K, used 28160K [0x00000000f5580000, 0x00000000f9980000, 0x0000000100000000)
  eden space 28160K, 100% used [0x00000000f5580000,0x00000000f7100000,0x00000000f7100000)
  from space 19968K, 0% used [0x00000000f7100000,0x00000000f7100000,0x00000000f8480000)
  to   space 19968K, 0% used [0x00000000f8480000,0x00000000f8480000,0x00000000f9800000)
 ParOldGen       total 349696K, used 349695K [0x00000000e0000000, 0x00000000f5580000, 0x00000000f5580000)
  object space 349696K, 99% used [0x00000000e0000000,0x00000000f557fff8,0x00000000f5580000)
 Metaspace       used 61825K, committed 62976K, reserved 1105920K
  class space    used 5957K, committed 6400K, reserved 1048576K
}
Event: 512.399 GC heap after
{Heap after GC invocations=528 (full 373):
 PSYoungGen      total 48128K, used 28159K [0x00000000f5580000, 0x00000000f9980000, 0x0000000100000000)
  eden space 28160K, 99% used [0x00000000f5580000,0x00000000f70fff40,0x00000000f7100000)
  from space 19968K, 0% used [0x00000000f8480000,0x00000000f8480000,0x00000000f9800000)
  to   space 19968K, 0% used [0x00000000f7100000,0x00000000f7100000,0x00000000f8480000)
 ParOldGen       total 349696K, used 349695K [0x00000000e0000000, 0x00000000f5580000, 0x00000000f5580000)
  object space 349696K, 99% used [0x00000000e0000000,0x00000000f557fef8,0x00000000f5580000)
 Metaspace       used 61825K, committed 62976K, reserved 1105920K
  class space    used 5957K, committed 6400K, reserved 1048576K
}
Event: 512.402 GC heap before
{Heap before GC invocations=529 (full 374):
 PSYoungGen      total 48128K, used 28160K [0x00000000f5580000, 0x00000000f9980000, 0x0000000100000000)
  eden space 28160K, 100% used [0x00000000f5580000,0x00000000f7100000,0x00000000f7100000)
  from space 19968K, 0% used [0x00000000f8480000,0x00000000f8480000,0x00000000f9800000)
  to   space 19968K, 0% used [0x00000000f7100000,0x00000000f7100000,0x00000000f8480000)
 ParOldGen       total 349696K, used 349695K [0x00000000e0000000, 0x00000000f5580000, 0x00000000f5580000)
  object space 349696K, 99% used [0x00000000e0000000,0x00000000f557fff8,0x00000000f5580000)
 Metaspace       used 61825K, committed 62976K, reserved 1105920K
  class space    used 5957K, committed 6400K, reserved 1048576K
}
Event: 513.528 GC heap after
{Heap after GC invocations=529 (full 374):
 PSYoungGen      total 48128K, used 28160K [0x00000000f5580000, 0x00000000f9980000, 0x0000000100000000)
  eden space 28160K, 100% used [0x00000000f5580000,0x00000000f7100000,0x00000000f7100000)
  from space 19968K, 0% used [0x00000000f7100000,0x00000000f7100000,0x00000000f8480000)
  to   space 19968K, 0% used [0x00000000f8480000,0x00000000f8480000,0x00000000f9800000)
 ParOldGen       total 349696K, used 349695K [0x00000000e0000000, 0x00000000f5580000, 0x00000000f5580000)
  object space 349696K, 99% used [0x00000000e0000000,0x00000000f557fff8,0x00000000f5580000)
 Metaspace       used 61825K, committed 62976K, reserved 1105920K
  class space    used 5957K, committed 6400K, reserved 1048576K
}
Event: 513.528 GC heap before
{Heap before GC invocations=530 (full 375):
 PSYoungGen      total 48128K, used 28160K [0x00000000f5580000, 0x00000000f9980000, 0x0000000100000000)
  eden space 28160K, 100% used [0x00000000f5580000,0x00000000f7100000,0x00000000f7100000)
  from space 19968K, 0% used [0x00000000f7100000,0x00000000f7100000,0x00000000f8480000)
  to   space 19968K, 0% used [0x00000000f8480000,0x00000000f8480000,0x00000000f9800000)
 ParOldGen       total 349696K, used 349695K [0x00000000e0000000, 0x00000000f5580000, 0x00000000f5580000)
  object space 349696K, 99% used [0x00000000e0000000,0x00000000f557fff8,0x00000000f5580000)
 Metaspace       used 61825K, committed 62976K, reserved 1105920K
  class space    used 5957K, committed 6400K, reserved 1048576K
}
Event: 514.705 GC heap after
{Heap after GC invocations=530 (full 375):
 PSYoungGen      total 48128K, used 28160K [0x00000000f5580000, 0x00000000f9980000, 0x0000000100000000)
  eden space 28160K, 100% used [0x00000000f5580000,0x00000000f7100000,0x00000000f7100000)
  from space 19968K, 0% used [0x00000000f8480000,0x00000000f8480000,0x00000000f9800000)
  to   space 19968K, 0% used [0x00000000f7100000,0x00000000f7100000,0x00000000f8480000)
 ParOldGen       total 349696K, used 349695K [0x00000000e0000000, 0x00000000f5580000, 0x00000000f5580000)
  object space 349696K, 99% used [0x00000000e0000000,0x00000000f557fff8,0x00000000f5580000)
 Metaspace       used 61825K, committed 62976K, reserved 1105920K
  class space    used 5957K, committed 6400K, reserved 1048576K
}
Event: 514.705 GC heap before
{Heap before GC invocations=531 (full 376):
 PSYoungGen      total 48128K, used 28160K [0x00000000f5580000, 0x00000000f9980000, 0x0000000100000000)
  eden space 28160K, 100% used [0x00000000f5580000,0x00000000f7100000,0x00000000f7100000)
  from space 19968K, 0% used [0x00000000f8480000,0x00000000f8480000,0x00000000f9800000)
  to   space 19968K, 0% used [0x00000000f7100000,0x00000000f7100000,0x00000000f8480000)
 ParOldGen       total 349696K, used 349695K [0x00000000e0000000, 0x00000000f5580000, 0x00000000f5580000)
  object space 349696K, 99% used [0x00000000e0000000,0x00000000f557fff8,0x00000000f5580000)
 Metaspace       used 61825K, committed 62976K, reserved 1105920K
  class space    used 5957K, committed 6400K, reserved 1048576K
}
Event: 515.934 GC heap after
{Heap after GC invocations=531 (full 376):
 PSYoungGen      total 48128K, used 28160K [0x00000000f5580000, 0x00000000f9980000, 0x0000000100000000)
  eden space 28160K, 100% used [0x00000000f5580000,0x00000000f7100000,0x00000000f7100000)
  from space 19968K, 0% used [0x00000000f7100000,0x00000000f7100000,0x00000000f8480000)
  to   space 19968K, 0% used [0x00000000f8480000,0x00000000f8480000,0x00000000f9800000)
 ParOldGen       total 349696K, used 349694K [0x00000000e0000000, 0x00000000f5580000, 0x00000000f5580000)
  object space 349696K, 99% used [0x00000000e0000000,0x00000000f557fa38,0x00000000f5580000)
 Metaspace       used 61825K, committed 62976K, reserved 1105920K
  class space    used 5957K, committed 6400K, reserved 1048576K
}
Event: 515.934 GC heap before
{Heap before GC invocations=532 (full 377):
 PSYoungGen      total 48128K, used 28160K [0x00000000f5580000, 0x00000000f9980000, 0x0000000100000000)
  eden space 28160K, 100% used [0x00000000f5580000,0x00000000f7100000,0x00000000f7100000)
  from space 19968K, 0% used [0x00000000f7100000,0x00000000f7100000,0x00000000f8480000)
  to   space 19968K, 0% used [0x00000000f8480000,0x00000000f8480000,0x00000000f9800000)
 ParOldGen       total 349696K, used 349695K [0x00000000e0000000, 0x00000000f5580000, 0x00000000f5580000)
  object space 349696K, 99% used [0x00000000e0000000,0x00000000f557fed8,0x00000000f5580000)
 Metaspace       used 61825K, committed 62976K, reserved 1105920K
  class space    used 5957K, committed 6400K, reserved 1048576K
}
Event: 517.259 GC heap after
{Heap after GC invocations=532 (full 377):
 PSYoungGen      total 48128K, used 28160K [0x00000000f5580000, 0x00000000f9980000, 0x0000000100000000)
  eden space 28160K, 100% used [0x00000000f5580000,0x00000000f7100000,0x00000000f7100000)
  from space 19968K, 0% used [0x00000000f8480000,0x00000000f8480000,0x00000000f9800000)
  to   space 19968K, 0% used [0x00000000f7100000,0x00000000f7100000,0x00000000f8480000)
 ParOldGen       total 349696K, used 349695K [0x00000000e0000000, 0x00000000f5580000, 0x00000000f5580000)
  object space 349696K, 99% used [0x00000000e0000000,0x00000000f557fed8,0x00000000f5580000)
 Metaspace       used 61825K, committed 62976K, reserved 1105920K
  class space    used 5957K, committed 6400K, reserved 1048576K
}
Event: 517.259 GC heap before
{Heap before GC invocations=533 (full 378):
 PSYoungGen      total 48128K, used 28160K [0x00000000f5580000, 0x00000000f9980000, 0x0000000100000000)
  eden space 28160K, 100% used [0x00000000f5580000,0x00000000f7100000,0x00000000f7100000)
  from space 19968K, 0% used [0x00000000f8480000,0x00000000f8480000,0x00000000f9800000)
  to   space 19968K, 0% used [0x00000000f7100000,0x00000000f7100000,0x00000000f8480000)
 ParOldGen       total 349696K, used 349695K [0x00000000e0000000, 0x00000000f5580000, 0x00000000f5580000)
  object space 349696K, 99% used [0x00000000e0000000,0x00000000f557fed8,0x00000000f5580000)
 Metaspace       used 61825K, committed 62976K, reserved 1105920K
  class space    used 5957K, committed 6400K, reserved 1048576K
}
Event: 518.519 GC heap after
{Heap after GC invocations=533 (full 378):
 PSYoungGen      total 48128K, used 28160K [0x00000000f5580000, 0x00000000f9980000, 0x0000000100000000)
  eden space 28160K, 100% used [0x00000000f5580000,0x00000000f7100000,0x00000000f7100000)
  from space 19968K, 0% used [0x00000000f7100000,0x00000000f7100000,0x00000000f8480000)
  to   space 19968K, 0% used [0x00000000f8480000,0x00000000f8480000,0x00000000f9800000)
 ParOldGen       total 349696K, used 349695K [0x00000000e0000000, 0x00000000f5580000, 0x00000000f5580000)
  object space 349696K, 99% used [0x00000000e0000000,0x00000000f557fed8,0x00000000f5580000)
 Metaspace       used 61825K, committed 62976K, reserved 1105920K
  class space    used 5957K, committed 6400K, reserved 1048576K
}
Event: 518.520 GC heap before
{Heap before GC invocations=534 (full 379):
 PSYoungGen      total 48128K, used 28160K [0x00000000f5580000, 0x00000000f9980000, 0x0000000100000000)
  eden space 28160K, 100% used [0x00000000f5580000,0x00000000f7100000,0x00000000f7100000)
  from space 19968K, 0% used [0x00000000f7100000,0x00000000f7100000,0x00000000f8480000)
  to   space 19968K, 0% used [0x00000000f8480000,0x00000000f8480000,0x00000000f9800000)
 ParOldGen       total 349696K, used 349695K [0x00000000e0000000, 0x00000000f5580000, 0x00000000f5580000)
  object space 349696K, 99% used [0x00000000e0000000,0x00000000f557fff8,0x00000000f5580000)
 Metaspace       used 61825K, committed 62976K, reserved 1105920K
  class space    used 5957K, committed 6400K, reserved 1048576K
}
Event: 519.892 GC heap after
{Heap after GC invocations=534 (full 379):
 PSYoungGen      total 48128K, used 28159K [0x00000000f5580000, 0x00000000f9980000, 0x0000000100000000)
  eden space 28160K, 99% used [0x00000000f5580000,0x00000000f70ffe88,0x00000000f7100000)
  from space 19968K, 0% used [0x00000000f8480000,0x00000000f8480000,0x00000000f9800000)
  to   space 19968K, 0% used [0x00000000f7100000,0x00000000f7100000,0x00000000f8480000)
 ParOldGen       total 349696K, used 349692K [0x00000000e0000000, 0x00000000f5580000, 0x00000000f5580000)
  object space 349696K, 99% used [0x00000000e0000000,0x00000000f557f0b0,0x00000000f5580000)
 Metaspace       used 61825K, committed 62976K, reserved 1105920K
  class space    used 5957K, committed 6400K, reserved 1048576K
}

Dll operation events (9 events):
Event: 0.008 Loaded shared library /nix/store/gpxl5qgg8kicmcvivwmybwjlpf7wh20l-graalvm17-ce-22.3.0/lib/libjava.so
Event: 0.013 Loaded shared library /nix/store/gpxl5qgg8kicmcvivwmybwjlpf7wh20l-graalvm17-ce-22.3.0/lib/libjsvml.so
Event: 0.421 Loaded shared library /nix/store/gpxl5qgg8kicmcvivwmybwjlpf7wh20l-graalvm17-ce-22.3.0/lib/libnio.so
Event: 0.426 Loaded shared library /nix/store/gpxl5qgg8kicmcvivwmybwjlpf7wh20l-graalvm17-ce-22.3.0/lib/libzip.so
Event: 0.429 Loaded shared library /nix/store/gpxl5qgg8kicmcvivwmybwjlpf7wh20l-graalvm17-ce-22.3.0/lib/libjvmcicompiler.so
Event: 1.050 Loaded shared library /nix/store/gpxl5qgg8kicmcvivwmybwjlpf7wh20l-graalvm17-ce-22.3.0/lib/libjimage.so
Event: 1.803 Loaded shared library /nix/store/gpxl5qgg8kicmcvivwmybwjlpf7wh20l-graalvm17-ce-22.3.0/lib/libnet.so
Event: 5.615 Loaded shared library /home/runner/.cache/jdt-language-server/config/org.eclipse.equinox.launcher/org.eclipse.equinox.launcher.gtk.linux.x86_64_1.2.400.v20211117-0650/eclipse_11600.so
Event: 13.712 Loaded shared library /nix/store/gpxl5qgg8kicmcvivwmybwjlpf7wh20l-graalvm17-ce-22.3.0/lib/libextnet.so

Deoptimization events (20 events):
Event: 65.390 Thread 0x00007feaa4489250 DEOPT PACKING pc=0x00007feaf8ca3a5d sp=0x00007feabd1fe530
Event: 65.390 Thread 0x00007feaa4489250 DEOPT UNPACKING pc=0x00007feaf7505325 sp=0x00007feabd1fda20 mode 0
Event: 65.391 Thread 0x00007feaa4489250 DEOPT PACKING pc=0x00007feaf8ca3a5d sp=0x00007feabd1fe530
Event: 65.391 Thread 0x00007feaa4489250 DEOPT UNPACKING pc=0x00007feaf7505325 sp=0x00007feabd1fda20 mode 0
Event: 65.393 Thread 0x00007feaa4489250 DEOPT PACKING pc=0x00007feaf8ca3a5d sp=0x00007feabd1fe530
Event: 65.393 Thread 0x00007feaa4489250 DEOPT UNPACKING pc=0x00007feaf7505325 sp=0x00007feabd1fda20 mode 0
Event: 65.396 Thread 0x00007feaa4489250 DEOPT PACKING pc=0x00007feaf8ca3a5d sp=0x00007feabd1fe530
Event: 65.396 Thread 0x00007feaa4489250 DEOPT UNPACKING pc=0x00007feaf7505325 sp=0x00007feabd1fda20 mode 0
Event: 256.598 Thread 0x00007feb100b2210 Uncommon trap: trap_request=0xffffffcd fr.pc=0x00007feaff1f06f8 relative=0x0000000000000b98
Event: 256.598 Thread 0x00007feb100b2210 Uncommon trap: reason=intrinsic_or_type_checked_inlining action=reinterpret pc=0x00007feaff1f06f8 method=java.io.DataOutputStream.write([BII)V @ 0 jvmci
Event: 256.598 Thread 0x00007feb100b2210 DEOPT PACKING pc=0x00007feaff1f06f8 sp=0x00007feaf6017ff0
Event: 256.598 Thread 0x00007feb100b2210 DEOPT UNPACKING pc=0x00007feaf7505325 sp=0x00007feaf60173b8 mode 3
Event: 444.410 Thread 0x00007fea801672e0 Uncommon trap: trap_request=0xffffffcd fr.pc=0x00007feaff1b62ee relative=0x000000000000006e
Event: 444.410 Thread 0x00007fea801672e0 Uncommon trap: reason=intrinsic_or_type_checked_inlining action=reinterpret pc=0x00007feaff1b62ee method=org.eclipse.jdt.internal.core.JavaElement.getJavaProject()Lorg/eclipse/jdt/core/IJavaProject; @ 0 jvmci
Event: 444.410 Thread 0x00007fea801672e0 DEOPT PACKING pc=0x00007feaff1b62ee sp=0x00007feabc7fde80
Event: 444.410 Thread 0x00007fea801672e0 DEOPT UNPACKING pc=0x00007feaf7505325 sp=0x00007feabc7fd328 mode 3
Event: 514.705 Thread 0x00007feb1038f9b0 Uncommon trap: trap_request=0xffffff8f fr.pc=0x00007feaff09cdee relative=0x000000000000098e
Event: 514.705 Thread 0x00007feb1038f9b0 Uncommon trap: reason=constraint action=none pc=0x00007feaff09cdee method=java.util.HashMap.putVal(ILjava/lang/Object;Ljava/lang/Object;ZZ)Ljava/lang/Object; @ 145 jvmci
Event: 514.705 Thread 0x00007feb1038f9b0 DEOPT PACKING pc=0x00007feaff09cdee sp=0x00007feabc9fcaf0
Event: 514.705 Thread 0x00007feb1038f9b0 DEOPT UNPACKING pc=0x00007feaf7505325 sp=0x00007feabc9fbf90 mode 3

Classes unloaded (20 events):
Event: 71.579 Thread 0x00007feb100a1c10 Unloading class 0x0000000800ef0000 'jdk/internal/reflect/GeneratedConstructorAccessor8'
Event: 71.579 Thread 0x00007feb100a1c10 Unloading class 0x0000000800d99000 'java/lang/invoke/LambdaForm$MH+0x0000000800d99000'
Event: 71.579 Thread 0x00007feb100a1c10 Unloading class 0x0000000800d98c00 'java/lang/invoke/LambdaForm$MH+0x0000000800d98c00'
Event: 71.579 Thread 0x00007feb100a1c10 Unloading class 0x0000000800d98800 'java/lang/invoke/LambdaForm$MH+0x0000000800d98800'
Event: 71.579 Thread 0x00007feb100a1c10 Unloading class 0x0000000800d98400 'java/lang/invoke/LambdaForm$MH+0x0000000800d98400'
Event: 71.579 Thread 0x00007feb100a1c10 Unloading class 0x0000000800d98000 'jdk/internal/reflect/GeneratedConstructorAccessor3'
Event: 71.579 Thread 0x00007feb100a1c10 Unloading class 0x0000000800d06800 'java/lang/invoke/LambdaForm$MH+0x0000000800d06800'
Event: 71.579 Thread 0x00007feb100a1c10 Unloading class 0x0000000800d06000 'java/lang/invoke/LambdaForm$MH+0x0000000800d06000'
Event: 71.579 Thread 0x00007feb100a1c10 Unloading class 0x0000000800d05c00 'java/lang/invoke/LambdaForm$MH+0x0000000800d05c00'
Event: 71.579 Thread 0x00007feb100a1c10 Unloading class 0x0000000800d05800 'java/lang/invoke/LambdaForm$MH+0x0000000800d05800'
Event: 71.579 Thread 0x00007feb100a1c10 Unloading class 0x0000000800d05000 'java/lang/invoke/LambdaForm$MH+0x0000000800d05000'
Event: 71.579 Thread 0x00007feb100a1c10 Unloading class 0x0000000800d04c00 'java/lang/invoke/LambdaForm$MH+0x0000000800d04c00'
Event: 71.579 Thread 0x00007feb100a1c10 Unloading class 0x0000000800d04800 'java/lang/invoke/LambdaForm$MH+0x0000000800d04800'
Event: 71.579 Thread 0x00007feb100a1c10 Unloading class 0x0000000800d04000 'java/lang/invoke/LambdaForm$MH+0x0000000800d04000'
Event: 71.579 Thread 0x00007feb100a1c10 Unloading class 0x0000000800c1d000 'jdk/internal/reflect/GeneratedMethodAccessor5'
Event: 71.579 Thread 0x00007feb100a1c10 Unloading class 0x0000000800c1cc00 'jdk/internal/reflect/GeneratedMethodAccessor4'
Event: 71.579 Thread 0x00007feb100a1c10 Unloading class 0x0000000800c1c800 'jdk/internal/reflect/GeneratedMethodAccessor3'
Event: 71.579 Thread 0x00007feb100a1c10 Unloading class 0x0000000800c1c400 'jdk/internal/reflect/GeneratedMethodAccessor2'
Event: 71.579 Thread 0x00007feb100a1c10 Unloading class 0x0000000800c1c000 'jdk/internal/reflect/GeneratedMethodAccessor1'
Event: 71.579 Thread 0x00007feb100a1c10 Unloading class 0x0000000800c01c00 'java/lang/invoke/LambdaForm$DMH+0x0000000800c01c00'

Classes redefined (0 events):
No events

Internal exceptions (20 events):
Event: 37.902 Thread 0x00007fea78000ff0 Exception <a 'java/lang/NoSuchMethodError'{0x00000000f55eb840}: 'java.lang.Object java.lang.invoke.DirectMethodHandle$Holder.newInvokeSpecial(java.lang.Object, java.lang.Object, java.lang.Object, long)'> (0x00000000f55eb840) 
thrown [src/hotspot/share/interpreter/linkResolver.cpp, line 758]
Event: 37.903 Thread 0x00007fea78000ff0 Exception <a 'java/lang/NoSuchMethodError'{0x00000000f55f1100}: 'java.lang.Object java.lang.invoke.DirectMethodHandle$Holder.invokeSpecial(java.lang.Object, java.lang.Object, java.lang.Object, java.lang.Object, long)'> (0x00000000f55f1100) 
thrown [src/hotspot/share/interpreter/linkResolver.cpp, line 758]
Event: 37.903 Thread 0x00007fea78000ff0 Exception <a 'java/lang/NoSuchMethodError'{0x00000000f560bdf0}: 'java.lang.Object java.lang.invoke.Invokers$Holder.linkToTargetMethod(java.lang.Object, java.lang.Object, long, java.lang.Object)'> (0x00000000f560bdf0) 
thrown [src/hotspot/share/interpreter/linkResolver.cpp, line 758]
Event: 38.180 Thread 0x00007fea98007280 Exception <a 'java/io/FileNotFoundException'{0x00000000f55ef820}> (0x00000000f55ef820) 
thrown [src/hotspot/share/prims/jni.cpp, line 516]
Event: 38.193 Thread 0x00007fea98007280 Exception <a 'java/lang/NoSuchMethodError'{0x00000000f5632ef0}: 'java.lang.Object java.lang.invoke.DirectMethodHandle$Holder.newInvokeSpecial(java.lang.Object, java.lang.Object, int, java.lang.Object, java.lang.Object)'> (0x00000000f5632ef0) 
thrown [src/hotspot/share/interpreter/linkResolver.cpp, line 758]
Event: 38.194 Thread 0x00007fea98007280 Exception <a 'java/lang/NoSuchMethodError'{0x00000000f56385c0}: 'java.lang.Object java.lang.invoke.DirectMethodHandle$Holder.invokeSpecial(java.lang.Object, java.lang.Object, java.lang.Object, int, java.lang.Object, java.lang.Object)'> (0x00000000f56385c0) 
thrown [src/hotspot/share/interpreter/linkResolver.cpp, line 758]
Event: 38.385 Thread 0x00007fea98007280 Exception <a 'java/lang/NoSuchMethodError'{0x00000000f5adf050}: 'java.lang.Object java.lang.invoke.DirectMethodHandle$Holder.newInvokeSpecial(java.lang.Object, java.lang.Object, java.lang.Object, int, java.lang.Object)'> (0x00000000f5adf050) 
thrown [src/hotspot/share/interpreter/linkResolver.cpp, line 758]
Event: 38.385 Thread 0x00007fea98007280 Exception <a 'java/lang/NoSuchMethodError'{0x00000000f5ae36b8}: 'java.lang.Object java.lang.invoke.DirectMethodHandle$Holder.invokeSpecial(java.lang.Object, java.lang.Object, java.lang.Object, java.lang.Object, int, java.lang.Object)'> (0x00000000f5ae36b8) 
thrown [src/hotspot/share/interpreter/linkResolver.cpp, line 758]
Event: 38.386 Thread 0x00007fea98007280 Exception <a 'java/lang/NoSuchMethodError'{0x00000000f5ae7400}: 'java.lang.Object java.lang.invoke.Invokers$Holder.linkToTargetMethod(java.lang.Object, java.lang.Object, int, java.lang.Object, java.lang.Object)'> (0x00000000f5ae7400) 
thrown [src/hotspot/share/interpreter/linkResolver.cpp, line 758]
Event: 39.283 Thread 0x00007fea7c001130 Implicit null exception at 0x00007feaff179ca2 to 0x00007feaff17a02f
Event: 39.883 Thread 0x00007fea7c001130 Implicit null exception at 0x00007feaff0d2fe9 to 0x00007feaff0d319b
Event: 44.981 Thread 0x00007feaa4489250 Implicit null exception at 0x00007feaff198bf2 to 0x00007feaff19b7ad
Event: 49.287 Thread 0x00007fea801672e0 Exception <a 'java/lang/NoSuchMethodError'{0x00000000f64a9158}: 'java.lang.Object java.lang.invoke.DirectMethodHandle$Holder.newInvokeSpecial(java.lang.Object, java.lang.Object, int, java.lang.Object, java.lang.Object, java.lang.Object, java.lang.Object)'> (0x00000000f64a9158) 
thrown [src/hotspot/share/interpreter/linkResolver.cpp, line 758]
Event: 49.506 Thread 0x00007fea801672e0 Exception <a 'java/lang/NoSuchMethodError'{0x00000000f5846f60}: 'void java.lang.invoke.DirectMethodHandle$Holder.invokeSpecial(java.lang.Object, java.lang.Object, int)'> (0x00000000f5846f60) 
thrown [src/hotspot/share/interpreter/linkResolver.cpp, line 758]
Event: 51.486 Thread 0x00007fea80198e10 Exception <a 'java/lang/NoSuchMethodError'{0x00000000f5587130}: 'java.lang.Object java.lang.invoke.DirectMethodHandle$Holder.invokeStatic(java.lang.Object, int, java.lang.Object, java.lang.Object, java.lang.Object, java.lang.Object)'> (0x00000000f5587130) 
thrown [src/hotspot/share/interpreter/linkResolver.cpp, line 758]
Event: 51.487 Thread 0x00007fea80198e10 Exception <a 'java/lang/NoSuchMethodError'{0x00000000f5630120}: 'java.lang.Object java.lang.invoke.DirectMethodHandle$Holder.newInvokeSpecial(java.lang.Object, int, java.lang.Object, java.lang.Object, java.lang.Object)'> (0x00000000f5630120) 
thrown [src/hotspot/share/interpreter/linkResolver.cpp, line 758]
Event: 54.682 Thread 0x00007fea801672e0 Exception <a 'java/lang/NoSuchMethodError'{0x00000000f65cff48}: 'int java.lang.invoke.DirectMethodHandle$Holder.invokeSpecialIFC(java.lang.Object, java.lang.Object, java.lang.Object, java.lang.Object)'> (0x00000000f65cff48) 
thrown [src/hotspot/share/interpreter/linkResolver.cpp, line 758]
Event: 514.705 Thread 0x00007feb1038f9b0 Exception <a 'java/lang/OutOfMemoryError'{0x00000000e00125b0}> (0x00000000e00125b0) 
thrown [src/hotspot/share/gc/shared/memAllocator.cpp, line 138]
Event: 514.705 Thread 0x00007feb1038f9b0 Implicit null exception at 0x00007feaff09cb5f to 0x00007feaff09cdd3
Event: 518.520 Thread 0x00007feb100b2210 Exception <a 'java/lang/OutOfMemoryError'{0x00000000e0011a70}> (0x00000000e0011a70) 
thrown [src/hotspot/share/gc/shared/memAllocator.cpp, line 136]

VM Operations (20 events):
Event: 503.824 Executing VM operation: ParallelGCFailedAllocation done
Event: 503.824 Executing VM operation: ParallelGCFailedAllocation
Event: 505.014 Executing VM operation: ParallelGCFailedAllocation done
Event: 505.014 Executing VM operation: ParallelGCFailedAllocation
Event: 506.312 Executing VM operation: ParallelGCFailedAllocation done
Event: 506.312 Executing VM operation: ParallelGCFailedAllocation
Event: 507.501 Executing VM operation: ParallelGCFailedAllocation done
Event: 507.502 Executing VM operation: ParallelGCFailedAllocation
Event: 508.756 Executing VM operation: ParallelGCFailedAllocation done
Event: 508.756 Executing VM operation: ParallelGCFailedAllocation
Event: 509.920 Executing VM operation: ParallelGCFailedAllocation done
Event: 509.920 Executing VM operation: ParallelGCFailedAllocation
Event: 512.399 Executing VM operation: ParallelGCFailedAllocation done
Event: 512.400 Executing VM operation: ParallelGCFailedAllocation
Event: 514.705 Executing VM operation: ParallelGCFailedAllocation done
Event: 514.705 Executing VM operation: ParallelGCFailedAllocation
Event: 515.934 Executing VM operation: ParallelGCFailedAllocation done
Event: 515.934 Executing VM operation: ParallelGCFailedAllocation
Event: 518.519 Executing VM operation: ParallelGCFailedAllocation done
Event: 518.520 Executing VM operation: ParallelGCFailedAllocation

Events (20 events):
Event: 50.305 Thread 0x00007feb100b4780 flushing nmethod 0x00007feaf85f4a90
Event: 50.322 Thread 0x00007feb100b4780 flushing nmethod 0x00007feaf89a2190
Event: 51.592 loading class java/util/concurrent/ConcurrentHashMap$TreeNode
Event: 51.592 loading class java/util/concurrent/ConcurrentHashMap$TreeNode done
Event: 51.592 loading class java/util/concurrent/ConcurrentHashMap$TreeBin
Event: 51.593 loading class java/util/concurrent/ConcurrentHashMap$TreeBin done
Event: 54.783 Thread 0x00007fea801672e0 Thread exited: 0x00007fea801672e0
Event: 56.778 Thread 0x00007fea80198e10 Thread exited: 0x00007fea80198e10
Event: 62.193 Thread 0x00007feb102276e0 Thread exited: 0x00007feb102276e0
Event: 90.531 Thread 0x00007feaa0005940 Thread exited: 0x00007feaa0005940
Event: 111.501 Thread 0x00007fea98007280 Thread exited: 0x00007fea98007280
Event: 112.711 Thread 0x00007fea78000ff0 Thread exited: 0x00007fea78000ff0
Event: 112.711 Thread 0x00007fea7c001130 Thread exited: 0x00007fea7c001130
Event: 236.260 Thread 0x00007fea801672e0 Thread added: 0x00007fea801672e0
Event: 236.260 Protecting memory [0x00007feabc700000,0x00007feabc704000] with protection modes 0
Event: 402.797 Thread 0x00007fea8c00aa40 Thread added: 0x00007fea8c00aa40
Event: 402.797 Protecting memory [0x00007feaf4000000,0x00007feaf4004000] with protection modes 0
Event: 422.919 Thread 0x00007fea74435cf0 Thread exited: 0x00007fea74435cf0
Event: 433.089 Thread 0x00007feaa0004550 Thread exited: 0x00007feaa0004550
Event: 448.002 Thread 0x00007fea74436530 Thread exited: 0x00007fea74436530


Dynamic libraries:
e0000000-f5580000 rw-p 00000000 00:00 0 
f5580000-f9980000 rw-p 00000000 00:00 0 
f9980000-100000000 ---p 00000000 00:00 0 
800000000-800449000 rw-p 00001000 00:18f9 4611686019135357769            /nix/store/gpxl5qgg8kicmcvivwmybwjlpf7wh20l-graalvm17-ce-22.3.0/lib/server/classes.jsa
800449000-800bc8000 r--p 0044a000 00:18f9 4611686019135357769            /nix/store/gpxl5qgg8kicmcvivwmybwjlpf7wh20l-graalvm17-ce-22.3.0/lib/server/classes.jsa
800bc8000-800c00000 ---p 00000000 00:00 0 
800c00000-800c20000 rw-p 00000000 00:00 0 
800c20000-800c40000 rw-p 00000000 00:00 0 
800c40000-800cc0000 rw-p 00000000 00:00 0 
800cc0000-800d00000 rw-p 00000000 00:00 0 
800d00000-800dc0000 rw-p 00000000 00:00 0 
800dc0000-800e00000 rw-p 00000000 00:00 0 
800e00000-800f40000 rw-p 00000000 00:00 0 
800f40000-800fc0000 rw-p 00000000 00:00 0 
800fc0000-801000000 rw-p 00000000 00:00 0 
801000000-801240000 rw-p 00000000 00:00 0 
801240000-840c00000 ---p 00000000 00:00 0 
555d0175c000-555d0175d000 r-xp 00000000 00:18f9 4611686019099417844      /nix/store/gpxl5qgg8kicmcvivwmybwjlpf7wh20l-graalvm17-ce-22.3.0/bin/.java-wrapped
555d0175e000-555d0175f000 r--p 00001000 00:18f9 4611686019099417844      /nix/store/gpxl5qgg8kicmcvivwmybwjlpf7wh20l-graalvm17-ce-22.3.0/bin/.java-wrapped
555d0175f000-555d01760000 rw-p 00002000 00:18f9 4611686019099417844      /nix/store/gpxl5qgg8kicmcvivwmybwjlpf7wh20l-graalvm17-ce-22.3.0/bin/.java-wrapped
555d01760000-555d01761000 rw-p 00004000 00:18f9 4611686019099417844      /nix/store/gpxl5qgg8kicmcvivwmybwjlpf7wh20l-graalvm17-ce-22.3.0/bin/.java-wrapped
555d01761000-555d01762000 rw-p 00005000 00:18f9 4611686019099417844      /nix/store/gpxl5qgg8kicmcvivwmybwjlpf7wh20l-graalvm17-ce-22.3.0/bin/.java-wrapped
555d017bf000-555d01807000 rw-p 00000000 00:00 0                          [heap]
7fea44000000-7fea44069000 rw-p 00000000 00:00 0 
7fea44069000-7fea48000000 ---p 00000000 00:00 0 
7fea4c000000-7fea4c021000 rw-p 00000000 00:00 0 
7fea4c021000-7fea50000000 ---p 00000000 00:00 0 
7fea50000000-7fea5012f000 rw-p 00000000 00:00 0 
7fea5012f000-7fea54000000 ---p 00000000 00:00 0 
7fea54000000-7fea54021000 rw-p 00000000 00:00 0 
7fea54021000-7fea58000000 ---p 00000000 00:00 0 
7fea58000000-7fea58021000 rw-p 00000000 00:00 0 
7fea58021000-7fea5c000000 ---p 00000000 00:00 0 
7fea5c000000-7fea5c021000 rw-p 00000000 00:00 0 
7fea5c021000-7fea60000000 ---p 00000000 00:00 0 
7fea624b3000-7fea6c000000 r--s 00000000 00:18f9 4611686019135192581      /nix/store/gpxl5qgg8kicmcvivwmybwjlpf7wh20l-graalvm17-ce-22.3.0/lib/modules
7fea6c000000-7fea6c06d000 rw-p 00000000 00:00 0 
7fea6c06d000-7fea70000000 ---p 00000000 00:00 0 
7fea72400000-7fea72c00000 rw-p 00000000 00:00 0 
7fea72c00000-7fea72f40000 rw-p 00000000 00:00 0 
7fea72f40000-7fea73000000 ---p 00000000 00:00 0 
7fea73000000-7fea73400000 rw-p 00000000 00:00 0 
7fea73800000-7fea739e0000 rw-p 00000000 00:00 0 
7fea739e0000-7fea73a00000 rw-p 00000000 00:00 0 
7fea73a00000-7fea73d00000 rw-p 00000000 00:00 0 
7fea73d00000-7fea73e00000 rw-p 00000000 00:00 0 
7fea73e00000-7fea74000000 rw-p 00000000 00:00 0 
7fea74000000-7fea745fe000 rw-p 00000000 00:00 0 
7fea745fe000-7fea78000000 ---p 00000000 00:00 0 
7fea78000000-7fea78021000 rw-p 00000000 00:00 0 
7fea78021000-7fea7c000000 ---p 00000000 00:00 0 
7fea7c000000-7fea7c113000 rw-p 00000000 00:00 0 
7fea7c113000-7fea80000000 ---p 00000000 00:00 0 
7fea80000000-7fea801b5000 rw-p 00000000 00:00 0 
7fea801b5000-7fea84000000 ---p 00000000 00:00 0 
7fea84000000-7fea84021000 rw-p 00000000 00:00 0 
7fea84021000-7fea88000000 ---p 00000000 00:00 0 
7fea88000000-7fea88021000 rw-p 00000000 00:00 0 
7fea88021000-7fea8c000000 ---p 00000000 00:00 0 
7fea8c000000-7fea8c04c000 rw-p 00000000 00:00 0 
7fea8c04c000-7fea90000000 ---p 00000000 00:00 0 
7fea90000000-7fea90069000 rw-p 00000000 00:00 0 
7fea90069000-7fea94000000 ---p 00000000 00:00 0 
7fea94000000-7fea94021000 rw-p 00000000 00:00 0 
7fea94021000-7fea98000000 ---p 00000000 00:00 0 
7fea98000000-7fea98346000 rw-p 00000000 00:00 0 
7fea98346000-7fea9c000000 ---p 00000000 00:00 0 
7fea9c000000-7fea9c021000 rw-p 00000000 00:00 0 
7fea9c021000-7feaa0000000 ---p 00000000 00:00 0 
7feaa0000000-7feaa0021000 rw-p 00000000 00:00 0 
7feaa0021000-7feaa4000000 ---p 00000000 00:00 0 
7feaa4000000-7feaa48ea000 rw-p 00000000 00:00 0 
7feaa48ea000-7feaa8000000 ---p 00000000 00:00 0 
7feaa8000000-7feaa8025000 rw-p 00000000 00:00 0 
7feaa8025000-7feaac000000 ---p 00000000 00:00 0 
7feaac000000-7feaac021000 rw-p 00000000 00:00 0 
7feaac021000-7feab0000000 ---p 00000000 00:00 0 
7feab0000000-7feab0021000 rw-p 00000000 00:00 0 
7feab0021000-7feab4000000 ---p 00000000 00:00 0 
7feab4000000-7feab4021000 rw-p 00000000 00:00 0 
7feab4021000-7feab8000000 ---p 00000000 00:00 0 
7feab8000000-7feab8080000 rw-p 00000000 00:00 0 
7feab8080000-7feab8100000 rw-p 00000000 00:00 0 
7feab8100000-7feab82e0000 rw-p 00000000 00:00 0 
7feab82e0000-7feab8300000 rw-p 00000000 00:00 0 
7feab8300000-7feab8500000 rw-p 00000000 00:00 0 
7feab8500000-7feab8600000 rw-p 00000000 00:00 0 
7feab8600000-7feab8800000 rw-p 00000000 00:00 0 
7feab8800000-7feab8900000 rw-p 00000000 00:00 0 
7feab8900000-7feab8a00000 rw-p 00000000 00:00 0 
7feab8a00000-7feab8f80000 rw-p 00000000 00:00 0 
7feab8f80000-7feab9000000 rw-p 00000000 00:00 0 
7feab9000000-7feab9100000 rw-p 00000000 00:00 0 
7feab9100000-7feab9200000 rw-p 00000000 00:00 0 
7feab9200000-7feab9500000 rw-p 00000000 00:00 0 
7feab9500000-7feab9600000 rw-p 00000000 00:00 0 
7feab9600000-7feab9800000 rw-p 00000000 00:00 0 
7feab9800000-7feab9810000 r-xp 00000000 00:18f6 382                      /home/runner/.cache/jdt-language-server/config/org.eclipse.equinox.launcher/org.eclipse.equinox.launcher.gtk.linux.x86_64_1.2.400.v20211117-0650/eclipse_11600.so
7feab9810000-7feab9a0f000 ---p 00010000 00:18f6 382                      /home/runner/.cache/jdt-language-server/config/org.eclipse.equinox.launcher/org.eclipse.equinox.launcher.gtk.linux.x86_64_1.2.400.v20211117-0650/eclipse_11600.so
7feab9a0f000-7feab9a10000 r--p 0000f000 00:18f6 382                      /home/runner/.cache/jdt-language-server/config/org.eclipse.equinox.launcher/org.eclipse.equinox.launcher.gtk.linux.x86_64_1.2.400.v20211117-0650/eclipse_11600.so
7feab9a10000-7feab9a11000 rw-p 00010000 00:18f6 382                      /home/runner/.cache/jdt-language-server/config/org.eclipse.equinox.launcher/org.eclipse.equinox.launcher.gtk.linux.x86_64_1.2.400.v20211117-0650/eclipse_11600.so
7feaba900000-7feabaa00000 ---p 00000000 00:00 0 
7feabaa00000-7feabafaf000 r--p 01122000 00:18f9 4611686019135190040      /nix/store/gpxl5qgg8kicmcvivwmybwjlpf7wh20l-graalvm17-ce-22.3.0/lib/libjvmcicompiler.so
7feabafaf000-7feabb100000 r--p 00000000 00:00 0 
7feabb100000-7feabb13d000 rw-p 00000000 00:00 0 
7feabb13d000-7feabb65d000 rw-p 0185f000 00:18f9 4611686019135190040      /nix/store/gpxl5qgg8kicmcvivwmybwjlpf7wh20l-graalvm17-ce-22.3.0/lib/libjvmcicompiler.so
7feabb65d000-7feabba44000 r--p 01d7f000 00:18f9 4611686019135190040      /nix/store/gpxl5qgg8kicmcvivwmybwjlpf7wh20l-graalvm17-ce-22.3.0/lib/libjvmcicompiler.so
7feabbb00000-7feabbb04000 ---p 00000000 00:00 0 
7feabbb04000-7feabbc00000 rw-p 00000000 00:00 0 
7feabbd00000-7feabbd04000 ---p 00000000 00:00 0 
7feabbd04000-7feabbe00000 rw-p 00000000 00:00 0 
7feabbf00000-7feabbf04000 ---p 00000000 00:00 0 
7feabbf04000-7feabc000000 rw-p 00000000 00:00 0 
7feabc100000-7feabc104000 ---p 00000000 00:00 0 
7feabc104000-7feabc200000 rw-p 00000000 00:00 0 
7feabc300000-7feabc304000 ---p 00000000 00:00 0 
7feabc304000-7feabc400000 rw-p 00000000 00:00 0 
7feabc500000-7feabc504000 ---p 00000000 00:00 0 
7feabc504000-7feabc600000 rw-p 00000000 00:00 0 
7feabc700000-7feabc704000 ---p 00000000 00:00 0 
7feabc704000-7feabc800000 rw-p 00000000 00:00 0 
7feabc900000-7feabc904000 ---p 00000000 00:00 0 
7feabc904000-7feabca00000 rw-p 00000000 00:00 0 
7feabcb00000-7feabcb04000 ---p 00000000 00:00 0 
7feabcb04000-7feabcc00000 rw-p 00000000 00:00 0 
7feabcd00000-7feabcd04000 ---p 00000000 00:00 0 
7feabcd04000-7feabce00000 rw-p 00000000 00:00 0 
7feabcf00000-7feabcf04000 ---p 00000000 00:00 0 
7feabcf04000-7feabd000000 rw-p 00000000 00:00 0 
7feabd100000-7feabd104000 ---p 00000000 00:00 0 
7feabd104000-7feabd200000 rw-p 00000000 00:00 0 
7feabd300000-7feabd304000 ---p 00000000 00:00 0 
7feabd304000-7feabd400000 rw-p 00000000 00:00 0 
7feabd400000-7feabd404000 ---p 00000000 00:00 0 
7feabd404000-7feabd500000 rw-p 00000000 00:00 0 
7feabd500000-7feabd504000 ---p 00000000 00:00 0 
7feabd504000-7feabd600000 rw-p 00000000 00:00 0 
7feabd700000-7feabd704000 ---p 00000000 00:00 0 
7feabd704000-7feabd800000 rw-p 00000000 00:00 0 
7feabd900000-7feabd904000 ---p 00000000 00:00 0 
7feabd904000-7feabda00000 rw-p 00000000 00:00 0 
7feabdb00000-7feabdb04000 ---p 00000000 00:00 0 
7feabdb04000-7feabdc00000 rw-p 00000000 00:00 0 
7feabdc00000-7feabfd6a000 r-xp 00000000 00:18f9 4611686019135190040      /nix/store/gpxl5qgg8kicmcvivwmybwjlpf7wh20l-graalvm17-ce-22.3.0/lib/libjvmcicompiler.so
7feabfd6a000-7feabff69000 ---p 0216a000 00:18f9 4611686019135190040      /nix/store/gpxl5qgg8kicmcvivwmybwjlpf7wh20l-graalvm17-ce-22.3.0/lib/libjvmcicompiler.so
7feabff69000-7feabff6a000 r--p 02169000 00:18f9 4611686019135190040      /nix/store/gpxl5qgg8kicmcvivwmybwjlpf7wh20l-graalvm17-ce-22.3.0/lib/libjvmcicompiler.so
7feabff6a000-7feabff6c000 rw-p 0216a000 00:18f9 4611686019135190040      /nix/store/gpxl5qgg8kicmcvivwmybwjlpf7wh20l-graalvm17-ce-22.3.0/lib/libjvmcicompiler.so
7feabff6c000-7feabff6d000 rw-p 00000000 00:00 0 
7feabff6d000-7feabff72000 rw-p 023c3000 00:18f9 4611686019135190040      /nix/store/gpxl5qgg8kicmcvivwmybwjlpf7wh20l-graalvm17-ce-22.3.0/lib/libjvmcicompiler.so
7feac0000000-7feac0021000 rw-p 00000000 00:00 0 
7feac0021000-7feac4000000 ---p 00000000 00:00 0 
7feac4000000-7feac4021000 rw-p 00000000 00:00 0 
7feac4021000-7feac8000000 ---p 00000000 00:00 0 
7feac8000000-7feac8079000 rw-p 00000000 00:00 0 
7feac8079000-7feacc000000 ---p 00000000 00:00 0 
7feacc000000-7feacc021000 rw-p 00000000 00:00 0 
7feacc021000-7fead0000000 ---p 00000000 00:00 0 
7fead0000000-7fead00ce000 rw-p 00000000 00:00 0 
7fead00ce000-7fead4000000 ---p 00000000 00:00 0 
7fead4000000-7fead4bb5000 rw-p 00000000 00:00 0 
7fead4bb5000-7fead8000000 ---p 00000000 00:00 0 
7fead8000000-7fead8021000 rw-p 00000000 00:00 0 
7fead8021000-7feadc000000 ---p 00000000 00:00 0 
7feadc000000-7feadc021000 rw-p 00000000 00:00 0 
7feadc021000-7feae0000000 ---p 00000000 00:00 0 
7feae0000000-7feae0021000 rw-p 00000000 00:00 0 
7feae0021000-7feae4000000 ---p 00000000 00:00 0 
7feae4000000-7feae4021000 rw-p 00000000 00:00 0 
7feae4021000-7feae8000000 ---p 00000000 00:00 0 
7feae8000000-7feae8021000 rw-p 00000000 00:00 0 
7feae8021000-7feaec000000 ---p 00000000 00:00 0 
7feaec000000-7feaec021000 rw-p 00000000 00:00 0 
7feaec021000-7feaf0000000 ---p 00000000 00:00 0 
7feaf0000000-7feaf0128000 rw-p 00000000 00:00 0 
7feaf0128000-7feaf4000000 ---p 00000000 00:00 0 
7feaf4000000-7feaf4004000 ---p 00000000 00:00 0 
7feaf4004000-7feaf4100000 rw-p 00000000 00:00 0 
7feaf4100000-7feaf4104000 ---p 00000000 00:00 0 
7feaf4104000-7feaf4200000 rw-p 00000000 00:00 0 
7feaf4300000-7feaf4304000 ---p 00000000 00:00 0 
7feaf4304000-7feaf4400000 rw-p 00000000 00:00 0 
7feaf4400000-7feaf4404000 ---p 00000000 00:00 0 
7feaf4404000-7feaf4500000 rw-p 00000000 00:00 0 
7feaf4500000-7feaf4504000 ---p 00000000 00:00 0 
7feaf4504000-7feaf4600000 rw-p 00000000 00:00 0 
7feaf5368000-7feaf5800000 rw-p 00000000 00:00 0 
7feaf5818000-7feaf5819000 ---p 00000000 00:00 0 
7feaf5819000-7feaf591a000 rw-p 00000000 00:00 0 
7feaf591a000-7feaf591e000 ---p 00000000 00:00 0 
7feaf591e000-7feaf5a1a000 rw-p 00000000 00:00 0 
7feaf5a1a000-7feaf5a1e000 ---p 00000000 00:00 0 
7feaf5a1e000-7feaf5b1a000 rw-p 00000000 00:00 0 
7feaf5b1a000-7feaf5b1e000 ---p 00000000 00:00 0 
7feaf5b1e000-7feaf5c1a000 rw-p 00000000 00:00 0 
7feaf5c1a000-7feaf5c1e000 ---p 00000000 00:00 0 
7feaf5c1e000-7feaf5e1a000 rw-p 00000000 00:00 0 
7feaf5e1a000-7feaf5e1e000 ---p 00000000 00:00 0 
7feaf5e1e000-7feaf601a000 rw-p 00000000 00:00 0 
7feaf601a000-7feaf601e000 ---p 00000000 00:00 0 
7feaf601e000-7feaf611a000 rw-p 00000000 00:00 0 
7feaf611a000-7feaf611e000 ---p 00000000 00:00 0 
7feaf611e000-7feaf621a000 rw-p 00000000 00:00 0 
7feaf621a000-7feaf621e000 ---p 00000000 00:00 0 
7feaf621e000-7feaf631a000 rw-p 00000000 00:00 0 
7feaf631a000-7feaf6600000 r--p 00000000 00:18e9 28444448                 /usr/lib/locale/locale-archive
7feaf6600000-7feaf6604000 ---p 00000000 00:00 0 
7feaf6604000-7feaf6700000 rw-p 00000000 00:00 0 
7feaf6700000-7feaf6704000 ---p 00000000 00:00 0 
7feaf6704000-7feaf6c00000 rw-p 00000000 00:00 0 
7feaf6c00000-7feaf6f00000 rw-p 00000000 00:00 0 
7feaf6f00000-7feaf7000000 rw-p 00000000 00:00 0 
7feaf70df000-7feaf70e0000 ---p 00000000 00:00 0 
7feaf70e0000-7feaf71e1000 rw-p 00000000 00:00 0 
7feaf71e1000-7feaf72af000 r-xp 00000000 00:18f9 4611686019135190036      /nix/store/gpxl5qgg8kicmcvivwmybwjlpf7wh20l-graalvm17-ce-22.3.0/lib/libjsvml.so
7feaf72af000-7feaf72b0000 r--p 000cd000 00:18f9 4611686019135190036      /nix/store/gpxl5qgg8kicmcvivwmybwjlpf7wh20l-graalvm17-ce-22.3.0/lib/libjsvml.so
7feaf72b0000-7feaf72b1000 rw-p 000ce000 00:18f9 4611686019135190036      /nix/store/gpxl5qgg8kicmcvivwmybwjlpf7wh20l-graalvm17-ce-22.3.0/lib/libjsvml.so
7feaf72b1000-7feaf74b3000 rw-p 00000000 00:00 0 
7feaf74b3000-7feaf7723000 rwxp 00000000 00:00 0 
7feaf7723000-7feaf7a42000 ---p 00000000 00:00 0 
7feaf7a42000-7feaf8cb2000 rwxp 00000000 00:00 0 
7feaf8cb2000-7feafef7a000 ---p 00000000 00:00 0 
7feafef7a000-7feaff1fa000 rwxp 00000000 00:00 0 
7feaff1fa000-7feb064b3000 ---p 00000000 00:00 0 
7feb064b3000-7feb10000000 r--s 00000000 00:18f9 4611686019135192581      /nix/store/gpxl5qgg8kicmcvivwmybwjlpf7wh20l-graalvm17-ce-22.3.0/lib/modules
7feb10000000-7feb1060f000 rw-p 00000000 00:00 0 
7feb1060f000-7feb14000000 ---p 00000000 00:00 0 
7feb14013000-7feb14015000 r-xp 00000000 00:18f9 4611686019135190017      /nix/store/gpxl5qgg8kicmcvivwmybwjlpf7wh20l-graalvm17-ce-22.3.0/lib/libextnet.so
7feb14015000-7feb14016000 r--p 00001000 00:18f9 4611686019135190017      /nix/store/gpxl5qgg8kicmcvivwmybwjlpf7wh20l-graalvm17-ce-22.3.0/lib/libextnet.so
7feb14016000-7feb14017000 rw-p 00002000 00:18f9 4611686019135190017      /nix/store/gpxl5qgg8kicmcvivwmybwjlpf7wh20l-graalvm17-ce-22.3.0/lib/libextnet.so
7feb14017000-7feb14018000 rw-p 00004000 00:18f9 4611686019135190017      /nix/store/gpxl5qgg8kicmcvivwmybwjlpf7wh20l-graalvm17-ce-22.3.0/lib/libextnet.so
7feb14018000-7feb1401c000 ---p 00000000 00:00 0 
7feb1401c000-7feb1403a000 rw-p 00000000 00:00 0 
7feb1403a000-7feb14041000 r-xp 00000000 00:18f9 4611686019135192580      /nix/store/gpxl5qgg8kicmcvivwmybwjlpf7wh20l-graalvm17-ce-22.3.0/lib/libzip.so
7feb14041000-7feb14042000 ---p 00007000 00:18f9 4611686019135192580      /nix/store/gpxl5qgg8kicmcvivwmybwjlpf7wh20l-graalvm17-ce-22.3.0/lib/libzip.so
7feb14042000-7feb14043000 r--p 00007000 00:18f9 4611686019135192580      /nix/store/gpxl5qgg8kicmcvivwmybwjlpf7wh20l-graalvm17-ce-22.3.0/lib/libzip.so
7feb14043000-7feb14044000 rw-p 00008000 00:18f9 4611686019135192580      /nix/store/gpxl5qgg8kicmcvivwmybwjlpf7wh20l-graalvm17-ce-22.3.0/lib/libzip.so
7feb14044000-7feb14046000 rw-p 0000b000 00:18f9 4611686019135192580      /nix/store/gpxl5qgg8kicmcvivwmybwjlpf7wh20l-graalvm17-ce-22.3.0/lib/libzip.so
7feb14046000-7feb1405b000 r-xp 00000000 00:18f9 4611686019135192570      /nix/store/gpxl5qgg8kicmcvivwmybwjlpf7wh20l-graalvm17-ce-22.3.0/lib/libnet.so
7feb1405b000-7feb1405c000 ---p 00015000 00:18f9 4611686019135192570      /nix/store/gpxl5qgg8kicmcvivwmybwjlpf7wh20l-graalvm17-ce-22.3.0/lib/libnet.so
7feb1405c000-7feb1405d000 r--p 00015000 00:18f9 4611686019135192570      /nix/store/gpxl5qgg8kicmcvivwmybwjlpf7wh20l-graalvm17-ce-22.3.0/lib/libnet.so
7feb1405d000-7feb1405e000 rw-p 00016000 00:18f9 4611686019135192570      /nix/store/gpxl5qgg8kicmcvivwmybwjlpf7wh20l-graalvm17-ce-22.3.0/lib/libnet.so
7feb1405e000-7feb14061000 rw-p 0001b000 00:18f9 4611686019135192570      /nix/store/gpxl5qgg8kicmcvivwmybwjlpf7wh20l-graalvm17-ce-22.3.0/lib/libnet.so
7feb14061000-7feb14074000 r-xp 00000000 00:18f9 4611686019135192571      /nix/store/gpxl5qgg8kicmcvivwmybwjlpf7wh20l-graalvm17-ce-22.3.0/lib/libnio.so
7feb14074000-7feb14075000 r--p 00012000 00:18f9 4611686019135192571      /nix/store/gpxl5qgg8kicmcvivwmybwjlpf7wh20l-graalvm17-ce-22.3.0/lib/libnio.so
7feb14075000-7feb14076000 rw-p 00013000 00:18f9 4611686019135192571      /nix/store/gpxl5qgg8kicmcvivwmybwjlpf7wh20l-graalvm17-ce-22.3.0/lib/libnio.so
7feb14076000-7feb1407b000 rw-p 00019000 00:18f9 4611686019135192571      /nix/store/gpxl5qgg8kicmcvivwmybwjlpf7wh20l-graalvm17-ce-22.3.0/lib/libnio.so
7feb1407b000-7feb15751000 rw-p 00000000 00:00 0 
7feb15751000-7feb15752000 ---p 00000000 00:00 0 
7feb15752000-7feb158fd000 rw-p 00000000 00:00 0 
7feb158fd000-7feb15920000 rw-p 00000000 00:00 0 
7feb15920000-7feb15953000 ---p 00000000 00:00 0 
7feb15953000-7feb15959000 rw-p 00000000 00:00 0 
7feb15959000-7feb15a3f000 ---p 00000000 00:00 0 
7feb15a3f000-7feb15a64000 rw-p 00000000 00:00 0 
7feb15a64000-7feb15b2a000 ---p 00000000 00:00 0 
7feb15b2a000-7feb15b2f000 rw-p 00000000 00:00 0 
7feb15b2f000-7feb15b36000 ---p 00000000 00:00 0 
7feb15b36000-7feb15b5a000 r-xp 00000000 00:18f9 4611686019135190028      /nix/store/gpxl5qgg8kicmcvivwmybwjlpf7wh20l-graalvm17-ce-22.3.0/lib/libjava.so
7feb15b5a000-7feb15b5b000 ---p 00024000 00:18f9 4611686019135190028      /nix/store/gpxl5qgg8kicmcvivwmybwjlpf7wh20l-graalvm17-ce-22.3.0/lib/libjava.so
7feb15b5b000-7feb15b5c000 r--p 00024000 00:18f9 4611686019135190028      /nix/store/gpxl5qgg8kicmcvivwmybwjlpf7wh20l-graalvm17-ce-22.3.0/lib/libjava.so
7feb15b5c000-7feb15b5d000 rw-p 00025000 00:18f9 4611686019135190028      /nix/store/gpxl5qgg8kicmcvivwmybwjlpf7wh20l-graalvm17-ce-22.3.0/lib/libjava.so
7feb15b5d000-7feb15b5e000 rw-p 00000000 00:00 0 
7feb15b5e000-7feb15b65000 rw-p 0002f000 00:18f9 4611686019135190028      /nix/store/gpxl5qgg8kicmcvivwmybwjlpf7wh20l-graalvm17-ce-22.3.0/lib/libjava.so
7feb15b65000-7feb15b6d000 rw-s 00000000 00:18e6 379                      /tmp/hsperfdata_runner/50
7feb15b6d000-7feb15b6e000 ---p 00000000 00:00 0 
7feb15b6e000-7feb15b6f000 r--p 00000000 00:00 0 
7feb15b6f000-7feb15b70000 rwxp 00000000 00:00 0 
7feb15b70000-7feb15b8b000 r-xp 00000000 00:18f9 4611686019135190032      /nix/store/gpxl5qgg8kicmcvivwmybwjlpf7wh20l-graalvm17-ce-22.3.0/lib/libjimage.so
7feb15b8b000-7feb15b8c000 ---p 0001b000 00:18f9 4611686019135190032      /nix/store/gpxl5qgg8kicmcvivwmybwjlpf7wh20l-graalvm17-ce-22.3.0/lib/libjimage.so
7feb15b8c000-7feb15b8e000 r--p 0001b000 00:18f9 4611686019135190032      /nix/store/gpxl5qgg8kicmcvivwmybwjlpf7wh20l-graalvm17-ce-22.3.0/lib/libjimage.so
7feb15b8e000-7feb15b8f000 rw-p 0001d000 00:18f9 4611686019135190032      /nix/store/gpxl5qgg8kicmcvivwmybwjlpf7wh20l-graalvm17-ce-22.3.0/lib/libjimage.so
7feb15b8f000-7feb15b90000 rw-p 00024000 00:18f9 4611686019135190032      /nix/store/gpxl5qgg8kicmcvivwmybwjlpf7wh20l-graalvm17-ce-22.3.0/lib/libjimage.so
7feb15b90000-7feb15b94000 ---p 00000000 00:00 0 
7feb15b94000-7feb15c90000 rw-p 00000000 00:00 0 
7feb15c90000-7feb15c9e000 r--p 00000000 00:18f9 4611686019027979927      /nix/store/4nlgxhb09sdr51nc9hdm8az5b08vzkgx-glibc-2.35-163/lib/libm.so.6
7feb15c9e000-7feb15d11000 r-xp 0000e000 00:18f9 4611686019027979927      /nix/store/4nlgxhb09sdr51nc9hdm8az5b08vzkgx-glibc-2.35-163/lib/libm.so.6
7feb15d11000-7feb15d6e000 r--p 00081000 00:18f9 4611686019027979927      /nix/store/4nlgxhb09sdr51nc9hdm8az5b08vzkgx-glibc-2.35-163/lib/libm.so.6
7feb15d6e000-7feb15d6f000 r--p 000dd000 00:18f9 4611686019027979927      /nix/store/4nlgxhb09sdr51nc9hdm8az5b08vzkgx-glibc-2.35-163/lib/libm.so.6
7feb15d6f000-7feb15d70000 rw-p 000de000 00:18f9 4611686019027979927      /nix/store/4nlgxhb09sdr51nc9hdm8az5b08vzkgx-glibc-2.35-163/lib/libm.so.6
7feb15d70000-7feb15d71000 r--p 00000000 00:18f9 4611686019027979946      /nix/store/4nlgxhb09sdr51nc9hdm8az5b08vzkgx-glibc-2.35-163/lib/librt.so.1
7feb15d71000-7feb15d72000 r-xp 00001000 00:18f9 4611686019027979946      /nix/store/4nlgxhb09sdr51nc9hdm8az5b08vzkgx-glibc-2.35-163/lib/librt.so.1
7feb15d72000-7feb15d73000 r--p 00002000 00:18f9 4611686019027979946      /nix/store/4nlgxhb09sdr51nc9hdm8az5b08vzkgx-glibc-2.35-163/lib/librt.so.1
7feb15d73000-7feb15d74000 r--p 00002000 00:18f9 4611686019027979946      /nix/store/4nlgxhb09sdr51nc9hdm8az5b08vzkgx-glibc-2.35-163/lib/librt.so.1
7feb15d74000-7feb15d75000 rw-p 00003000 00:18f9 4611686019027979946      /nix/store/4nlgxhb09sdr51nc9hdm8az5b08vzkgx-glibc-2.35-163/lib/librt.so.1
7feb15d75000-7feb16e88000 r-xp 00000000 00:18f9 4611686019135360866      /nix/store/gpxl5qgg8kicmcvivwmybwjlpf7wh20l-graalvm17-ce-22.3.0/lib/server/libjvm.so
7feb16e88000-7feb16e89000 ---p 01113000 00:18f9 4611686019135360866      /nix/store/gpxl5qgg8kicmcvivwmybwjlpf7wh20l-graalvm17-ce-22.3.0/lib/server/libjvm.so
7feb16e89000-7feb16f3e000 r--p 01113000 00:18f9 4611686019135360866      /nix/store/gpxl5qgg8kicmcvivwmybwjlpf7wh20l-graalvm17-ce-22.3.0/lib/server/libjvm.so
7feb16f3e000-7feb16f72000 rw-p 011c8000 00:18f9 4611686019135360866      /nix/store/gpxl5qgg8kicmcvivwmybwjlpf7wh20l-graalvm17-ce-22.3.0/lib/server/libjvm.so
7feb16f72000-7feb16fce000 rw-p 00000000 00:00 0 
7feb16fce000-7feb16ff6000 r--p 00000000 00:18f9 4611686019027979918      /nix/store/4nlgxhb09sdr51nc9hdm8az5b08vzkgx-glibc-2.35-163/lib/libc.so.6
7feb16ff6000-7feb1716c000 r-xp 00028000 00:18f9 4611686019027979918      /nix/store/4nlgxhb09sdr51nc9hdm8az5b08vzkgx-glibc-2.35-163/lib/libc.so.6
7feb1716c000-7feb171c4000 r--p 0019e000 00:18f9 4611686019027979918      /nix/store/4nlgxhb09sdr51nc9hdm8az5b08vzkgx-glibc-2.35-163/lib/libc.so.6
7feb171c4000-7feb171c8000 r--p 001f6000 00:18f9 4611686019027979918      /nix/store/4nlgxhb09sdr51nc9hdm8az5b08vzkgx-glibc-2.35-163/lib/libc.so.6
7feb171c8000-7feb171ca000 rw-p 001fa000 00:18f9 4611686019027979918      /nix/store/4nlgxhb09sdr51nc9hdm8az5b08vzkgx-glibc-2.35-163/lib/libc.so.6
7feb171ca000-7feb171d9000 rw-p 00000000 00:00 0 
7feb171d9000-7feb171da000 r--p 00000000 00:18f9 4611686019027979923      /nix/store/4nlgxhb09sdr51nc9hdm8az5b08vzkgx-glibc-2.35-163/lib/libdl.so.2
7feb171da000-7feb171db000 r-xp 00001000 00:18f9 4611686019027979923      /nix/store/4nlgxhb09sdr51nc9hdm8az5b08vzkgx-glibc-2.35-163/lib/libdl.so.2
7feb171db000-7feb171dc000 r--p 00002000 00:18f9 4611686019027979923      /nix/store/4nlgxhb09sdr51nc9hdm8az5b08vzkgx-glibc-2.35-163/lib/libdl.so.2
7feb171dc000-7feb171dd000 r--p 00002000 00:18f9 4611686019027979923      /nix/store/4nlgxhb09sdr51nc9hdm8az5b08vzkgx-glibc-2.35-163/lib/libdl.so.2
7feb171dd000-7feb171de000 rw-p 00003000 00:18f9 4611686019027979923      /nix/store/4nlgxhb09sdr51nc9hdm8az5b08vzkgx-glibc-2.35-163/lib/libdl.so.2
7feb171de000-7feb171df000 r--p 00000000 00:18f9 4611686019027979942      /nix/store/4nlgxhb09sdr51nc9hdm8az5b08vzkgx-glibc-2.35-163/lib/libpthread.so.0
7feb171df000-7feb171e0000 r-xp 00001000 00:18f9 4611686019027979942      /nix/store/4nlgxhb09sdr51nc9hdm8az5b08vzkgx-glibc-2.35-163/lib/libpthread.so.0
7feb171e0000-7feb171e1000 r--p 00002000 00:18f9 4611686019027979942      /nix/store/4nlgxhb09sdr51nc9hdm8az5b08vzkgx-glibc-2.35-163/lib/libpthread.so.0
7feb171e1000-7feb171e2000 r--p 00002000 00:18f9 4611686019027979942      /nix/store/4nlgxhb09sdr51nc9hdm8az5b08vzkgx-glibc-2.35-163/lib/libpthread.so.0
7feb171e2000-7feb171e3000 rw-p 00003000 00:18f9 4611686019027979942      /nix/store/4nlgxhb09sdr51nc9hdm8az5b08vzkgx-glibc-2.35-163/lib/libpthread.so.0
7feb171e3000-7feb171f1000 r-xp 00000000 00:18f9 4611686019135190033      /nix/store/gpxl5qgg8kicmcvivwmybwjlpf7wh20l-graalvm17-ce-22.3.0/lib/libjli.so
7feb171f1000-7feb171f2000 ---p 0000e000 00:18f9 4611686019135190033      /nix/store/gpxl5qgg8kicmcvivwmybwjlpf7wh20l-graalvm17-ce-22.3.0/lib/libjli.so
7feb171f2000-7feb171f3000 r--p 0000e000 00:18f9 4611686019135190033      /nix/store/gpxl5qgg8kicmcvivwmybwjlpf7wh20l-graalvm17-ce-22.3.0/lib/libjli.so
7feb171f3000-7feb171f4000 rw-p 0000f000 00:18f9 4611686019135190033      /nix/store/gpxl5qgg8kicmcvivwmybwjlpf7wh20l-graalvm17-ce-22.3.0/lib/libjli.so
7feb171f4000-7feb171f5000 rw-p 00012000 00:18f9 4611686019135190033      /nix/store/gpxl5qgg8kicmcvivwmybwjlpf7wh20l-graalvm17-ce-22.3.0/lib/libjli.so
7feb171f5000-7feb171f8000 r--p 00000000 00:18f9 4611686019106210071      /nix/store/026hln0aq1hyshaxsdvhg0kmcm6yf45r-zlib-1.2.13/lib/libz.so.1.2.13
7feb171f8000-7feb1720a000 r-xp 00003000 00:18f9 4611686019106210071      /nix/store/026hln0aq1hyshaxsdvhg0kmcm6yf45r-zlib-1.2.13/lib/libz.so.1.2.13
7feb1720a000-7feb17211000 r--p 00015000 00:18f9 4611686019106210071      /nix/store/026hln0aq1hyshaxsdvhg0kmcm6yf45r-zlib-1.2.13/lib/libz.so.1.2.13
7feb17211000-7feb17212000 r--p 0001b000 00:18f9 4611686019106210071      /nix/store/026hln0aq1hyshaxsdvhg0kmcm6yf45r-zlib-1.2.13/lib/libz.so.1.2.13
7feb17212000-7feb17213000 rw-p 0001c000 00:18f9 4611686019106210071      /nix/store/026hln0aq1hyshaxsdvhg0kmcm6yf45r-zlib-1.2.13/lib/libz.so.1.2.13
7feb17213000-7feb17215000 rw-p 00000000 00:00 0 
7feb17215000-7feb17217000 r--p 00000000 00:18f9 4611686019027979912      /nix/store/4nlgxhb09sdr51nc9hdm8az5b08vzkgx-glibc-2.35-163/lib/ld-linux-x86-64.so.2
7feb17217000-7feb1723e000 r-xp 00002000 00:18f9 4611686019027979912      /nix/store/4nlgxhb09sdr51nc9hdm8az5b08vzkgx-glibc-2.35-163/lib/ld-linux-x86-64.so.2
7feb1723e000-7feb1724a000 r--p 00029000 00:18f9 4611686019027979912      /nix/store/4nlgxhb09sdr51nc9hdm8az5b08vzkgx-glibc-2.35-163/lib/ld-linux-x86-64.so.2
7feb1724a000-7feb1724c000 r--p 00034000 00:18f9 4611686019027979912      /nix/store/4nlgxhb09sdr51nc9hdm8az5b08vzkgx-glibc-2.35-163/lib/ld-linux-x86-64.so.2
7feb1724c000-7feb1724e000 rw-p 00036000 00:18f9 4611686019027979912      /nix/store/4nlgxhb09sdr51nc9hdm8az5b08vzkgx-glibc-2.35-163/lib/ld-linux-x86-64.so.2
7fff461c5000-7fff461e9000 rw-p 00000000 00:00 0                          [stack]
7fff461f0000-7fff461f4000 r--p 00000000 00:00 0                          [vvar]
7fff461f4000-7fff461f6000 r-xp 00000000 00:00 0                          [vdso]
ffffffffff600000-ffffffffff601000 --xp 00000000 00:00 0                  [vsyscall]


VM Arguments:
jvm_args: -XX:ThreadPriorityPolicy=1 -XX:+UnlockExperimentalVMOptions -XX:+EnableJVMCIProduct -XX:JVMCIThreadsPerNativeLibraryRuntime=1 -XX:-UnlockExperimentalVMOptions -Declipse.application=org.eclipse.jdt.ls.core.id1 -Dosgi.bundles.defaultStartLevel=4 -Declipse.product=org.eclipse.jdt.ls.core.product -Dlog.level=ALL -Xverify:none -XX:+UseParallelGC -XX:GCTimeRatio=4 -XX:AdaptiveSizePolicyWeight=90 -Dsun.zip.disableMemoryMapping=true -Xmx512m -Xms100m 
java_command: /nix/store/m6gcpi1ii6rghy04cjwjddcavv7i90df-jdt-language-server-1.9.0/share/java/plugins/org.eclipse.equinox.launcher_1.6.400.v20210924-0641.jar --add-modules=ALL-SYSTEM --add-opens java.base/java.util=ALL-UNNAMED --add-opens java.base/java.lang=ALL-UNNAMED -configuration /home/runner/.cache/jdt-language-server/config -data /home/runner/.cache/jdt-language-server/data/home/runner/SistemaBiblioteca
java_class_path (initial): /nix/store/m6gcpi1ii6rghy04cjwjddcavv7i90df-jdt-language-server-1.9.0/share/java/plugins/org.eclipse.equinox.launcher_1.6.400.v20210924-0641.jar
Launcher Type: SUN_STANDARD

[Global flags]
    uintx AdaptiveSizePolicyWeight                 = 90                                        {product} {command line}
     intx CICompilerCount                          = 2                                         {product} {ergonomic}
     bool EnableJVMCIProduct                       = true                                {JVMCI product} {jimage}
    uintx GCTimeRatio                              = 4                                         {product} {command line}
   size_t InitialHeapSize                          = 104857600                                 {product} {command line}
     uint JVMCIThreadsPerNativeLibraryRuntime      = 1                                   {JVMCI product} {jimage}
   size_t MaxHeapSize                              = 536870912                                 {product} {command line}
   size_t MaxNewSize                               = 178782208                                 {product} {ergonomic}
   size_t MinHeapDeltaBytes                        = 524288                                    {product} {ergonomic}
   size_t MinHeapSize                              = 104857600                                 {product} {command line}
   size_t NewSize                                  = 34603008                                  {product} {ergonomic}
    uintx NonNMethodCodeHeapSize                   = 5826188                                {pd product} {ergonomic}
    uintx NonProfiledCodeHeapSize                  = 122916026                              {pd product} {ergonomic}
   size_t OldSize                                  = 70254592                                  {product} {ergonomic}
    uintx ProfiledCodeHeapSize                     = 122916026                              {pd product} {ergonomic}
    uintx ReservedCodeCacheSize                    = 251658240                              {pd product} {ergonomic}
     bool SegmentedCodeCache                       = true                                      {product} {ergonomic}
   size_t SoftMaxHeapSize                          = 536870912                              {manageable} {ergonomic}
     intx ThreadPriorityPolicy                     = 1                                         {product} {jimage}
     bool UseCompressedClassPointers               = true                           {product lp64_product} {ergonomic}
     bool UseCompressedOops                        = true                           {product lp64_product} {ergonomic}
     bool UseParallelGC                            = true                                      {product} {command line}

Logging:
Log output configuration:
 #0: stdout all=warning uptime,level,tags
 #1: stderr all=off uptime,level,tags

Environment Variables:
JAVA_HOME=/nix/store/gpxl5qgg8kicmcvivwmybwjlpf7wh20l-graalvm17-ce-22.3.0
PATH=/nix/store/1d6ian3r8kdzspw8hacjhl3xkp40g1lj-binutils-wrapper-2.39/bin:/nix/store/dq0xwmsk1g0i2ayg6pb7y87na2knzylh-gcc-wrapper-11.3.0/bin:/nix/store/bap4d0lpcrhpwmpb8ayjcgkmvfj62lnq-bash-interactive-5.1-p16/bin:/nix/store/pr5n59mb4jzmfx6kanwxly0l07p861fg-patchelf-0.15.0/bin:/nix/store/1gf2flfqnpqbr1b4p4qz2f72y42bs56r-gcc-11.3.0/bin:/nix/store/57xv61c5zi8pphjbcwxxjlgc34p61ic9-glibc-2.35-163-bin/bin:/nix/store/a7gvj343m05j2s32xcnwr35v31ynlypr-coreutils-9.1/bin:/nix/store/039g378vc3pc3dvi9dzdlrd0i4q93qwf-binutils-2.39/bin:/nix/store/gpxl5qgg8kicmcvivwmybwjlpf7wh20l-graalvm17-ce-22.3.0/bin:/nix/store/6z9ag3ihc8mq2hzsw48lhbznvzny65nz-apache-maven-3.8.6/bin:/nix/store/m6gcpi1ii6rghy04cjwjddcavv7i90df-jdt-language-server-1.9.0/bin:/nix/store/84xs5alhs01zrbr4ywm05kxbjbp5590l-java-debug/bin:/nix/store/mydc6f4k2z73xlcz7ilif3v2lcaiqvza-findutils-4.9.0/bin:/nix/store/j9p3g8472iijd50vhdprx0nmk2fqn5gv-diffutils-3.8/bin:/nix/store/89zs7rms6x00xfq4dq6m7mjnhkr8a6r4-gnused-4.8/bin:/nix/store/86bp03jkmsl6f92w0yzg4s59g5mhxwmy-gnugrep-3.7/bin:/nix/store/hwcdqw4jrjnd37wxqgsd47hd0j8bnj09-gawk-5.1.1/bin:/nix/store/cfbhw8r8ags41vwqaz47r583d0p4h4a1-gnutar-1.34/bin:/nix/store/p3m1ndl1lapwrlh698bnb5lvvxh67378-gzip-1.12/bin:/nix/store/a8mhcagrsly7c7mpjrpsnaahk4aax056-bzip2-1.0.8-bin/bin:/nix/store/mblgz65m3zv9x548a3d5m96fj2pbwr09-gnumake-4.3/bin:/nix/store/dsd5gz46hdbdk2rfdimqddhq6m8m8fqs-bash-5.1-p16/bin:/nix/store/v7ljksji50mg3w61dykaa3n3y79n6nil-patch-2.7.6/bin:/nix/store/zlcnmqq14jz5x9439jf937mvayyl63da-xz-5.2.7-bin/bin:/nix/store/y6aj732zm9m87c82fpvf103a1xb22blp-file-5.43/bin:/nix/store/i4kzir3m7mrisxmf5xvlnkw01x4qaqr4-prybar-elisp-0.0.0-e0d9a52/bin:/nix/store/lwwivxf6h7x3cvxp9zv8sj0mv7dak99r-prybar-lua-0.0.0-e0d9a52/bin:/nix/store/gxj28g1cg4hq3qanmjv07156h800qr58-prybar-python3-0.0.0-e0d9a52/bin:/nix/store/hshkjnxrgidigf8x75vg6lqng2xlx9i3-prybar-sqlite-0.0.0-e0d9a52/bin:/nix/store/c4w01bpjgyy5ixmwdk8m1pw87zq4sl26-prybar-tcl-0.0.0-e0d9a52/bin:/nix/store/hpbvrlwd5viqmvcaisb3x0118i913a9n-st
LD_LIBRARY_PATH=/nix/store/a4pff549sk2idnkpzk5nsfps3mdkdnvm-cups-2.4.2-lib/lib:/nix/store/72mqxxhh3cy5yifh92wh2yb8cl2hikyy-cairo-1.16.0/lib:/nix/store/2k366jrbsra97gjfxwvrhvixjfxdach5-glib-2.74.1/lib:/nix/store/2j2znigd8ak37rlwh9khz0ry3clqlw1l-gtk+3-3.24.34/lib:/nix/store/hisqvx32cd57apbpcsnkpx6k3549wql1-libglvnd-1.4.0/lib:/nix/store/p36pgcv991mq5srvg765b78yqpxvk3qs-mesa-21.3.3-drivers/lib:/nix/store/mav4251if1ahjq5vkpwycyyvnmy459c4-pulseaudio-14.2/lib
DISPLAY=:0
LANG=en_US.UTF-8

Signal Handlers:
   SIGSEGV: crash_handler in libjvm.so, mask=11100100010111111101111111111110, flags=SA_RESTART|SA_SIGINFO
    SIGBUS: crash_handler in libjvm.so, mask=11100100010111111101111111111110, flags=SA_RESTART|SA_SIGINFO
    SIGFPE: crash_handler in libjvm.so, mask=11100100010111111101111111111110, flags=SA_RESTART|SA_SIGINFO
   SIGPIPE: IsolateEnterStub_IgnoreSIGPIPEStartupHook_noopSignalHandler_8f19bff2f35b5f630d83b364d6b2339320d4ec70_216e8361c6bc87a8f89f58cc10d3b2fd4415bf87 in libjvmcicompiler.so, mask=00000000000000000000000000000000, flags=SA_RESTART
  *** Handler was modified!
  *** Expected: javaSignalHandler in libjvm.so, mask=11100100110111111111111111111110, flags=SA_RESTART|SA_SIGINFO
   SIGXFSZ: javaSignalHandler in libjvm.so, mask=11100100010111111101111111111110, flags=SA_RESTART|SA_SIGINFO
    SIGILL: crash_handler in libjvm.so, mask=11100100010111111101111111111110, flags=SA_RESTART|SA_SIGINFO
   SIGUSR2: SR_handler in libjvm.so, mask=00000000000000000000000000000000, flags=SA_RESTART|SA_SIGINFO
    SIGHUP: UserHandler in libjvm.so, mask=11100100010111111101111111111110, flags=SA_RESTART|SA_SIGINFO
    SIGINT: UserHandler in libjvm.so, mask=11100100010111111101111111111110, flags=SA_RESTART|SA_SIGINFO
   SIGTERM: UserHandler in libjvm.so, mask=11100100010111111101111111111110, flags=SA_RESTART|SA_SIGINFO
   SIGQUIT: UserHandler in libjvm.so, mask=11100100010111111101111111111110, flags=SA_RESTART|SA_SIGINFO
  *** Handler was modified!
  *** Expected: javaSignalHandler in libjvm.so, mask=11100100110111111111111111111110, flags=SA_RESTART|SA_SIGINFO
   SIGTRAP: crash_handler in libjvm.so, mask=11100100010111111101111111111110, flags=SA_RESTART|SA_SIGINFO


---------------  S Y S T E M  ---------------

OS:
DISTRIB_ID=Ubuntu
DISTRIB_RELEASE=20.04
DISTRIB_CODENAME=focal
DISTRIB_DESCRIPTION="Ubuntu 20.04.2 LTS"
uname: Linux 5.19.0-1026-gcp #28~22.04.1-Ubuntu SMP Tue Jun 6 07:24:26 UTC 2023 x86_64
OS uptime: 0 days 2:01 hours
libc: glibc 2.35 NPTL 2.35 
rlimit (soft/hard): STACK 8192k/infinity , CORE infinity/infinity , NPROC infinity/infinity , NOFILE 5242/5242 , AS infinity/infinity , CPU infinity/infinity , DATA infinity/infinity , FSIZE infinity/infinity , MEMLOCK 8192k/8192k
load average: 14.59 17.54 15.55

/proc/meminfo:
MemTotal:       65839956 kB
MemFree:         4672476 kB
MemAvailable:   40366524 kB
Buffers:         1694532 kB
Cached:         32732732 kB
SwapCached:            0 kB
Active:          8236748 kB
Inactive:       48898496 kB
Active(anon):      21012 kB
Inactive(anon): 22245700 kB
Active(file):    8215736 kB
Inactive(file): 26652796 kB
Unevictable:       57012 kB
Mlocked:           57012 kB
SwapTotal:             0 kB
SwapFree:              0 kB
Zswap:                 0 kB
Zswapped:              0 kB
Dirty:             11992 kB
Writeback:             0 kB
AnonPages:      21649032 kB
Mapped:          2152880 kB
Shmem:             56288 kB
KReclaimable:    1552004 kB
Slab:            2716376 kB
SReclaimable:    1552004 kB
SUnreclaim:      1164372 kB
KernelStack:      501180 kB
PageTables:       278424 kB
NFS_Unstable:          0 kB
Bounce:                0 kB
WritebackTmp:          0 kB
CommitLimit:    32919976 kB
Committed_AS:   84735456 kB
VmallocTotal:   34359738367 kB
VmallocUsed:      544676 kB
VmallocChunk:          0 kB
Percpu:            56736 kB
HardwareCorrupted:     0 kB
AnonHugePages:   2619392 kB
ShmemHugePages:        0 kB
ShmemPmdMapped:        0 kB
FileHugePages:         0 kB
FilePmdMapped:         0 kB
HugePages_Total:       0
HugePages_Free:        0
HugePages_Rsvd:        0
HugePages_Surp:        0
Hugepagesize:       2048 kB
Hugetlb:               0 kB
DirectMap4k:     3607352 kB
DirectMap2M:    56158208 kB
DirectMap1G:     9437184 kB

/sys/kernel/mm/transparent_hugepage/enabled: always [madvise] never
/sys/kernel/mm/transparent_hugepage/defrag (defrag/compaction efforts parameter): always defer defer+madvise [madvise] never

Process Memory:
Virtual Size: 4854872K (peak: 4944700K)
Resident Set Size: 750600K (peak: 786288K) (anon: 553780K, file: 196820K, shmem: 0K)
Swapped out: 0K
C-Heap outstanding allocations: 44048K, retained: 17491K
glibc malloc tunables: (default)

/proc/sys/kernel/threads-max (system-wide limit on the number of threads): 514310
/proc/sys/vm/max_map_count (maximum number of memory map areas a process may have): 65530
/proc/sys/kernel/pid_max (system-wide limit on number of process identifiers): 4194304

container (cgroup) information:
container_type: cgroupv1
cpu_cpuset_cpus: 2-7
cpu_memory_nodes: 0
active_processor_count: 1
cpu_quota: 50000
cpu_period: 100000
cpu_shares: 512
memory_limit_in_bytes: 1048576 k
memory_and_swap_limit_in_bytes: 1048576 k
memory_soft_limit_in_bytes: 524288 k
memory_usage_in_bytes: 1026612 k
memory_max_usage_in_bytes: 1048580 k
maximum number of tasks: 1000
current number of tasks: 46

KVM virtualization detected
Steal ticks since vm start: 0
Steal ticks percentage since vm start:  0.000

CPU: total 8 (initial active 1) (8 cores per cpu, 2 threads per core) family 23 model 49 stepping 0 microcode 0xffffffff, cx8, cmov, fxsr, ht, mmx, 3dnowpref, sse, sse2, sse3, ssse3, sse4a, sse4.1, sse4.2, popcnt, lzcnt, tsc, tscinvbit, avx, avx2, aes, clmul, bmi1, bmi2, adx, sha, fma, vzeroupper, clflush, clflushopt, hv
CPU Model and flags from /proc/cpuinfo:
model name	: AMD EPYC 7B12
flags		: fpu vme de pse tsc msr pae mce cx8 apic sep mtrr pge mca cmov pat pse36 clflush mmx fxsr sse sse2 ht syscall nx mmxext fxsr_opt pdpe1gb rdtscp lm constant_tsc rep_good nopl nonstop_tsc cpuid extd_apicid tsc_known_freq pni pclmulqdq ssse3 fma cx16 sse4_1 sse4_2 movbe popcnt aes xsave avx f16c rdrand hypervisor lahf_lm cmp_legacy cr8_legacy abm sse4a misalignsse 3dnowprefetch osvw topoext ssbd ibrs ibpb stibp vmmcall fsgsbase tsc_adjust bmi1 avx2 smep bmi2 rdseed adx smap clflushopt clwb sha_ni xsaveopt xsavec xgetbv1 clzero xsaveerptr arat npt nrip_save umip rdpid

Online cpus: 0-7
Offline cpus: 
BIOS frequency limitation: <Not Available>
Frequency switch latency (ns): <Not Available>
Available cpu frequencies: <Not Available>
Current governor: <Not Available>
Core performance/turbo boost: <Not Available>

Memory: 4k page, physical 1048576k(21956k free), swap 0k(0k free)
Page Sizes: 4k

vm_info: OpenJDK 64-Bit Server VM (17.0.5+8-jvmci-22.3-b08) for linux-amd64 JRE (17.0.5+8-jvmci-22.3-b08), built on Oct 19 2022 09:01:27 by "buildslave" with gcc 10.3.0

END.
