#
# A fatal error has been detected by the Java Runtime Environment:
#
#  Internal Error (jvmciRuntime.cpp:1609), pid=27, tid=41
#  fatal error: Fatal exception in JVMCI: Error calling jdk.vm.ci.services.Services.serializeSavedProperties
#
# JRE version: OpenJDK Runtime Environment GraalVM CE 22.3.0 (17.0.5+8) (build 17.0.5+8-jvmci-22.3-b08)
# Java VM: OpenJDK 64-Bit Server VM GraalVM CE 22.3.0 (17.0.5+8-jvmci-22.3-b08, mixed mode, sharing, tiered, jvmci, jvmci compiler, compressed oops, compressed class ptrs, parallel gc, linux-amd64)
# Problematic frame:
# V  [libjvm.so+0x972714]  JVMCIRuntime::fatal_exception(JVMCIEnv*, char const*)+0x74
#
# Core dump will be written. Default location: Core dumps may be processed with "/usr/share/apport/apport -p%p -s%s -c%c -d%d -P%P -u%u -g%g -- %E" (or dumping to /home/runner/SistemaBiblioteca/core.27)
#
# If you would like to submit a bug report, please visit:
#   https://github.com/oracle/graal/issues
#

---------------  S U M M A R Y ------------

Command Line: -XX:ThreadPriorityPolicy=1 -XX:+UnlockExperimentalVMOptions -XX:+EnableJVMCIProduct -XX:JVMCIThreadsPerNativeLibraryRuntime=1 -XX:-UnlockExperimentalVMOptions -Declipse.application=org.eclipse.jdt.ls.core.id1 -Dosgi.bundles.defaultStartLevel=4 -Declipse.product=org.eclipse.jdt.ls.core.product -Dlog.level=ALL -Xverify:none -XX:+UseParallelGC -XX:GCTimeRatio=4 -XX:AdaptiveSizePolicyWeight=90 -Dsun.zip.disableMemoryMapping=true -Xmx512m -Xms100m /nix/store/m6gcpi1ii6rghy04cjwjddcavv7i90df-jdt-language-server-1.9.0/share/java/plugins/org.eclipse.equinox.launcher_1.6.400.v20210924-0641.jar --add-modules=ALL-SYSTEM --add-opens java.base/java.util=ALL-UNNAMED --add-opens java.base/java.lang=ALL-UNNAMED -configuration /home/runner/.cache/jdt-language-server/config -data /home/runner/.cache/jdt-language-server/data/home/runner/SistemaBiblioteca

Host: AMD EPYC 7B12, 8 cores, 1G, Ubuntu 20.04.2 LTS
Time: Sun Jun 11 22:25:26 2023 UTC elapsed time: 587.207381 seconds (0d 0h 9m 47s)

---------------  T H R E A D  ---------------

Current thread (0x00007f65fc0b2210):  JavaThread "JVMCI-native CompilerThread0" daemon [_thread_in_vm, id=41, stack(0x00007f65e0448000,0x00007f65e0648000)]


Current CompileTask:
JVMCI-native: 587207 9638       4       java.lang.StringLatin1::indexOf (36 bytes)

Stack: [0x00007f65e0448000,0x00007f65e0648000],  sp=0x00007f65e0646380,  free space=2040k
Native frames: (J=compiled Java code, j=interpreted, Vv=VM code, C=native code)
V  [libjvm.so+0x972714]  JVMCIRuntime::fatal_exception(JVMCIEnv*, char const*)+0x74
V  [libjvm.so+0x93e2fe]  JVMCIEnv::copy_saved_properties()+0x14e
V  [libjvm.so+0x9732a9]  JVMCIRuntime::initialize(JVMCIEnv*)+0xb19
V  [libjvm.so+0x9738a2]  JVMCIRuntime::get_HotSpotJVMCIRuntime(JVMCIEnv*)+0x12
V  [libjvm.so+0x9749f2]  JVMCIRuntime::compile_method(JVMCIEnv*, JVMCICompiler*, methodHandle const&, int)+0xd2
V  [libjvm.so+0x5b0d20]  CompileBroker::invoke_compiler_on_method(CompileTask*)+0x1470
V  [libjvm.so+0x5b12e8]  CompileBroker::compiler_thread_loop()+0x528
V  [libjvm.so+0xd82460]  JavaThread::thread_main_inner()+0xd0
V  [libjvm.so+0xd85a40]  Thread::call_run()+0xc0
V  [libjvm.so+0xbdb1e1]  thread_native_entry(Thread*)+0xe1

Register to memory mapping:

RAX=0x00007f6600089000 points into unknown readable memory: 0x0000000000000058 | 58 00 00 00 00 00 00 00
RBX=0x00007f6601184398: <offset 0x0000000000ef5398> in /nix/store/gpxl5qgg8kicmcvivwmybwjlpf7wh20l-graalvm17-ce-22.3.0/lib/server/libjvm.so at 0x00007f660028f000
RCX=0x00007f660113c1e8: <offset 0x0000000000ead1e8> in /nix/store/gpxl5qgg8kicmcvivwmybwjlpf7wh20l-graalvm17-ce-22.3.0/lib/server/libjvm.so at 0x00007f660028f000
RDX=0x0000000000000649 is an unknown value
RSP=0x00007f65e0646380 is pointing into the stack for thread: 0x00007f65fc0b2210
RBP=0x00007f65e06463a0 is pointing into the stack for thread: 0x00007f65fc0b2210
RSI=0x00007f6601184c48: <offset 0x0000000000ef5c48> in /nix/store/gpxl5qgg8kicmcvivwmybwjlpf7wh20l-graalvm17-ce-22.3.0/lib/server/libjvm.so at 0x00007f660028f000
RDI=0x00000000e0000000 is an oop: java.lang.String 
{0x00000000e0000000} - klass: 'java/lang/String'
 - string: "org.eclipse.osgi.container.ModuleContainer$ContainerWiring"
R8 =0x00007f6601184398: <offset 0x0000000000ef5398> in /nix/store/gpxl5qgg8kicmcvivwmybwjlpf7wh20l-graalvm17-ce-22.3.0/lib/server/libjvm.so at 0x00007f660028f000
R9 =0x0000000000000003 is an unknown value
R10=0x00007f66014d5da0: <offset 0x0000000001246da0> in /nix/store/gpxl5qgg8kicmcvivwmybwjlpf7wh20l-graalvm17-ce-22.3.0/lib/server/libjvm.so at 0x00007f660028f000
R11=0x000000080044f048 is pointing into metadata
R12=0x0 is NULL
R13=0x00007f65fc0b2210 is a thread
R14=0x00007f65fc000b80 points into unknown readable memory: 0x00007f66013b5a38 | 38 5a 3b 01 66 7f 00 00
R15=0x00007f66014c3e40: <offset 0x0000000001234e40> in /nix/store/gpxl5qgg8kicmcvivwmybwjlpf7wh20l-graalvm17-ce-22.3.0/lib/server/libjvm.so at 0x00007f660028f000


Registers:
RAX=0x00007f6600089000, RBX=0x00007f6601184398, RCX=0x00007f660113c1e8, RDX=0x0000000000000649
RSP=0x00007f65e0646380, RBP=0x00007f65e06463a0, RSI=0x00007f6601184c48, RDI=0x00000000e0000000
R8 =0x00007f6601184398, R9 =0x0000000000000003, R10=0x00007f66014d5da0, R11=0x000000080044f048
R12=0x0000000000000000, R13=0x00007f65fc0b2210, R14=0x00007f65fc000b80, R15=0x00007f66014c3e40
RIP=0x00007f6600c01714, EFLAGS=0x0000000000010206, CSGSFS=0x002b000000000033, ERR=0x0000000000000006
  TRAPNO=0x000000000000000e

Top of Stack: (sp=0x00007f65e0646380)
0x00007f65e0646380:   00007f65e0646940 00007f65fc0b2210
0x00007f65e0646390:   00007f65e1e938c8 0000000800c409d8
0x00007f65e06463a0:   00007f65e0646500 00007f6600bcd2fe
0x00007f65e06463b0:   00007f65e06463e0 00007f65e0646440 

Instructions: (pc=0x00007f6600c01714)
0x00007f6600c01614:   30 e8 f6 cf e8 ff 4c 89 e7 e8 2e 48 d1 ff 84 db
0x00007f6600c01624:   75 2a 4d 85 ed 74 04 4d 8b 6d 00 48 83 c4 08 44
0x00007f6600c01634:   89 f9 4c 89 f2 4c 89 ee 5b 4c 89 e7 41 5c 41 5d
0x00007f6600c01644:   41 5e 41 5f 5d e9 e2 47 d1 ff 66 90 48 83 c4 08
0x00007f6600c01654:   5b 41 5c 41 5d 41 5e 41 5f 5d c3 90 31 d2 be 08
0x00007f6600c01664:   00 00 00 4c 89 ff e8 b1 78 a3 ff 49 89 c5 e9 37
0x00007f6600c01674:   ff ff ff 66 0f 1f 84 00 00 00 00 00 48 8b 7a 08
0x00007f6600c01684:   e9 6d ff ff ff 0f 1f 80 00 00 00 00 e8 5b 48 0a
0x00007f6600c01694:   00 84 c0 75 89 e9 6a ff ff ff 66 90 55 48 89 e5
0x00007f6600c016a4:   41 56 41 55 41 54 49 89 fc 53 48 89 f3 66 48 8d
0x00007f6600c016b4:   3d 27 5e 85 00 66 66 48 e8 df 43 8d ff 4c 8b 28
0x00007f6600c016c4:   8b 05 be 72 8a 00 85 c0 75 14 ba 01 00 00 00 48
0x00007f6600c016d4:   8d 0d ae 72 8a 00 f0 0f b1 11 85 c0 74 4e be c8
0x00007f6600c016e4:   00 00 00 4c 89 ef e8 01 0b 41 00 48 8d 05 12 ac
0x00007f6600c016f4:   85 00 49 89 d8 48 8d 0d e8 aa 53 00 ba 49 06 00
0x00007f6600c01704:   00 48 8d 35 3c 35 58 00 bf 00 00 00 e0 48 8b 00
0x00007f6600c01714:   c6 00 58 31 c0 e8 e2 91 c6 ff 5b 41 5c 41 5d 41
0x00007f6600c01724:   5e 5d e9 55 34 26 00 0f 1f 44 00 00 48 8d 05 81
0x00007f6600c01734:   a3 8b 00 48 89 df 4c 8b 30 e8 9e 43 8d ff 48 89
0x00007f6600c01744:   de 48 89 c2 49 8b 06 4c 89 f7 ff 50 08 4c 89 f7
0x00007f6600c01754:   e8 a7 5c 27 00 4d 85 e4 74 12 be 01 00 00 00 4c
0x00007f6600c01764:   89 e7 e8 35 43 fc ff eb 82 0f 1f 00 be 01 00 00
0x00007f6600c01774:   00 4c 89 ef e8 d3 fd ff ff e9 6d ff ff ff 66 66
0x00007f6600c01784:   2e 0f 1f 84 00 00 00 00 00 0f 1f 00 55 48 89 e5
0x00007f6600c01794:   41 57 41 56 41 55 41 54 53 48 81 ec 08 02 00 00
0x00007f6600c017a4:   64 48 8b 04 25 28 00 00 00 48 89 45 c8 8b 07 83
0x00007f6600c017b4:   f8 02 0f 84 11 04 00 00 4c 8b 6f 18 49 89 ff 49
0x00007f6600c017c4:   89 f4 4d 85 ed 74 14 4c 89 ef e8 5d 57 22 00 41
0x00007f6600c017d4:   8b 07 83 f8 02 0f 84 19 04 00 00 48 8d 1d 9a 06
0x00007f6600c017e4:   8a 00 4c 8d 35 0b 3c 58 00 eb 38 90 48 85 d2 7f
0x00007f6600c017f4:   0d 48 8d 05 b4 c0 85 00 48 83 38 00 7e 0e 41 8b
0x00007f6600c01804:   77 2c 4c 89 f7 31 c0 e8 a0 b2 f7 ff 49 8b 7f 18 


Stack slot to memory mapping:
stack at sp + 0 slots: 0x00007f65e0646940 is pointing into the stack for thread: 0x00007f65fc0b2210
stack at sp + 1 slots: 0x00007f65fc0b2210 is a thread
stack at sp + 2 slots: 0x00007f65e1e938c8 points into unknown readable memory: 0x65730018e552ffff | ff ff 52 e5 18 00 73 65
stack at sp + 3 slots: 0x0000000800c409d8 is a pointer to class: 
jdk.vm.ci.services.Services {0x0000000800c409d8}
 - instance size:     2
 - klass size:        65
 - access:            public final synchronized 
 - state:             fully_initialized
 - name:              'jdk/vm/ci/services/Services'
 - super:             'java/lang/Object'
 - sub:               
 - arrays:            NULL
 - methods:           Array<T>(0x00007f65e1039480)
 - method ordering:   Array<T>(0x0000000800928960)
 - default_methods:   Array<T>(0x0000000000000000)
 - local interfaces:  Array<T>(0x00000008005ce810)
 - trans. interfaces: Array<T>(0x00000008005ce810)
 - constants:         constant pool [427] {0x00007f65e10382c0} for 'jdk/vm/ci/services/Services' cache=0x00007f65e103a8a0
 - class loader data:  loader data: 0x00007f65fc0283f0 of 'bootstrap'
 - source file:       'Services.java'
 - class annotations:       Array<T>(0x0000000000000000)
 - class type annotations:  Array<T>(0x0000000000000000)
 - field annotations:       Array<T>(0x0000000000000000)
 - field type annotations:  Array<T>(0x0000000000000000)
 - inner classes:     Array<T>(0x00007f65e103a7c8)
 - nest members:     Array<T>(0x00007f65e103a7e8)
 - permitted subclasses:     Array<T>(0x00000008005ce7a0)
 - java mirror:       a 'java/lang/Class'{0x00000000e017cdd0} = 'jdk/vm/ci/services/Services'
 - vtable length      5  (start addr: 0x0000000800c40ba8)
 - itable length      2 (start addr: 0x0000000800c40bd0)
 - ---- static fields (3 words):
 - public static final 'IS_BUILDING_NATIVE_IMAGE' 'Z' @128 
 - public static final 'IS_IN_NATIVE_IMAGE' 'Z' @129 
 - private static volatile 'savedProperties' 'Ljava/util/Map;' @112 
 - static final 'JVMCI_ENABLED' 'Z' @130 
 - private static final 'servicesCache' 'Ljava/util/Map;' @116 
 - private static final 'MAX_UNICODE_IN_UTF8_LENGTH' 'I' @120 
 - private static final 'MAX_UTF8_PROPERTY_STRING_LENGTH' 'I' @124 
 - ---- non-static fields (0 words):
 - non-static oop maps: 
stack at sp + 4 slots: 0x00007f65e0646500 is pointing into the stack for thread: 0x00007f65fc0b2210
stack at sp + 5 slots: 0x00007f6600bcd2fe: <offset 0x000000000093e2fe> in /nix/store/gpxl5qgg8kicmcvivwmybwjlpf7wh20l-graalvm17-ce-22.3.0/lib/server/libjvm.so at 0x00007f660028f000
stack at sp + 6 slots: 0x00007f65e06463e0 is pointing into the stack for thread: 0x00007f65fc0b2210
stack at sp + 7 slots: 0x00007f65e0646440 is pointing into the stack for thread: 0x00007f65fc0b2210


---------------  P R O C E S S  ---------------

Threads class SMR info:
_java_thread_list=0x00007f656826cae0, length=28, elements={
0x00007f65fc026690, 0x00007f65fc0a64d0, 0x00007f65fc0a7910, 0x00007f65fc0ae080,
0x00007f65fc0af430, 0x00007f65fc0b0820, 0x00007f65fc0b2210, 0x00007f65fc0b3720,
0x00007f65fc0b4780, 0x00007f65fc0d77d0, 0x00007f65fc11ff30, 0x00007f65fc30ac40,
0x00007f65fc33e610, 0x00007f65fc340460, 0x00007f65fc410ba0, 0x00007f6590017040,
0x00007f65902a11b0, 0x00007f6590481270, 0x00007f6590617440, 0x00007f65fc36da90,
0x00007f65fc3bc970, 0x00007f6564001130, 0x00007f6580318850, 0x00007f655c45ad70,
0x00007f656826a250, 0x00007f656826b340, 0x00007f656826c480, 0x00007f6568130b20
}

Java Threads: ( => current thread )
  0x00007f65fc026690 JavaThread "main" [_thread_blocked, id=33, stack(0x00007f66000aa000,0x00007f66001aa000)]
  0x00007f65fc0a64d0 JavaThread "Reference Handler" daemon [_thread_blocked, id=36, stack(0x00007f65e0d2e000,0x00007f65e0e2e000)]
  0x00007f65fc0a7910 JavaThread "Finalizer" daemon [_thread_blocked, id=37, stack(0x00007f65e0c2e000,0x00007f65e0d2e000)]
  0x00007f65fc0ae080 JavaThread "Signal Dispatcher" daemon [_thread_blocked, id=38, stack(0x00007f65e0848000,0x00007f65e0948000)]
  0x00007f65fc0af430 JavaThread "Service Thread" daemon [_thread_blocked, id=39, stack(0x00007f65e0748000,0x00007f65e0848000)]
  0x00007f65fc0b0820 JavaThread "Monitor Deflation Thread" daemon [_thread_blocked, id=40, stack(0x00007f65e0648000,0x00007f65e0748000)]
=>0x00007f65fc0b2210 JavaThread "JVMCI-native CompilerThread0" daemon [_thread_in_vm, id=41, stack(0x00007f65e0448000,0x00007f65e0648000)]
  0x00007f65fc0b3720 JavaThread "C1 CompilerThread0" daemon [_thread_blocked, id=42, stack(0x00007f65e0248000,0x00007f65e0448000)]
  0x00007f65fc0b4780 JavaThread "Sweeper thread" daemon [_thread_blocked, id=43, stack(0x00007f65e0148000,0x00007f65e0248000)]
  0x00007f65fc0d77d0 JavaThread "Common-Cleaner" daemon [_thread_blocked, id=44, stack(0x00007f65e0048000,0x00007f65e0148000)]
  0x00007f65fc11ff30 JavaThread "Notification Thread" daemon [_thread_blocked, id=46, stack(0x00007f65b3f00000,0x00007f65b4000000)]
  0x00007f65fc30ac40 JavaThread "Active Thread: Equinox Container: e953dbc5-00ff-403f-959e-2b69fec3468b" [_thread_blocked, id=56, stack(0x00007f65b0700000,0x00007f65b0800000)]
  0x00007f65fc33e610 JavaThread "Framework Event Dispatcher: Equinox Container: e953dbc5-00ff-403f-959e-2b69fec3468b" daemon [_thread_blocked, id=66, stack(0x00007f65b0500000,0x00007f65b0600000)]
  0x00007f65fc340460 JavaThread "Start Level: Equinox Container: e953dbc5-00ff-403f-959e-2b69fec3468b" daemon [_thread_blocked, id=67, stack(0x00007f65b0300000,0x00007f65b0400000)]
  0x00007f65fc410ba0 JavaThread "Refresh Thread: Equinox Container: e953dbc5-00ff-403f-959e-2b69fec3468b" daemon [_thread_blocked, id=68, stack(0x00007f65b0100000,0x00007f65b0200000)]
  0x00007f6590017040 JavaThread "SCR Component Actor" daemon [_thread_blocked, id=69, stack(0x00007f65abf00000,0x00007f65ac000000)]
  0x00007f65902a11b0 JavaThread "Worker-JM" [_thread_blocked, id=81, stack(0x00007f65abb00000,0x00007f65abc00000)]
  0x00007f6590481270 JavaThread "Java indexing" daemon [_thread_blocked, id=84, stack(0x00007f65ab500000,0x00007f65ab600000)]
  0x00007f6590617440 JavaThread "Bundle File Closer" daemon [_thread_blocked, id=91, stack(0x00007f65ab300000,0x00007f65ab400000)]
  0x00007f65fc36da90 JavaThread "pool-3-thread-1" [_thread_blocked, id=94, stack(0x00007f65ab100000,0x00007f65ab200000)]
  0x00007f65fc3bc970 JavaThread "pool-2-thread-1" [_thread_blocked, id=96, stack(0x00007f65aad00000,0x00007f65aae00000)]
  0x00007f6564001130 JavaThread "Worker-3" [_thread_blocked, id=97, stack(0x00007f65aab00000,0x00007f65aac00000)]
  0x00007f6580318850 JavaThread "Worker-5" [_thread_blocked, id=141, stack(0x00007f65aa700000,0x00007f65aa800000)]
  0x00007f655c45ad70 JavaThread "Okio Watchdog" daemon [_thread_blocked, id=160, stack(0x00007f65aae00000,0x00007f65aaf00000)]
  0x00007f656826a250 JavaThread "Thread-12" [_thread_blocked, id=281, stack(0x00007f65aa800000,0x00007f65aa900000)]
  0x00007f656826b340 JavaThread "Thread-14" [_thread_blocked, id=974, stack(0x00007f65ab900000,0x00007f65aba00000)]
  0x00007f656826c480 JavaThread "Thread-15" [_thread_blocked, id=1392, stack(0x00007f65abd00000,0x00007f65abe00000)]
  0x00007f6568130b20 JavaThread "Thread-16" [_thread_blocked, id=1609, stack(0x00007f65b0600000,0x00007f65b0700000)]

Other Threads:
  0x00007f65fc0a1c10 VMThread "VM Thread" [stack: 0x00007f65e0e30000,0x00007f65e0f30000] [id=35] _threads_hazard_ptr=0x00007f656826cae0
  0x00007f65fc1218d0 WatcherThread [stack: 0x00007f65b3e00000,0x00007f65b3f00000] [id=47]
  0x00007f65fc03df30 GCTaskThread "GC Thread#0" [stack: 0x00007f65e30dc000,0x00007f65e31dc000] [id=34]

Threads with active compile tasks:
JVMCI-native CompilerThread0   587291 9638       4       java.lang.StringLatin1::indexOf (36 bytes)

VM state: synchronizing (normal execution)

VM Mutex/Monitor currently owned by a thread:  ([mutex/lock_event])
[0x00007f65fc023840] Threads_lock - owner thread: 0x00007f65fc0a1c10
[0x00007f65fc023ff0] Heap_lock - owner thread: 0x00007f6568130b20

OutOfMemory and StackOverflow Exception counts:
OutOfMemoryError java_heap_errors=1
LinkageErrors=67

Heap address: 0x00000000e0000000, size: 512 MB, Compressed Oops mode: 32-bit

CDS archive(s) mapped at: [0x0000000800000000-0x0000000800bc8000-0x0000000800bc8000), size 12353536, SharedBaseAddress: 0x0000000800000000, ArchiveRelocationMode: 0.
Compressed class space mapped at: 0x0000000800c00000-0x0000000840c00000, reserved size: 1073741824
Narrow klass base: 0x0000000800000000, Narrow klass shift: 0, Narrow klass range: 0x100000000

GC Precious Log:
 CPUs: 8 total, 1 available
 Memory: 1024M
 Large Page Support: Disabled
 NUMA Support: Disabled
 Compressed Oops: Enabled (32-bit)
 Alignments: Space 512K, Generation 512K, Heap 2M
 Heap Min Capacity: 100M
 Heap Initial Capacity: 100M
 Heap Max Capacity: 512M
 Pre-touch: Disabled
 Parallel Workers: 1

Heap:
 PSYoungGen      total 52736K, used 38399K [0x00000000f5580000, 0x00000000fbf00000, 0x0000000100000000)
  eden space 38400K, 99% used [0x00000000f5580000,0x00000000f7affff8,0x00000000f7b00000)
  from space 14336K, 0% used [0x00000000f7b00000,0x00000000f7b00000,0x00000000f8900000)
  to   space 31744K, 0% used [0x00000000fa000000,0x00000000fa000000,0x00000000fbf00000)
 ParOldGen       total 349696K, used 349694K [0x00000000e0000000, 0x00000000f5580000, 0x00000000f5580000)
  object space 349696K, 99% used [0x00000000e0000000,0x00000000f557fb40,0x00000000f5580000)
 Metaspace       used 62542K, committed 63744K, reserved 1114112K
  class space    used 6202K, committed 6720K, reserved 1048576K

Card table byte_map: [0x00007f65e31dc000,0x00007f65e32dd000] _byte_map_base: 0x00007f65e2adc000

Marking Bits: (ParMarkBitMap*) 0x00007f66014bd4c0
 Begin Bits: [0x00007f65e202f000, 0x00007f65e282f000)
 End Bits:   [0x00007f65e282f000, 0x00007f65e302f000)

Polling page: 0x00007f6600087000

Metaspace:

Usage:
  Non-class:     55.02 MB used.
      Class:      6.06 MB used.
       Both:     61.08 MB used.

Virtual space:
  Non-class space:       64.00 MB reserved,      55.69 MB ( 87%) committed,  8 nodes.
      Class space:        1.00 GB reserved,       6.56 MB ( <1%) committed,  1 nodes.
             Both:        1.06 GB reserved,      62.25 MB (  6%) committed. 

Chunk freelists:
   Non-Class:  3.62 MB
       Class:  1.56 MB
        Both:  5.18 MB

MaxMetaspaceSize: unlimited
CompressedClassSpaceSize: 1.00 GB
Initial GC threshold: 21.00 MB
Current GC threshold: 103.75 MB
CDS: on
MetaspaceReclaimPolicy: balanced
 - commit_granule_bytes: 65536.
 - commit_granule_words: 8192.
 - virtual_space_node_default_size: 1048576.
 - enlarge_chunks_in_place: 1.
 - new_chunks_are_fully_committed: 0.
 - uncommit_free_chunks: 1.
 - use_allocation_guard: 0.
 - handle_deallocations: 1.


Internal statistics:

num_allocs_failed_limit: 6.
num_arena_births: 514.
num_arena_deaths: 156.
num_vsnodes_births: 9.
num_vsnodes_deaths: 0.
num_space_committed: 994.
num_space_uncommitted: 0.
num_chunks_returned_to_freelist: 221.
num_chunks_taken_from_freelist: 2955.
num_chunk_merges: 89.
num_chunk_splits: 1933.
num_chunks_enlarged: 1229.
num_purges: 4.
num_inconsistent_stats: 0.

CodeHeap 'non-profiled nmethods': size=120036Kb used=2833Kb max_used=2833Kb free=117203Kb
 bounds [0x00007f65eaf7a000, 0x00007f65eb24a000, 0x00007f65f24b3000]
CodeHeap 'profiled nmethods': size=120032Kb used=15873Kb max_used=16631Kb free=104158Kb
 bounds [0x00007f65e3a42000, 0x00007f65e4a92000, 0x00007f65eaf7a000]
CodeHeap 'non-nmethods': size=5692Kb used=1402Kb max_used=1409Kb free=4290Kb
 bounds [0x00007f65e34b3000, 0x00007f65e3723000, 0x00007f65e3a42000]
 total_blobs=8192 nmethods=7448 adapters=642
 compilation: enabled
              stopped_count=0, restarted_count=0
 full_count=0

JVMCI Events (20 events):
Event: 513.618 Thread 0x00007f65fc0b2210 destroyed JavaVM[6]@0x00007f65a9b9e340 for JVMCI runtime 0
Event: 513.618 Thread 0x00007f65fc0b2210 compacted oop handles in JVMCI runtime 0 from 84 to 84
Event: 513.618 Thread 0x00007f65fc0b2210 releasing handles for JVMCI runtime 0: oop handles=84, metadata handles={total=188, live=176, blocks=33}
Event: 513.618 Thread 0x00007f65fc0b2210 detached from JVMCI runtime 0
Event: 527.093 Thread 0x00007f65fc0b2210 attached to JVMCI runtime 0
Event: 527.095 Thread 0x00007f65fc0b2210 created JavaVM[7]@0x00007f65a9b9e340 for JVMCI runtime 0
Event: 528.286 Thread 0x00007f65fc0b2210 initializing JVMCI runtime 0
Event: 528.286 Thread 0x00007f65fc0b2210 done waiting for JavaVM references initialization in JVMCI runtime 0
Event: 544.492 Thread 0x00007f65fc0b2210 initialized JVMCI runtime 0
Event: 555.345 Thread 0x00007f65fc0b2210 detaching from JVMCI runtime 0: releasing idle compiler thread (0 other threads still attached)
Event: 555.345 Thread 0x00007f65fc0b2210 shutting down HotSpotJVMCIRuntime for JVMCI runtime 0
Event: 555.346 Thread 0x00007f65fc0b2210 shut down JVMCI runtime 0
Event: 556.817 Thread 0x00007f65fc0b2210 destroyed JavaVM[7]@0x00007f65a9b9e340 for JVMCI runtime 0
Event: 556.817 Thread 0x00007f65fc0b2210 compacted oop handles in JVMCI runtime 0 from 45 to 45
Event: 556.817 Thread 0x00007f65fc0b2210 releasing handles for JVMCI runtime 0: oop handles=45, metadata handles={total=96, live=89, blocks=33}
Event: 556.817 Thread 0x00007f65fc0b2210 detached from JVMCI runtime 0
Event: 561.931 Thread 0x00007f65fc0b2210 attached to JVMCI runtime 0
Event: 561.932 Thread 0x00007f65fc0b2210 created JavaVM[8]@0x00007f65a9b9e340 for JVMCI runtime 0
Event: 563.219 Thread 0x00007f65fc0b2210 initializing JVMCI runtime 0
Event: 563.219 Thread 0x00007f65fc0b2210 done waiting for JavaVM references initialization in JVMCI runtime 0

Compilation events (20 events):
Event: 455.902 Thread 0x00007f65fc0b3720 9631   !   3       org.eclipse.jdt.internal.core.BufferManager::getBuffer (24 bytes)
Event: 455.904 Thread 0x00007f65fc0b3720 nmethod 9631 0x00007f65e42a6f90 code [0x00007f65e42a7180, 0x00007f65e42a7f10]
Event: 481.192 Thread 0x00007f65fc0b3720 9633       1       org.eclipse.core.internal.localstore.FileSystemResourceManager::getWorkspace (5 bytes)
Event: 481.192 Thread 0x00007f65fc0b3720 nmethod 9633 0x00007f65eb23a610 code [0x00007f65eb23a7a0, 0x00007f65eb23a870]
Event: 487.304 Thread 0x00007f65fc0b2210 nmethod 9629 0x00007f65eb23a910 code [0x00007f65eb23aae0, 0x00007f65eb23b080]
Event: 487.304 Thread 0x00007f65fc0b2210 9632       4       java.io.DataOutputStream::writeUTF (411 bytes)
Event: 506.416 Thread 0x00007f65fc0b2210 nmethod 9632 0x00007f65eb23b610 code [0x00007f65eb23b8a0, 0x00007f65eb23c9a8]
Event: 506.416 Thread 0x00007f65fc0b2210 9630       4       java.lang.StringLatin1::indexOfChar (33 bytes)
Event: 511.280 Thread 0x00007f65fc0b2210 nmethod 9630 0x00007f65eb23d310 code [0x00007f65eb23d480, 0x00007f65eb23d578]
Event: 512.501 Thread 0x00007f65fc0b3720 9634       3       java.lang.invoke.DirectMethodHandle$Holder::newInvokeSpecial (28 bytes)
Event: 517.105 Thread 0x00007f65fc0b3720 nmethod 9634 0x00007f65e4166290 code [0x00007f65e4166480, 0x00007f65e4166ba0]
Event: 527.093 Thread 0x00007f65fc0b2210 9635 %     4       sun.nio.fs.UnixPath::normalizeAndCheck @ 9 (75 bytes)
Event: 527.093 Thread 0x00007f65fc0b3720 9636       3       com.google.gson.stream.JsonReader::doPeek (744 bytes)
Event: 531.013 Thread 0x00007f65fc0b3720 nmethod 9636 0x00007f65e470a710 code [0x00007f65e470b2e0, 0x00007f65e4712220]
Event: 553.999 Thread 0x00007f65fc0b2210 nmethod 9635% 0x00007f65eb23d690 code [0x00007f65eb23d840, 0x00007f65eb23dd70]
Event: 553.999 Thread 0x00007f65fc0b2210 9637       4       java.net.URI::match (56 bytes)
Event: 554.000 Thread 0x00007f65fc0b2210 nmethod 9637 0x00007f65eb23e110 code [0x00007f65eb23e280, 0x00007f65eb23e340]
Event: 561.931 Thread 0x00007f65fc0b2210 9638       4       java.lang.StringLatin1::indexOf (36 bytes)
Event: 572.494 Thread 0x00007f65fc0b3720 9639       3       java.util.concurrent.locks.ReentrantLock::unlock (10 bytes)
Event: 572.495 Thread 0x00007f65fc0b3720 nmethod 9639 0x00007f65e3fc5b10 code [0x00007f65e3fc5ce0, 0x00007f65e3fc6110]

GC Heap History (20 events):
Event: 574.929 GC heap before
{Heap before GC invocations=528 (full 410):
 PSYoungGen      total 52736K, used 38400K [0x00000000f5580000, 0x00000000fbf00000, 0x0000000100000000)
  eden space 38400K, 100% used [0x00000000f5580000,0x00000000f7b00000,0x00000000f7b00000)
  from space 14336K, 0% used [0x00000000f7b00000,0x00000000f7b00000,0x00000000f8900000)
  to   space 31744K, 0% used [0x00000000fa000000,0x00000000fa000000,0x00000000fbf00000)
 ParOldGen       total 349696K, used 349688K [0x00000000e0000000, 0x00000000f5580000, 0x00000000f5580000)
  object space 349696K, 99% used [0x00000000e0000000,0x00000000f557e138,0x00000000f5580000)
 Metaspace       used 62542K, committed 63744K, reserved 1114112K
  class space    used 6202K, committed 6720K, reserved 1048576K
}
Event: 576.210 GC heap after
{Heap after GC invocations=528 (full 410):
 PSYoungGen      total 70144K, used 38399K [0x00000000f5580000, 0x00000000fbf00000, 0x0000000100000000)
  eden space 38400K, 99% used [0x00000000f5580000,0x00000000f7afffe0,0x00000000f7b00000)
  from space 31744K, 0% used [0x00000000fa000000,0x00000000fa000000,0x00000000fbf00000)
  to   space 14336K, 0% used [0x00000000f7b00000,0x00000000f7b00000,0x00000000f8900000)
 ParOldGen       total 349696K, used 349688K [0x00000000e0000000, 0x00000000f5580000, 0x00000000f5580000)
  object space 349696K, 99% used [0x00000000e0000000,0x00000000f557e138,0x00000000f5580000)
 Metaspace       used 62542K, committed 63744K, reserved 1114112K
  class space    used 6202K, committed 6720K, reserved 1048576K
}
Event: 576.210 GC heap before
{Heap before GC invocations=529 (full 411):
 PSYoungGen      total 70144K, used 38400K [0x00000000f5580000, 0x00000000fbf00000, 0x0000000100000000)
  eden space 38400K, 100% used [0x00000000f5580000,0x00000000f7b00000,0x00000000f7b00000)
  from space 31744K, 0% used [0x00000000fa000000,0x00000000fa000000,0x00000000fbf00000)
  to   space 14336K, 0% used [0x00000000f7b00000,0x00000000f7b00000,0x00000000f8900000)
 ParOldGen       total 349696K, used 349688K [0x00000000e0000000, 0x00000000f5580000, 0x00000000f5580000)
  object space 349696K, 99% used [0x00000000e0000000,0x00000000f557e138,0x00000000f5580000)
 Metaspace       used 62542K, committed 63744K, reserved 1114112K
  class space    used 6202K, committed 6720K, reserved 1048576K
}
Event: 577.501 GC heap after
{Heap after GC invocations=529 (full 411):
 PSYoungGen      total 52736K, used 38399K [0x00000000f5580000, 0x00000000fbf00000, 0x0000000100000000)
  eden space 38400K, 99% used [0x00000000f5580000,0x00000000f7afffe0,0x00000000f7b00000)
  from space 14336K, 0% used [0x00000000f7b00000,0x00000000f7b00000,0x00000000f8900000)
  to   space 31744K, 0% used [0x00000000fa000000,0x00000000fa000000,0x00000000fbf00000)
 ParOldGen       total 349696K, used 349688K [0x00000000e0000000, 0x00000000f5580000, 0x00000000f5580000)
  object space 349696K, 99% used [0x00000000e0000000,0x00000000f557e138,0x00000000f5580000)
 Metaspace       used 62542K, committed 63744K, reserved 1114112K
  class space    used 6202K, committed 6720K, reserved 1048576K
}
Event: 577.502 GC heap before
{Heap before GC invocations=530 (full 412):
 PSYoungGen      total 52736K, used 38400K [0x00000000f5580000, 0x00000000fbf00000, 0x0000000100000000)
  eden space 38400K, 100% used [0x00000000f5580000,0x00000000f7b00000,0x00000000f7b00000)
  from space 14336K, 0% used [0x00000000f7b00000,0x00000000f7b00000,0x00000000f8900000)
  to   space 31744K, 0% used [0x00000000fa000000,0x00000000fa000000,0x00000000fbf00000)
 ParOldGen       total 349696K, used 349688K [0x00000000e0000000, 0x00000000f5580000, 0x00000000f5580000)
  object space 349696K, 99% used [0x00000000e0000000,0x00000000f557e138,0x00000000f5580000)
 Metaspace       used 62542K, committed 63744K, reserved 1114112K
  class space    used 6202K, committed 6720K, reserved 1048576K
}
Event: 578.700 GC heap after
{Heap after GC invocations=530 (full 412):
 PSYoungGen      total 70144K, used 38399K [0x00000000f5580000, 0x00000000fbf00000, 0x0000000100000000)
  eden space 38400K, 99% used [0x00000000f5580000,0x00000000f7affff0,0x00000000f7b00000)
  from space 31744K, 0% used [0x00000000fa000000,0x00000000fa000000,0x00000000fbf00000)
  to   space 14336K, 0% used [0x00000000f7b00000,0x00000000f7b00000,0x00000000f8900000)
 ParOldGen       total 349696K, used 349688K [0x00000000e0000000, 0x00000000f5580000, 0x00000000f5580000)
  object space 349696K, 99% used [0x00000000e0000000,0x00000000f557e138,0x00000000f5580000)
 Metaspace       used 62542K, committed 63744K, reserved 1114112K
  class space    used 6202K, committed 6720K, reserved 1048576K
}
Event: 578.700 GC heap before
{Heap before GC invocations=531 (full 413):
 PSYoungGen      total 70144K, used 38400K [0x00000000f5580000, 0x00000000fbf00000, 0x0000000100000000)
  eden space 38400K, 100% used [0x00000000f5580000,0x00000000f7b00000,0x00000000f7b00000)
  from space 31744K, 0% used [0x00000000fa000000,0x00000000fa000000,0x00000000fbf00000)
  to   space 14336K, 0% used [0x00000000f7b00000,0x00000000f7b00000,0x00000000f8900000)
 ParOldGen       total 349696K, used 349690K [0x00000000e0000000, 0x00000000f5580000, 0x00000000f5580000)
  object space 349696K, 99% used [0x00000000e0000000,0x00000000f557e9a0,0x00000000f5580000)
 Metaspace       used 62542K, committed 63744K, reserved 1114112K
  class space    used 6202K, committed 6720K, reserved 1048576K
}
Event: 579.911 GC heap after
{Heap after GC invocations=531 (full 413):
 PSYoungGen      total 52736K, used 38399K [0x00000000f5580000, 0x00000000fbf00000, 0x0000000100000000)
  eden space 38400K, 99% used [0x00000000f5580000,0x00000000f7afffe0,0x00000000f7b00000)
  from space 14336K, 0% used [0x00000000f7b00000,0x00000000f7b00000,0x00000000f8900000)
  to   space 31744K, 0% used [0x00000000fa000000,0x00000000fa000000,0x00000000fbf00000)
 ParOldGen       total 349696K, used 349688K [0x00000000e0000000, 0x00000000f5580000, 0x00000000f5580000)
  object space 349696K, 99% used [0x00000000e0000000,0x00000000f557e108,0x00000000f5580000)
 Metaspace       used 62542K, committed 63744K, reserved 1114112K
  class space    used 6202K, committed 6720K, reserved 1048576K
}
Event: 579.912 GC heap before
{Heap before GC invocations=532 (full 414):
 PSYoungGen      total 52736K, used 38399K [0x00000000f5580000, 0x00000000fbf00000, 0x0000000100000000)
  eden space 38400K, 99% used [0x00000000f5580000,0x00000000f7affff8,0x00000000f7b00000)
  from space 14336K, 0% used [0x00000000f7b00000,0x00000000f7b00000,0x00000000f8900000)
  to   space 31744K, 0% used [0x00000000fa000000,0x00000000fa000000,0x00000000fbf00000)
 ParOldGen       total 349696K, used 349688K [0x00000000e0000000, 0x00000000f5580000, 0x00000000f5580000)
  object space 349696K, 99% used [0x00000000e0000000,0x00000000f557e108,0x00000000f5580000)
 Metaspace       used 62542K, committed 63744K, reserved 1114112K
  class space    used 6202K, committed 6720K, reserved 1048576K
}
Event: 581.105 GC heap after
{Heap after GC invocations=532 (full 414):
 PSYoungGen      total 70144K, used 38399K [0x00000000f5580000, 0x00000000fbf00000, 0x0000000100000000)
  eden space 38400K, 99% used [0x00000000f5580000,0x00000000f7affff8,0x00000000f7b00000)
  from space 31744K, 0% used [0x00000000fa000000,0x00000000fa000000,0x00000000fbf00000)
  to   space 14336K, 0% used [0x00000000f7b00000,0x00000000f7b00000,0x00000000f8900000)
 ParOldGen       total 349696K, used 349688K [0x00000000e0000000, 0x00000000f5580000, 0x00000000f5580000)
  object space 349696K, 99% used [0x00000000e0000000,0x00000000f557e108,0x00000000f5580000)
 Metaspace       used 62542K, committed 63744K, reserved 1114112K
  class space    used 6202K, committed 6720K, reserved 1048576K
}
Event: 581.105 GC heap before
{Heap before GC invocations=533 (full 415):
 PSYoungGen      total 70144K, used 38399K [0x00000000f5580000, 0x00000000fbf00000, 0x0000000100000000)
  eden space 38400K, 99% used [0x00000000f5580000,0x00000000f7affff8,0x00000000f7b00000)
  from space 31744K, 0% used [0x00000000fa000000,0x00000000fa000000,0x00000000fbf00000)
  to   space 14336K, 0% used [0x00000000f7b00000,0x00000000f7b00000,0x00000000f8900000)
 ParOldGen       total 349696K, used 349690K [0x00000000e0000000, 0x00000000f5580000, 0x00000000f5580000)
  object space 349696K, 99% used [0x00000000e0000000,0x00000000f557e9d8,0x00000000f5580000)
 Metaspace       used 62542K, committed 63744K, reserved 1114112K
  class space    used 6202K, committed 6720K, reserved 1048576K
}
Event: 582.215 GC heap after
{Heap after GC invocations=533 (full 415):
 PSYoungGen      total 52736K, used 38399K [0x00000000f5580000, 0x00000000fbf00000, 0x0000000100000000)
  eden space 38400K, 99% used [0x00000000f5580000,0x00000000f7afffe0,0x00000000f7b00000)
  from space 14336K, 0% used [0x00000000f7b00000,0x00000000f7b00000,0x00000000f8900000)
  to   space 31744K, 0% used [0x00000000fa000000,0x00000000fa000000,0x00000000fbf00000)
 ParOldGen       total 349696K, used 349688K [0x00000000e0000000, 0x00000000f5580000, 0x00000000f5580000)
  object space 349696K, 99% used [0x00000000e0000000,0x00000000f557e180,0x00000000f5580000)
 Metaspace       used 62542K, committed 63744K, reserved 1114112K
  class space    used 6202K, committed 6720K, reserved 1048576K
}
Event: 582.215 GC heap before
{Heap before GC invocations=534 (full 416):
 PSYoungGen      total 52736K, used 38399K [0x00000000f5580000, 0x00000000fbf00000, 0x0000000100000000)
  eden space 38400K, 99% used [0x00000000f5580000,0x00000000f7affff8,0x00000000f7b00000)
  from space 14336K, 0% used [0x00000000f7b00000,0x00000000f7b00000,0x00000000f8900000)
  to   space 31744K, 0% used [0x00000000fa000000,0x00000000fa000000,0x00000000fbf00000)
 ParOldGen       total 349696K, used 349690K [0x00000000e0000000, 0x00000000f5580000, 0x00000000f5580000)
  object space 349696K, 99% used [0x00000000e0000000,0x00000000f557e940,0x00000000f5580000)
 Metaspace       used 62542K, committed 63744K, reserved 1114112K
  class space    used 6202K, committed 6720K, reserved 1048576K
}
Event: 583.428 GC heap after
{Heap after GC invocations=534 (full 416):
 PSYoungGen      total 70144K, used 38399K [0x00000000f5580000, 0x00000000fbf00000, 0x0000000100000000)
  eden space 38400K, 99% used [0x00000000f5580000,0x00000000f7affff8,0x00000000f7b00000)
  from space 31744K, 0% used [0x00000000fa000000,0x00000000fa000000,0x00000000fbf00000)
  to   space 14336K, 0% used [0x00000000f7b00000,0x00000000f7b00000,0x00000000f8900000)
 ParOldGen       total 349696K, used 349689K [0x00000000e0000000, 0x00000000f5580000, 0x00000000f5580000)
  object space 349696K, 99% used [0x00000000e0000000,0x00000000f557e4c8,0x00000000f5580000)
 Metaspace       used 62542K, committed 63744K, reserved 1114112K
  class space    used 6202K, committed 6720K, reserved 1048576K
}
Event: 583.429 GC heap before
{Heap before GC invocations=535 (full 417):
 PSYoungGen      total 70144K, used 38399K [0x00000000f5580000, 0x00000000fbf00000, 0x0000000100000000)
  eden space 38400K, 99% used [0x00000000f5580000,0x00000000f7affff8,0x00000000f7b00000)
  from space 31744K, 0% used [0x00000000fa000000,0x00000000fa000000,0x00000000fbf00000)
  to   space 14336K, 0% used [0x00000000f7b00000,0x00000000f7b00000,0x00000000f8900000)
 ParOldGen       total 349696K, used 349694K [0x00000000e0000000, 0x00000000f5580000, 0x00000000f5580000)
  object space 349696K, 99% used [0x00000000e0000000,0x00000000f557fb00,0x00000000f5580000)
 Metaspace       used 62542K, committed 63744K, reserved 1114112K
  class space    used 6202K, committed 6720K, reserved 1048576K
}
Event: 584.723 GC heap after
{Heap after GC invocations=535 (full 417):
 PSYoungGen      total 52736K, used 38399K [0x00000000f5580000, 0x00000000fbf00000, 0x0000000100000000)
  eden space 38400K, 99% used [0x00000000f5580000,0x00000000f7affff8,0x00000000f7b00000)
  from space 14336K, 0% used [0x00000000f7b00000,0x00000000f7b00000,0x00000000f8900000)
  to   space 31744K, 0% used [0x00000000fa000000,0x00000000fa000000,0x00000000fbf00000)
 ParOldGen       total 349696K, used 349693K [0x00000000e0000000, 0x00000000f5580000, 0x00000000f5580000)
  object space 349696K, 99% used [0x00000000e0000000,0x00000000f557f570,0x00000000f5580000)
 Metaspace       used 62542K, committed 63744K, reserved 1114112K
  class space    used 6202K, committed 6720K, reserved 1048576K
}
Event: 584.723 GC heap before
{Heap before GC invocations=536 (full 418):
 PSYoungGen      total 52736K, used 38399K [0x00000000f5580000, 0x00000000fbf00000, 0x0000000100000000)
  eden space 38400K, 99% used [0x00000000f5580000,0x00000000f7affff8,0x00000000f7b00000)
  from space 14336K, 0% used [0x00000000f7b00000,0x00000000f7b00000,0x00000000f8900000)
  to   space 31744K, 0% used [0x00000000fa000000,0x00000000fa000000,0x00000000fbf00000)
 ParOldGen       total 349696K, used 349693K [0x00000000e0000000, 0x00000000f5580000, 0x00000000f5580000)
  object space 349696K, 99% used [0x00000000e0000000,0x00000000f557f7a0,0x00000000f5580000)
 Metaspace       used 62542K, committed 63744K, reserved 1114112K
  class space    used 6202K, committed 6720K, reserved 1048576K
}
Event: 585.952 GC heap after
{Heap after GC invocations=536 (full 418):
 PSYoungGen      total 70144K, used 38399K [0x00000000f5580000, 0x00000000fbf00000, 0x0000000100000000)
  eden space 38400K, 99% used [0x00000000f5580000,0x00000000f7affff8,0x00000000f7b00000)
  from space 31744K, 0% used [0x00000000fa000000,0x00000000fa000000,0x00000000fbf00000)
  to   space 14336K, 0% used [0x00000000f7b00000,0x00000000f7b00000,0x00000000f8900000)
 ParOldGen       total 349696K, used 349693K [0x00000000e0000000, 0x00000000f5580000, 0x00000000f5580000)
  object space 349696K, 99% used [0x00000000e0000000,0x00000000f557f570,0x00000000f5580000)
 Metaspace       used 62542K, committed 63744K, reserved 1114112K
  class space    used 6202K, committed 6720K, reserved 1048576K
}
Event: 585.952 GC heap before
{Heap before GC invocations=537 (full 419):
 PSYoungGen      total 70144K, used 38399K [0x00000000f5580000, 0x00000000fbf00000, 0x0000000100000000)
  eden space 38400K, 99% used [0x00000000f5580000,0x00000000f7affff8,0x00000000f7b00000)
  from space 31744K, 0% used [0x00000000fa000000,0x00000000fa000000,0x00000000fbf00000)
  to   space 14336K, 0% used [0x00000000f7b00000,0x00000000f7b00000,0x00000000f8900000)
 ParOldGen       total 349696K, used 349693K [0x00000000e0000000, 0x00000000f5580000, 0x00000000f5580000)
  object space 349696K, 99% used [0x00000000e0000000,0x00000000f557f570,0x00000000f5580000)
 Metaspace       used 62542K, committed 63744K, reserved 1114112K
  class space    used 6202K, committed 6720K, reserved 1048576K
}
Event: 587.196 GC heap after
{Heap after GC invocations=537 (full 419):
 PSYoungGen      total 52736K, used 38399K [0x00000000f5580000, 0x00000000fbf00000, 0x0000000100000000)
  eden space 38400K, 99% used [0x00000000f5580000,0x00000000f7afff80,0x00000000f7b00000)
  from space 14336K, 0% used [0x00000000f7b00000,0x00000000f7b00000,0x00000000f8900000)
  to   space 31744K, 0% used [0x00000000fa000000,0x00000000fa000000,0x00000000fbf00000)
 ParOldGen       total 349696K, used 349693K [0x00000000e0000000, 0x00000000f5580000, 0x00000000f5580000)
  object space 349696K, 99% used [0x00000000e0000000,0x00000000f557f488,0x00000000f5580000)
 Metaspace       used 62542K, committed 63744K, reserved 1114112K
  class space    used 6202K, committed 6720K, reserved 1048576K
}

Dll operation events (9 events):
Event: 0.002 Loaded shared library /nix/store/gpxl5qgg8kicmcvivwmybwjlpf7wh20l-graalvm17-ce-22.3.0/lib/libjava.so
Event: 0.015 Loaded shared library /nix/store/gpxl5qgg8kicmcvivwmybwjlpf7wh20l-graalvm17-ce-22.3.0/lib/libjsvml.so
Event: 0.483 Loaded shared library /nix/store/gpxl5qgg8kicmcvivwmybwjlpf7wh20l-graalvm17-ce-22.3.0/lib/libjvmcicompiler.so
Event: 0.494 Loaded shared library /nix/store/gpxl5qgg8kicmcvivwmybwjlpf7wh20l-graalvm17-ce-22.3.0/lib/libnio.so
Event: 0.580 Loaded shared library /nix/store/gpxl5qgg8kicmcvivwmybwjlpf7wh20l-graalvm17-ce-22.3.0/lib/libzip.so
Event: 1.190 Loaded shared library /nix/store/gpxl5qgg8kicmcvivwmybwjlpf7wh20l-graalvm17-ce-22.3.0/lib/libjimage.so
Event: 1.730 Loaded shared library /nix/store/gpxl5qgg8kicmcvivwmybwjlpf7wh20l-graalvm17-ce-22.3.0/lib/libnet.so
Event: 6.286 Loaded shared library /home/runner/.cache/jdt-language-server/config/org.eclipse.equinox.launcher/org.eclipse.equinox.launcher.gtk.linux.x86_64_1.2.400.v20211117-0650/eclipse_11600.so
Event: 13.909 Loaded shared library /nix/store/gpxl5qgg8kicmcvivwmybwjlpf7wh20l-graalvm17-ce-22.3.0/lib/libextnet.so

Deoptimization events (20 events):
Event: 69.193 Thread 0x00007f656826a250 DEOPT PACKING pc=0x00007f65eaf87be4 sp=0x00007f65aa8fd360
Event: 69.193 Thread 0x00007f656826a250 DEOPT UNPACKING pc=0x00007f65e3505325 sp=0x00007f65aa8fc830 mode 3
Event: 71.029 Thread 0x00007f656826a250 Uncommon trap: trap_request=0xffffffc4 fr.pc=0x00007f65eb22e7d0 relative=0x00000000000000d0
Event: 71.029 Thread 0x00007f656826a250 Uncommon trap: reason=bimorphic_or_optimized_type_check action=make_not_entrant pc=0x00007f65eb22e7d0 method=org.eclipse.jdt.internal.compiler.parser.Scanner.mayBeAtCasePattern(I)Z @ 0 jvmci
Event: 71.029 Thread 0x00007f656826a250 DEOPT PACKING pc=0x00007f65eb22e7d0 sp=0x00007f65aa8fdb80
Event: 71.029 Thread 0x00007f656826a250 DEOPT UNPACKING pc=0x00007f65e3505325 sp=0x00007f65aa8fd018 mode 3
Event: 103.537 Thread 0x00007f65fc3bc970 Uncommon trap: trap_request=0xffffffed fr.pc=0x00007f65eb232154 relative=0x0000000000000b94
Event: 103.537 Thread 0x00007f65fc3bc970 Uncommon trap: reason=null_assert_or_unreached0 action=reinterpret pc=0x00007f65eb232154 method=com.google.gson.stream.JsonReader.nextNonWhitespace(Z)I @ 312 jvmci
Event: 103.537 Thread 0x00007f65fc3bc970 DEOPT PACKING pc=0x00007f65eb232154 sp=0x00007f65aadfde30
Event: 103.537 Thread 0x00007f65fc3bc970 DEOPT UNPACKING pc=0x00007f65e3505325 sp=0x00007f65aadfd248 mode 3
Event: 144.017 Thread 0x00007f65fc0b2210 Uncommon trap: trap_request=0xffffffcd fr.pc=0x00007f65eb19567e relative=0x00000000000004be
Event: 144.017 Thread 0x00007f65fc0b2210 Uncommon trap: reason=intrinsic_or_type_checked_inlining action=reinterpret pc=0x00007f65eb19567e method=java.io.DataOutputStream.writeInt(I)V @ 0 jvmci
Event: 144.017 Thread 0x00007f65fc0b2210 DEOPT PACKING pc=0x00007f65eb19567e sp=0x00007f65e0646000
Event: 144.017 Thread 0x00007f65fc0b2210 DEOPT UNPACKING pc=0x00007f65e3505325 sp=0x00007f65e06454d8 mode 3
Event: 347.385 Thread 0x00007f656826b340 DEOPT PACKING pc=0x00007f65e441d85a sp=0x00007f65ab9fdba0
Event: 347.385 Thread 0x00007f656826b340 DEOPT UNPACKING pc=0x00007f65e3505325 sp=0x00007f65ab9fcfe0 mode 0
Event: 403.409 Thread 0x00007f6584003d70 Uncommon trap: trap_request=0xffffffed fr.pc=0x00007f65eb086701 relative=0x0000000000000161
Event: 403.409 Thread 0x00007f6584003d70 Uncommon trap: reason=null_assert_or_unreached0 action=reinterpret pc=0x00007f65eb086701 method=java.util.concurrent.locks.AbstractQueuedSynchronizer.signalNext(Ljava/util/concurrent/locks/AbstractQueuedSynchronizer$Node;)V @ 17 jvmci
Event: 403.409 Thread 0x00007f6584003d70 DEOPT PACKING pc=0x00007f65eb086701 sp=0x00007f65aa5fe700
Event: 403.409 Thread 0x00007f6584003d70 DEOPT UNPACKING pc=0x00007f65e3505325 sp=0x00007f65aa5fdad0 mode 3

Classes unloaded (20 events):
Event: 79.544 Thread 0x00007f65fc0a1c10 Unloading class 0x0000000800ee4000 'jdk/internal/reflect/GeneratedConstructorAccessor8'
Event: 79.544 Thread 0x00007f65fc0a1c10 Unloading class 0x0000000800d99000 'java/lang/invoke/LambdaForm$MH+0x0000000800d99000'
Event: 79.544 Thread 0x00007f65fc0a1c10 Unloading class 0x0000000800d98c00 'java/lang/invoke/LambdaForm$MH+0x0000000800d98c00'
Event: 79.544 Thread 0x00007f65fc0a1c10 Unloading class 0x0000000800d98800 'java/lang/invoke/LambdaForm$MH+0x0000000800d98800'
Event: 79.544 Thread 0x00007f65fc0a1c10 Unloading class 0x0000000800d98400 'java/lang/invoke/LambdaForm$MH+0x0000000800d98400'
Event: 79.544 Thread 0x00007f65fc0a1c10 Unloading class 0x0000000800d98000 'jdk/internal/reflect/GeneratedConstructorAccessor3'
Event: 79.544 Thread 0x00007f65fc0a1c10 Unloading class 0x0000000800d06800 'java/lang/invoke/LambdaForm$MH+0x0000000800d06800'
Event: 79.544 Thread 0x00007f65fc0a1c10 Unloading class 0x0000000800d06000 'java/lang/invoke/LambdaForm$MH+0x0000000800d06000'
Event: 79.544 Thread 0x00007f65fc0a1c10 Unloading class 0x0000000800d05c00 'java/lang/invoke/LambdaForm$MH+0x0000000800d05c00'
Event: 79.544 Thread 0x00007f65fc0a1c10 Unloading class 0x0000000800d05800 'java/lang/invoke/LambdaForm$MH+0x0000000800d05800'
Event: 79.544 Thread 0x00007f65fc0a1c10 Unloading class 0x0000000800d05000 'java/lang/invoke/LambdaForm$MH+0x0000000800d05000'
Event: 79.544 Thread 0x00007f65fc0a1c10 Unloading class 0x0000000800d04c00 'java/lang/invoke/LambdaForm$MH+0x0000000800d04c00'
Event: 79.544 Thread 0x00007f65fc0a1c10 Unloading class 0x0000000800d04800 'java/lang/invoke/LambdaForm$MH+0x0000000800d04800'
Event: 79.544 Thread 0x00007f65fc0a1c10 Unloading class 0x0000000800d04000 'java/lang/invoke/LambdaForm$MH+0x0000000800d04000'
Event: 79.544 Thread 0x00007f65fc0a1c10 Unloading class 0x0000000800c1d000 'jdk/internal/reflect/GeneratedMethodAccessor5'
Event: 79.544 Thread 0x00007f65fc0a1c10 Unloading class 0x0000000800c1cc00 'jdk/internal/reflect/GeneratedMethodAccessor4'
Event: 79.544 Thread 0x00007f65fc0a1c10 Unloading class 0x0000000800c1c800 'jdk/internal/reflect/GeneratedMethodAccessor3'
Event: 79.544 Thread 0x00007f65fc0a1c10 Unloading class 0x0000000800c1c400 'jdk/internal/reflect/GeneratedMethodAccessor2'
Event: 79.544 Thread 0x00007f65fc0a1c10 Unloading class 0x0000000800c1c000 'jdk/internal/reflect/GeneratedMethodAccessor1'
Event: 79.544 Thread 0x00007f65fc0a1c10 Unloading class 0x0000000800c01c00 'java/lang/invoke/LambdaForm$DMH+0x0000000800c01c00'

Classes redefined (0 events):
No events

Internal exceptions (20 events):
Event: 39.184 Thread 0x00007f65fc3bc970 Exception <a 'java/lang/ClassNotFoundException'{0x00000000f5cd7de0}: sun/util/logging/resources/spi/loggingProvider> (0x00000000f5cd7de0) 
thrown [src/hotspot/share/classfile/systemDictionary.cpp, line 256]
Event: 39.299 Thread 0x00007f65fc3bc970 Exception <a 'java/lang/reflect/InvocationTargetException'{0x00000000f5680528}> (0x00000000f5680528) 
thrown [src/hotspot/share/runtime/reflection.cpp, line 1119]
Event: 39.482 Thread 0x00007f65fc3bc970 Exception <a 'java/lang/reflect/InvocationTargetException'{0x00000000f5d56d28}> (0x00000000f5d56d28) 
thrown [src/hotspot/share/runtime/reflection.cpp, line 1119]
Event: 40.803 Thread 0x00007f655c000ff0 Exception <a 'java/io/FileNotFoundException'{0x00000000f6405090}> (0x00000000f6405090) 
thrown [src/hotspot/share/prims/jni.cpp, line 516]
Event: 40.905 Thread 0x00007f655c000ff0 Exception <a 'java/lang/NoSuchMethodError'{0x00000000f565af40}: 'java.lang.Object java.lang.invoke.DirectMethodHandle$Holder.newInvokeSpecial(java.lang.Object, java.lang.Object, int, java.lang.Object, java.lang.Object)'> (0x00000000f565af40) 
thrown [src/hotspot/share/interpreter/linkResolver.cpp, line 758]
Event: 40.906 Thread 0x00007f655c000ff0 Exception <a 'java/lang/NoSuchMethodError'{0x00000000f567fb60}: 'java.lang.Object java.lang.invoke.DirectMethodHandle$Holder.invokeSpecial(java.lang.Object, java.lang.Object, java.lang.Object, int, java.lang.Object, java.lang.Object)'> (0x00000000f567fb60) 
thrown [src/hotspot/share/interpreter/linkResolver.cpp, line 758]
Event: 41.060 Thread 0x00007f655c000ff0 Exception <a 'java/lang/NoSuchMethodError'{0x00000000f5f8e4b0}: 'java.lang.Object java.lang.invoke.DirectMethodHandle$Holder.newInvokeSpecial(java.lang.Object, java.lang.Object, java.lang.Object, int, java.lang.Object)'> (0x00000000f5f8e4b0) 
thrown [src/hotspot/share/interpreter/linkResolver.cpp, line 758]
Event: 41.061 Thread 0x00007f655c000ff0 Exception <a 'java/lang/NoSuchMethodError'{0x00000000f5f92660}: 'java.lang.Object java.lang.invoke.DirectMethodHandle$Holder.invokeSpecial(java.lang.Object, java.lang.Object, java.lang.Object, java.lang.Object, int, java.lang.Object)'> (0x00000000f5f92660) 
thrown [src/hotspot/share/interpreter/linkResolver.cpp, line 758]
Event: 41.061 Thread 0x00007f655c000ff0 Exception <a 'java/lang/NoSuchMethodError'{0x00000000f5f964e0}: 'java.lang.Object java.lang.invoke.Invokers$Holder.linkToTargetMethod(java.lang.Object, java.lang.Object, int, java.lang.Object, java.lang.Object)'> (0x00000000f5f964e0) 
thrown [src/hotspot/share/interpreter/linkResolver.cpp, line 758]
Event: 43.402 Thread 0x00007f65fc3bc970 Exception <a 'java/lang/reflect/InvocationTargetException'{0x00000000f57ee418}> (0x00000000f57ee418) 
thrown [src/hotspot/share/runtime/reflection.cpp, line 1119]
Event: 43.896 Thread 0x00007f65682691c0 Implicit null exception at 0x00007f65eb0e90e9 to 0x00007f65eb0e929b
Event: 46.389 Thread 0x00007f656826b3d0 Exception <a 'java/lang/NoSuchMethodError'{0x00000000f5fe2a28}: 'java.lang.Object java.lang.invoke.DirectMethodHandle$Holder.newInvokeSpecial(java.lang.Object, java.lang.Object, int, java.lang.Object, java.lang.Object, java.lang.Object, java.lang.Object)'> (0x00000000f5fe2a28) 
thrown [src/hotspot/share/interpreter/linkResolver.cpp, line 758]
Event: 46.390 Thread 0x00007f65682691c0 Exception <a 'java/lang/NoSuchMethodError'{0x00000000f5e7fb28}: 'java.lang.Object java.lang.invoke.DirectMethodHandle$Holder.invokeSpecial(java.lang.Object, java.lang.Object, int, java.lang.Object, java.lang.Object, java.lang.Object, java.lang.Object, java.lang.Object)'> (0x00000000f5e7fb28) 
thrown [src/hotspot/share/interpreter/linkResolver.cpp, line 758]
Event: 46.691 Thread 0x00007f656826a2c0 Exception <a 'java/lang/NoSuchMethodError'{0x00000000f5f1fdb8}: 'void java.lang.invoke.DirectMethodHandle$Holder.invokeSpecial(java.lang.Object, java.lang.Object, int)'> (0x00000000f5f1fdb8) 
thrown [src/hotspot/share/interpreter/linkResolver.cpp, line 758]
Event: 46.691 Thread 0x00007f65682691c0 Exception <a 'java/lang/NoSuchMethodError'{0x00000000f5f15fe8}: 'void java.lang.invoke.DirectMethodHandle$Holder.invokeSpecial(java.lang.Object, java.lang.Object, int)'> (0x00000000f5f15fe8) 
thrown [src/hotspot/share/interpreter/linkResolver.cpp, line 758]
Event: 47.482 Thread 0x00007f656826c510 Exception <a 'java/lang/NoSuchMethodError'{0x00000000f60c5280}: 'int java.lang.invoke.DirectMethodHandle$Holder.invokeSpecialIFC(java.lang.Object, java.lang.Object, java.lang.Object, java.lang.Object)'> (0x00000000f60c5280) 
thrown [src/hotspot/share/interpreter/linkResolver.cpp, line 758]
Event: 47.904 Thread 0x00007f6590481270 Implicit null exception at 0x00007f65eb1b56d2 to 0x00007f65eb1b93eb
Event: 65.986 Thread 0x00007f656826a250 Implicit null exception at 0x00007f65eb0169b5 to 0x00007f65eb016a26
Event: 66.685 Thread 0x00007f656826a250 Implicit null exception at 0x00007f65eb20e8a1 to 0x00007f65eb20ea70
Event: 587.196 Thread 0x00007f65fc0b2210 Exception <a 'java/lang/OutOfMemoryError'{0x00000000e000fae8}> (0x00000000e000fae8) 
thrown [src/hotspot/share/gc/shared/memAllocator.cpp, line 136]

VM Operations (20 events):
Event: 573.695 Executing VM operation: ParallelGCFailedAllocation
Event: 574.929 Executing VM operation: ParallelGCFailedAllocation done
Event: 574.929 Executing VM operation: ParallelGCFailedAllocation
Event: 576.210 Executing VM operation: ParallelGCFailedAllocation done
Event: 576.210 Executing VM operation: ParallelGCFailedAllocation
Event: 577.502 Executing VM operation: ParallelGCFailedAllocation done
Event: 577.502 Executing VM operation: ParallelGCFailedAllocation
Event: 578.700 Executing VM operation: ParallelGCFailedAllocation done
Event: 578.700 Executing VM operation: ParallelGCFailedAllocation
Event: 579.911 Executing VM operation: ParallelGCFailedAllocation done
Event: 579.911 Executing VM operation: ParallelGCFailedAllocation
Event: 581.105 Executing VM operation: ParallelGCFailedAllocation done
Event: 581.105 Executing VM operation: ParallelGCFailedAllocation
Event: 582.215 Executing VM operation: ParallelGCFailedAllocation done
Event: 582.215 Executing VM operation: ParallelGCFailedAllocation
Event: 583.428 Executing VM operation: ParallelGCFailedAllocation done
Event: 583.429 Executing VM operation: ParallelGCFailedAllocation
Event: 584.723 Executing VM operation: ParallelGCFailedAllocation done
Event: 584.723 Executing VM operation: ParallelGCFailedAllocation
Event: 587.196 Executing VM operation: ParallelGCFailedAllocation done

Events (20 events):
Event: 109.800 Thread 0x00007f655c000ff0 Thread exited: 0x00007f655c000ff0
Event: 112.514 Thread 0x00007f6590302d30 Thread exited: 0x00007f6590302d30
Event: 112.514 Thread 0x00007f65800010d0 Thread exited: 0x00007f65800010d0
Event: 113.919 Thread 0x00007f6574000ff0 Thread exited: 0x00007f6574000ff0
Event: 174.898 Thread 0x00007f656826c480 Thread added: 0x00007f656826c480
Event: 174.900 Protecting memory [0x00007f65aaf00000,0x00007f65aaf04000] with protection modes 0
Event: 181.504 loading class java/util/concurrent/CancellationException
Event: 181.504 loading class java/util/concurrent/CancellationException done
Event: 181.504 loading class java/util/concurrent/CompletionException
Event: 181.504 loading class java/util/concurrent/CompletionException done
Event: 298.440 Thread 0x00007f656826b340 Thread added: 0x00007f656826b340
Event: 298.440 Protecting memory [0x00007f65ab900000,0x00007f65ab904000] with protection modes 0
Event: 343.522 Thread 0x00007f656826c480 Thread exited: 0x00007f656826c480
Event: 403.409 Thread 0x00007f655c44a440 Thread exited: 0x00007f655c44a440
Event: 403.409 Thread 0x00007f6584003d70 Thread exited: 0x00007f6584003d70
Event: 430.442 Thread 0x00007f655c44ac80 Thread exited: 0x00007f655c44ac80
Event: 430.442 Thread 0x00007f656826c480 Thread added: 0x00007f656826c480
Event: 430.442 Protecting memory [0x00007f65abd00000,0x00007f65abd04000] with protection modes 0
Event: 500.282 Thread 0x00007f6568130b20 Thread added: 0x00007f6568130b20
Event: 500.283 Protecting memory [0x00007f65b0600000,0x00007f65b0604000] with protection modes 0


Dynamic libraries:
e0000000-f5580000 rw-p 00000000 00:00 0 
f5580000-fbf00000 rw-p 00000000 00:00 0 
fbf00000-100000000 ---p 00000000 00:00 0 
800000000-800449000 rw-p 00001000 00:2296 4611686019135357769            /nix/store/gpxl5qgg8kicmcvivwmybwjlpf7wh20l-graalvm17-ce-22.3.0/lib/server/classes.jsa
800449000-800bc8000 r--p 0044a000 00:2296 4611686019135357769            /nix/store/gpxl5qgg8kicmcvivwmybwjlpf7wh20l-graalvm17-ce-22.3.0/lib/server/classes.jsa
800bc8000-800c00000 ---p 00000000 00:00 0 
800c00000-800c20000 rw-p 00000000 00:00 0 
800c20000-800c40000 rw-p 00000000 00:00 0 
800c40000-800cc0000 rw-p 00000000 00:00 0 
800cc0000-800d00000 rw-p 00000000 00:00 0 
800d00000-800dc0000 rw-p 00000000 00:00 0 
800dc0000-800e00000 rw-p 00000000 00:00 0 
800e00000-800f40000 rw-p 00000000 00:00 0 
800f40000-800fc0000 rw-p 00000000 00:00 0 
800fc0000-801000000 rw-p 00000000 00:00 0 
801000000-801290000 rw-p 00000000 00:00 0 
801290000-840c00000 ---p 00000000 00:00 0 
55dfbe1a2000-55dfbe1a3000 r-xp 00000000 00:2296 4611686019099417844      /nix/store/gpxl5qgg8kicmcvivwmybwjlpf7wh20l-graalvm17-ce-22.3.0/bin/.java-wrapped
55dfbe1a4000-55dfbe1a5000 r--p 00001000 00:2296 4611686019099417844      /nix/store/gpxl5qgg8kicmcvivwmybwjlpf7wh20l-graalvm17-ce-22.3.0/bin/.java-wrapped
55dfbe1a5000-55dfbe1a6000 rw-p 00002000 00:2296 4611686019099417844      /nix/store/gpxl5qgg8kicmcvivwmybwjlpf7wh20l-graalvm17-ce-22.3.0/bin/.java-wrapped
55dfbe1a6000-55dfbe1a7000 rw-p 00004000 00:2296 4611686019099417844      /nix/store/gpxl5qgg8kicmcvivwmybwjlpf7wh20l-graalvm17-ce-22.3.0/bin/.java-wrapped
55dfbe1a7000-55dfbe1a8000 rw-p 00005000 00:2296 4611686019099417844      /nix/store/gpxl5qgg8kicmcvivwmybwjlpf7wh20l-graalvm17-ce-22.3.0/bin/.java-wrapped
55dfbf703000-55dfbf74b000 rw-p 00000000 00:00 0                          [heap]
7f651c000000-7f651c051000 rw-p 00000000 00:00 0 
7f651c051000-7f6520000000 ---p 00000000 00:00 0 
7f6524000000-7f6524039000 rw-p 00000000 00:00 0 
7f6524039000-7f6528000000 ---p 00000000 00:00 0 
7f6528000000-7f6528078000 rw-p 00000000 00:00 0 
7f6528078000-7f652c000000 ---p 00000000 00:00 0 
7f652c000000-7f652c0a3000 rw-p 00000000 00:00 0 
7f652c0a3000-7f6530000000 ---p 00000000 00:00 0 
7f6530000000-7f653003c000 rw-p 00000000 00:00 0 
7f653003c000-7f6534000000 ---p 00000000 00:00 0 
7f6534000000-7f6534072000 rw-p 00000000 00:00 0 
7f6534072000-7f6538000000 ---p 00000000 00:00 0 
7f6538000000-7f653805d000 rw-p 00000000 00:00 0 
7f653805d000-7f653c000000 ---p 00000000 00:00 0 
7f653c000000-7f653c021000 rw-p 00000000 00:00 0 
7f653c021000-7f6540000000 ---p 00000000 00:00 0 
7f6540000000-7f6540021000 rw-p 00000000 00:00 0 
7f6540021000-7f6544000000 ---p 00000000 00:00 0 
7f6544000000-7f6544021000 rw-p 00000000 00:00 0 
7f6544021000-7f6548000000 ---p 00000000 00:00 0 
7f6548000000-7f6548021000 rw-p 00000000 00:00 0 
7f6548021000-7f654c000000 ---p 00000000 00:00 0 
7f654c000000-7f654c024000 rw-p 00000000 00:00 0 
7f654c024000-7f6550000000 ---p 00000000 00:00 0 
7f6550800000-7f6550890000 rw-p 00000000 00:00 0 
7f6550890000-7f6551000000 ---p 00000000 00:00 0 
7f6551000000-7f6551500000 rw-p 00000000 00:00 0 
7f6551500000-7f6551520000 rw-p 00000000 00:00 0 
7f6551520000-7f6551600000 ---p 00000000 00:00 0 
7f6551600000-7f6551660000 rw-p 00000000 00:00 0 
7f6551660000-7f6551800000 rw-p 00000000 00:00 0 
7f6551c00000-7f6551f80000 rw-p 00000000 00:00 0 
7f6551f80000-7f6552000000 rw-p 00000000 00:00 0 
7f6552000000-7f6552400000 rw-p 00000000 00:00 0 
7f65524b3000-7f655c000000 r--s 00000000 00:2296 4611686019135192581      /nix/store/gpxl5qgg8kicmcvivwmybwjlpf7wh20l-graalvm17-ce-22.3.0/lib/modules
7f655c000000-7f655c502000 rw-p 00000000 00:00 0 
7f655c502000-7f6560000000 ---p 00000000 00:00 0 
7f6560000000-7f656006a000 rw-p 00000000 00:00 0 
7f656006a000-7f6564000000 ---p 00000000 00:00 0 
7f6564000000-7f65640ec000 rw-p 00000000 00:00 0 
7f65640ec000-7f6568000000 ---p 00000000 00:00 0 
7f6568000000-7f65682b6000 rw-p 00000000 00:00 0 
7f65682b6000-7f656c000000 ---p 00000000 00:00 0 
7f656c000000-7f656c021000 rw-p 00000000 00:00 0 
7f656c021000-7f6570000000 ---p 00000000 00:00 0 
7f6570000000-7f6570021000 rw-p 00000000 00:00 0 
7f6570021000-7f6574000000 ---p 00000000 00:00 0 
7f6574000000-7f6574053000 rw-p 00000000 00:00 0 
7f6574053000-7f6578000000 ---p 00000000 00:00 0 
7f6578000000-7f657805b000 rw-p 00000000 00:00 0 
7f657805b000-7f657c000000 ---p 00000000 00:00 0 
7f657c000000-7f657c021000 rw-p 00000000 00:00 0 
7f657c021000-7f6580000000 ---p 00000000 00:00 0 
7f6580000000-7f6580347000 rw-p 00000000 00:00 0 
7f6580347000-7f6584000000 ---p 00000000 00:00 0 
7f6584000000-7f6584021000 rw-p 00000000 00:00 0 
7f6584021000-7f6588000000 ---p 00000000 00:00 0 
7f6588000000-7f6588021000 rw-p 00000000 00:00 0 
7f6588021000-7f658c000000 ---p 00000000 00:00 0 
7f658e000000-7f658e200000 rw-p 00000000 00:00 0 
7f658e200000-7f658e300000 rw-p 00000000 00:00 0 
7f658e300000-7f658e400000 rw-p 00000000 00:00 0 
7f658e400000-7f658e800000 rw-p 00000000 00:00 0 
7f658e800000-7f658e900000 rw-p 00000000 00:00 0 
7f658e900000-7f658eb00000 rw-p 00000000 00:00 0 
7f658eb00000-7f658ec00000 rw-p 00000000 00:00 0 
7f658ec00000-7f658ed00000 rw-p 00000000 00:00 0 
7f658ed00000-7f658ee00000 rw-p 00000000 00:00 0 
7f658ee00000-7f658f000000 rw-p 00000000 00:00 0 
7f658f000000-7f658f100000 rw-p 00000000 00:00 0 
7f658f100000-7f658f200000 rw-p 00000000 00:00 0 
7f658f200000-7f658f700000 rw-p 00000000 00:00 0 
7f658f700000-7f658f800000 rw-p 00000000 00:00 0 
7f658f800000-7f658f900000 rw-p 00000000 00:00 0 
7f658f900000-7f658fa00000 rw-p 00000000 00:00 0 
7f658fa00000-7f658fd00000 rw-p 00000000 00:00 0 
7f658fd00000-7f658fe00000 rw-p 00000000 00:00 0 
7f658fe00000-7f6590000000 rw-p 00000000 00:00 0 
7f6590000000-7f65908d3000 rw-p 00000000 00:00 0 
7f65908d3000-7f6594000000 ---p 00000000 00:00 0 
7f6594000000-7f6594025000 rw-p 00000000 00:00 0 
7f6594025000-7f6598000000 ---p 00000000 00:00 0 
7f6598000000-7f6598021000 rw-p 00000000 00:00 0 
7f6598021000-7f659c000000 ---p 00000000 00:00 0 
7f659c000000-7f659c021000 rw-p 00000000 00:00 0 
7f659c021000-7f65a0000000 ---p 00000000 00:00 0 
7f65a0000000-7f65a00ad000 rw-p 00000000 00:00 0 
7f65a00ad000-7f65a4000000 ---p 00000000 00:00 0 
7f65a4000000-7f65a4021000 rw-p 00000000 00:00 0 
7f65a4021000-7f65a8000000 ---p 00000000 00:00 0 
7f65a8c00000-7f65a8c10000 r-xp 00000000 00:2292 358                      /home/runner/.cache/jdt-language-server/config/org.eclipse.equinox.launcher/org.eclipse.equinox.launcher.gtk.linux.x86_64_1.2.400.v20211117-0650/eclipse_11600.so
7f65a8c10000-7f65a8e0f000 ---p 00010000 00:2292 358                      /home/runner/.cache/jdt-language-server/config/org.eclipse.equinox.launcher/org.eclipse.equinox.launcher.gtk.linux.x86_64_1.2.400.v20211117-0650/eclipse_11600.so
7f65a8e0f000-7f65a8e10000 r--p 0000f000 00:2292 358                      /home/runner/.cache/jdt-language-server/config/org.eclipse.equinox.launcher/org.eclipse.equinox.launcher.gtk.linux.x86_64_1.2.400.v20211117-0650/eclipse_11600.so
7f65a8e10000-7f65a8e11000 rw-p 00010000 00:2292 358                      /home/runner/.cache/jdt-language-server/config/org.eclipse.equinox.launcher/org.eclipse.equinox.launcher.gtk.linux.x86_64_1.2.400.v20211117-0650/eclipse_11600.so
7f65a8f00000-7f65a9000000 ---p 00000000 00:00 0 
7f65a9000000-7f65a95af000 r--p 01122000 00:2296 4611686019135190040      /nix/store/gpxl5qgg8kicmcvivwmybwjlpf7wh20l-graalvm17-ce-22.3.0/lib/libjvmcicompiler.so
7f65a95af000-7f65a9700000 r--p 00000000 00:00 0 
7f65a9700000-7f65a973d000 rw-p 00000000 00:00 0 
7f65a973d000-7f65a9c5d000 rw-p 0185f000 00:2296 4611686019135190040      /nix/store/gpxl5qgg8kicmcvivwmybwjlpf7wh20l-graalvm17-ce-22.3.0/lib/libjvmcicompiler.so
7f65a9c5d000-7f65aa044000 r--p 01d7f000 00:2296 4611686019135190040      /nix/store/gpxl5qgg8kicmcvivwmybwjlpf7wh20l-graalvm17-ce-22.3.0/lib/libjvmcicompiler.so
7f65aa100000-7f65aa104000 ---p 00000000 00:00 0 
7f65aa104000-7f65aa200000 rw-p 00000000 00:00 0 
7f65aa300000-7f65aa304000 ---p 00000000 00:00 0 
7f65aa304000-7f65aa400000 rw-p 00000000 00:00 0 
7f65aa500000-7f65aa504000 ---p 00000000 00:00 0 
7f65aa504000-7f65aa600000 rw-p 00000000 00:00 0 
7f65aa600000-7f65aa604000 ---p 00000000 00:00 0 
7f65aa604000-7f65aa700000 rw-p 00000000 00:00 0 
7f65aa700000-7f65aa704000 ---p 00000000 00:00 0 
7f65aa704000-7f65aa800000 rw-p 00000000 00:00 0 
7f65aa800000-7f65aa804000 ---p 00000000 00:00 0 
7f65aa804000-7f65aa900000 rw-p 00000000 00:00 0 
7f65aa900000-7f65aa904000 ---p 00000000 00:00 0 
7f65aa904000-7f65aaa00000 rw-p 00000000 00:00 0 
7f65aaa00000-7f65aaa04000 ---p 00000000 00:00 0 
7f65aaa04000-7f65aab00000 rw-p 00000000 00:00 0 
7f65aab00000-7f65aab04000 ---p 00000000 00:00 0 
7f65aab04000-7f65aac00000 rw-p 00000000 00:00 0 
7f65aad00000-7f65aad04000 ---p 00000000 00:00 0 
7f65aad04000-7f65aae00000 rw-p 00000000 00:00 0 
7f65aae00000-7f65aae04000 ---p 00000000 00:00 0 
7f65aae04000-7f65aaf00000 rw-p 00000000 00:00 0 
7f65aaf00000-7f65aaf04000 ---p 00000000 00:00 0 
7f65aaf04000-7f65ab000000 rw-p 00000000 00:00 0 
7f65ab000000-7f65ab004000 ---p 00000000 00:00 0 
7f65ab004000-7f65ab100000 rw-p 00000000 00:00 0 
7f65ab100000-7f65ab104000 ---p 00000000 00:00 0 
7f65ab104000-7f65ab200000 rw-p 00000000 00:00 0 
7f65ab300000-7f65ab304000 ---p 00000000 00:00 0 
7f65ab304000-7f65ab400000 rw-p 00000000 00:00 0 
7f65ab500000-7f65ab504000 ---p 00000000 00:00 0 
7f65ab504000-7f65ab600000 rw-p 00000000 00:00 0 
7f65ab600000-7f65ab604000 ---p 00000000 00:00 0 
7f65ab604000-7f65ab700000 rw-p 00000000 00:00 0 
7f65ab700000-7f65ab704000 ---p 00000000 00:00 0 
7f65ab704000-7f65ab800000 rw-p 00000000 00:00 0 
7f65ab800000-7f65ab804000 ---p 00000000 00:00 0 
7f65ab804000-7f65ab900000 rw-p 00000000 00:00 0 
7f65ab900000-7f65ab904000 ---p 00000000 00:00 0 
7f65ab904000-7f65aba00000 rw-p 00000000 00:00 0 
7f65abb00000-7f65abb04000 ---p 00000000 00:00 0 
7f65abb04000-7f65abc00000 rw-p 00000000 00:00 0 
7f65abd00000-7f65abd04000 ---p 00000000 00:00 0 
7f65abd04000-7f65abe00000 rw-p 00000000 00:00 0 
7f65abf00000-7f65abf04000 ---p 00000000 00:00 0 
7f65abf04000-7f65ac000000 rw-p 00000000 00:00 0 
7f65ac000000-7f65ac021000 rw-p 00000000 00:00 0 
7f65ac021000-7f65b0000000 ---p 00000000 00:00 0 
7f65b0100000-7f65b0104000 ---p 00000000 00:00 0 
7f65b0104000-7f65b0200000 rw-p 00000000 00:00 0 
7f65b0300000-7f65b0304000 ---p 00000000 00:00 0 
7f65b0304000-7f65b0400000 rw-p 00000000 00:00 0 
7f65b0500000-7f65b0504000 ---p 00000000 00:00 0 
7f65b0504000-7f65b0600000 rw-p 00000000 00:00 0 
7f65b0600000-7f65b0604000 ---p 00000000 00:00 0 
7f65b0604000-7f65b0700000 rw-p 00000000 00:00 0 
7f65b0700000-7f65b0704000 ---p 00000000 00:00 0 
7f65b0704000-7f65b0800000 rw-p 00000000 00:00 0 
7f65b1468000-7f65b1900000 rw-p 00000000 00:00 0 
7f65b1a00000-7f65b3b6a000 r-xp 00000000 00:2296 4611686019135190040      /nix/store/gpxl5qgg8kicmcvivwmybwjlpf7wh20l-graalvm17-ce-22.3.0/lib/libjvmcicompiler.so
7f65b3b6a000-7f65b3d69000 ---p 0216a000 00:2296 4611686019135190040      /nix/store/gpxl5qgg8kicmcvivwmybwjlpf7wh20l-graalvm17-ce-22.3.0/lib/libjvmcicompiler.so
7f65b3d69000-7f65b3d6a000 r--p 02169000 00:2296 4611686019135190040      /nix/store/gpxl5qgg8kicmcvivwmybwjlpf7wh20l-graalvm17-ce-22.3.0/lib/libjvmcicompiler.so
7f65b3d6a000-7f65b3d6c000 rw-p 0216a000 00:2296 4611686019135190040      /nix/store/gpxl5qgg8kicmcvivwmybwjlpf7wh20l-graalvm17-ce-22.3.0/lib/libjvmcicompiler.so
7f65b3d6c000-7f65b3d6d000 rw-p 00000000 00:00 0 
7f65b3d6d000-7f65b3d72000 rw-p 023c3000 00:2296 4611686019135190040      /nix/store/gpxl5qgg8kicmcvivwmybwjlpf7wh20l-graalvm17-ce-22.3.0/lib/libjvmcicompiler.so
7f65b3dfe000-7f65b3dff000 ---p 00000000 00:00 0 
7f65b3dff000-7f65b3f00000 rw-p 00000000 00:00 0 
7f65b3f00000-7f65b3f04000 ---p 00000000 00:00 0 
7f65b3f04000-7f65b4000000 rw-p 00000000 00:00 0 
7f65b4000000-7f65b4021000 rw-p 00000000 00:00 0 
7f65b4021000-7f65b8000000 ---p 00000000 00:00 0 
7f65b8000000-7f65b8021000 rw-p 00000000 00:00 0 
7f65b8021000-7f65bc000000 ---p 00000000 00:00 0 
7f65bc000000-7f65bc0d9000 rw-p 00000000 00:00 0 
7f65bc0d9000-7f65c0000000 ---p 00000000 00:00 0 
7f65c0000000-7f65c0bbd000 rw-p 00000000 00:00 0 
7f65c0bbd000-7f65c4000000 ---p 00000000 00:00 0 
7f65c4000000-7f65c4021000 rw-p 00000000 00:00 0 
7f65c4021000-7f65c8000000 ---p 00000000 00:00 0 
7f65c8000000-7f65c8021000 rw-p 00000000 00:00 0 
7f65c8021000-7f65cc000000 ---p 00000000 00:00 0 
7f65cc000000-7f65cc021000 rw-p 00000000 00:00 0 
7f65cc021000-7f65d0000000 ---p 00000000 00:00 0 
7f65d0000000-7f65d0021000 rw-p 00000000 00:00 0 
7f65d0021000-7f65d4000000 ---p 00000000 00:00 0 
7f65d4000000-7f65d4021000 rw-p 00000000 00:00 0 
7f65d4021000-7f65d8000000 ---p 00000000 00:00 0 
7f65d8000000-7f65d8021000 rw-p 00000000 00:00 0 
7f65d8021000-7f65dc000000 ---p 00000000 00:00 0 
7f65dc000000-7f65dc1e8000 rw-p 00000000 00:00 0 
7f65dc1e8000-7f65e0000000 ---p 00000000 00:00 0 
7f65e0026000-7f65e002a000 ---p 00000000 00:00 0 
7f65e002a000-7f65e0048000 rw-p 00000000 00:00 0 
7f65e0048000-7f65e004c000 ---p 00000000 00:00 0 
7f65e004c000-7f65e0148000 rw-p 00000000 00:00 0 
7f65e0148000-7f65e014c000 ---p 00000000 00:00 0 
7f65e014c000-7f65e0248000 rw-p 00000000 00:00 0 
7f65e0248000-7f65e024c000 ---p 00000000 00:00 0 
7f65e024c000-7f65e0448000 rw-p 00000000 00:00 0 
7f65e0448000-7f65e044c000 ---p 00000000 00:00 0 
7f65e044c000-7f65e0648000 rw-p 00000000 00:00 0 
7f65e0648000-7f65e064c000 ---p 00000000 00:00 0 
7f65e064c000-7f65e0748000 rw-p 00000000 00:00 0 
7f65e0748000-7f65e074c000 ---p 00000000 00:00 0 
7f65e074c000-7f65e0848000 rw-p 00000000 00:00 0 
7f65e0848000-7f65e084c000 ---p 00000000 00:00 0 
7f65e084c000-7f65e0948000 rw-p 00000000 00:00 0 
7f65e0948000-7f65e0c2e000 r--p 00000000 00:2246 28444448                 /usr/lib/locale/locale-archive
7f65e0c2e000-7f65e0c32000 ---p 00000000 00:00 0 
7f65e0c32000-7f65e0d2e000 rw-p 00000000 00:00 0 
7f65e0d2e000-7f65e0d32000 ---p 00000000 00:00 0 
7f65e0d32000-7f65e0e2e000 rw-p 00000000 00:00 0 
7f65e0e2e000-7f65e0e2f000 ---p 00000000 00:00 0 
7f65e0e2f000-7f65e0f30000 rw-p 00000000 00:00 0 
7f65e0f30000-7f65e0ffe000 r-xp 00000000 00:2296 4611686019135190036      /nix/store/gpxl5qgg8kicmcvivwmybwjlpf7wh20l-graalvm17-ce-22.3.0/lib/libjsvml.so
7f65e0ffe000-7f65e0fff000 r--p 000cd000 00:2296 4611686019135190036      /nix/store/gpxl5qgg8kicmcvivwmybwjlpf7wh20l-graalvm17-ce-22.3.0/lib/libjsvml.so
7f65e0fff000-7f65e1000000 rw-p 000ce000 00:2296 4611686019135190036      /nix/store/gpxl5qgg8kicmcvivwmybwjlpf7wh20l-graalvm17-ce-22.3.0/lib/libjsvml.so
7f65e1000000-7f65e1400000 rw-p 00000000 00:00 0 
7f65e1400000-7f65e1700000 rw-p 00000000 00:00 0 
7f65e1700000-7f65e1800000 rw-p 00000000 00:00 0 
7f65e1800000-7f65e1807000 r-xp 00000000 00:2296 4611686019135192580      /nix/store/gpxl5qgg8kicmcvivwmybwjlpf7wh20l-graalvm17-ce-22.3.0/lib/libzip.so
7f65e1807000-7f65e1808000 ---p 00007000 00:2296 4611686019135192580      /nix/store/gpxl5qgg8kicmcvivwmybwjlpf7wh20l-graalvm17-ce-22.3.0/lib/libzip.so
7f65e1808000-7f65e1809000 r--p 00007000 00:2296 4611686019135192580      /nix/store/gpxl5qgg8kicmcvivwmybwjlpf7wh20l-graalvm17-ce-22.3.0/lib/libzip.so
7f65e1809000-7f65e180a000 rw-p 00008000 00:2296 4611686019135192580      /nix/store/gpxl5qgg8kicmcvivwmybwjlpf7wh20l-graalvm17-ce-22.3.0/lib/libzip.so
7f65e180a000-7f65e180c000 rw-p 0000b000 00:2296 4611686019135192580      /nix/store/gpxl5qgg8kicmcvivwmybwjlpf7wh20l-graalvm17-ce-22.3.0/lib/libzip.so
7f65e180c000-7f65e30da000 rw-p 00000000 00:00 0 
7f65e30da000-7f65e30db000 ---p 00000000 00:00 0 
7f65e30db000-7f65e3286000 rw-p 00000000 00:00 0 
7f65e3286000-7f65e32bc000 rw-p 00000000 00:00 0 
7f65e32bc000-7f65e32dc000 ---p 00000000 00:00 0 
7f65e32dc000-7f65e32e3000 rw-p 00000000 00:00 0 
7f65e32e3000-7f65e33c8000 ---p 00000000 00:00 0 
7f65e33c8000-7f65e33e9000 rw-p 00000000 00:00 0 
7f65e33e9000-7f65e34b3000 ---p 00000000 00:00 0 
7f65e34b3000-7f65e3723000 rwxp 00000000 00:00 0 
7f65e3723000-7f65e3a42000 ---p 00000000 00:00 0 
7f65e3a42000-7f65e4a92000 rwxp 00000000 00:00 0 
7f65e4a92000-7f65eaf7a000 ---p 00000000 00:00 0 
7f65eaf7a000-7f65eb24a000 rwxp 00000000 00:00 0 
7f65eb24a000-7f65f24b3000 ---p 00000000 00:00 0 
7f65f24b3000-7f65fc000000 r--s 00000000 00:2296 4611686019135192581      /nix/store/gpxl5qgg8kicmcvivwmybwjlpf7wh20l-graalvm17-ce-22.3.0/lib/modules
7f65fc000000-7f65fc616000 rw-p 00000000 00:00 0 
7f65fc616000-7f6600000000 ---p 00000000 00:00 0 
7f6600000000-7f6600002000 r-xp 00000000 00:2296 4611686019135190017      /nix/store/gpxl5qgg8kicmcvivwmybwjlpf7wh20l-graalvm17-ce-22.3.0/lib/libextnet.so
7f6600002000-7f6600003000 r--p 00001000 00:2296 4611686019135190017      /nix/store/gpxl5qgg8kicmcvivwmybwjlpf7wh20l-graalvm17-ce-22.3.0/lib/libextnet.so
7f6600003000-7f6600004000 rw-p 00002000 00:2296 4611686019135190017      /nix/store/gpxl5qgg8kicmcvivwmybwjlpf7wh20l-graalvm17-ce-22.3.0/lib/libextnet.so
7f6600004000-7f6600005000 rw-p 00004000 00:2296 4611686019135190017      /nix/store/gpxl5qgg8kicmcvivwmybwjlpf7wh20l-graalvm17-ce-22.3.0/lib/libextnet.so
7f6600005000-7f660001a000 r-xp 00000000 00:2296 4611686019135192570      /nix/store/gpxl5qgg8kicmcvivwmybwjlpf7wh20l-graalvm17-ce-22.3.0/lib/libnet.so
7f660001a000-7f660001b000 ---p 00015000 00:2296 4611686019135192570      /nix/store/gpxl5qgg8kicmcvivwmybwjlpf7wh20l-graalvm17-ce-22.3.0/lib/libnet.so
7f660001b000-7f660001c000 r--p 00015000 00:2296 4611686019135192570      /nix/store/gpxl5qgg8kicmcvivwmybwjlpf7wh20l-graalvm17-ce-22.3.0/lib/libnet.so
7f660001c000-7f660001d000 rw-p 00016000 00:2296 4611686019135192570      /nix/store/gpxl5qgg8kicmcvivwmybwjlpf7wh20l-graalvm17-ce-22.3.0/lib/libnet.so
7f660001d000-7f6600020000 rw-p 0001b000 00:2296 4611686019135192570      /nix/store/gpxl5qgg8kicmcvivwmybwjlpf7wh20l-graalvm17-ce-22.3.0/lib/libnet.so
7f6600020000-7f6600033000 r-xp 00000000 00:2296 4611686019135192571      /nix/store/gpxl5qgg8kicmcvivwmybwjlpf7wh20l-graalvm17-ce-22.3.0/lib/libnio.so
7f6600033000-7f6600034000 r--p 00012000 00:2296 4611686019135192571      /nix/store/gpxl5qgg8kicmcvivwmybwjlpf7wh20l-graalvm17-ce-22.3.0/lib/libnio.so
7f6600034000-7f6600035000 rw-p 00013000 00:2296 4611686019135192571      /nix/store/gpxl5qgg8kicmcvivwmybwjlpf7wh20l-graalvm17-ce-22.3.0/lib/libnio.so
7f6600035000-7f660003a000 rw-p 00019000 00:2296 4611686019135192571      /nix/store/gpxl5qgg8kicmcvivwmybwjlpf7wh20l-graalvm17-ce-22.3.0/lib/libnio.so
7f660003a000-7f6600049000 rw-p 00000000 00:00 0 
7f6600049000-7f6600050000 ---p 00000000 00:00 0 
7f6600050000-7f6600074000 r-xp 00000000 00:2296 4611686019135190028      /nix/store/gpxl5qgg8kicmcvivwmybwjlpf7wh20l-graalvm17-ce-22.3.0/lib/libjava.so
7f6600074000-7f6600075000 ---p 00024000 00:2296 4611686019135190028      /nix/store/gpxl5qgg8kicmcvivwmybwjlpf7wh20l-graalvm17-ce-22.3.0/lib/libjava.so
7f6600075000-7f6600076000 r--p 00024000 00:2296 4611686019135190028      /nix/store/gpxl5qgg8kicmcvivwmybwjlpf7wh20l-graalvm17-ce-22.3.0/lib/libjava.so
7f6600076000-7f6600077000 rw-p 00025000 00:2296 4611686019135190028      /nix/store/gpxl5qgg8kicmcvivwmybwjlpf7wh20l-graalvm17-ce-22.3.0/lib/libjava.so
7f6600077000-7f6600078000 rw-p 00000000 00:00 0 
7f6600078000-7f660007f000 rw-p 0002f000 00:2296 4611686019135190028      /nix/store/gpxl5qgg8kicmcvivwmybwjlpf7wh20l-graalvm17-ce-22.3.0/lib/libjava.so
7f660007f000-7f6600087000 rw-s 00000000 00:2237 355                      /tmp/hsperfdata_runner/27
7f6600087000-7f6600088000 ---p 00000000 00:00 0 
7f6600088000-7f6600089000 r--p 00000000 00:00 0 
7f6600089000-7f660008a000 rwxp 00000000 00:00 0 
7f660008a000-7f66000a5000 r-xp 00000000 00:2296 4611686019135190032      /nix/store/gpxl5qgg8kicmcvivwmybwjlpf7wh20l-graalvm17-ce-22.3.0/lib/libjimage.so
7f66000a5000-7f66000a6000 ---p 0001b000 00:2296 4611686019135190032      /nix/store/gpxl5qgg8kicmcvivwmybwjlpf7wh20l-graalvm17-ce-22.3.0/lib/libjimage.so
7f66000a6000-7f66000a8000 r--p 0001b000 00:2296 4611686019135190032      /nix/store/gpxl5qgg8kicmcvivwmybwjlpf7wh20l-graalvm17-ce-22.3.0/lib/libjimage.so
7f66000a8000-7f66000a9000 rw-p 0001d000 00:2296 4611686019135190032      /nix/store/gpxl5qgg8kicmcvivwmybwjlpf7wh20l-graalvm17-ce-22.3.0/lib/libjimage.so
7f66000a9000-7f66000aa000 rw-p 00024000 00:2296 4611686019135190032      /nix/store/gpxl5qgg8kicmcvivwmybwjlpf7wh20l-graalvm17-ce-22.3.0/lib/libjimage.so
7f66000aa000-7f66000ae000 ---p 00000000 00:00 0 
7f66000ae000-7f66001aa000 rw-p 00000000 00:00 0 
7f66001aa000-7f66001b8000 r--p 00000000 00:2296 4611686019027979927      /nix/store/4nlgxhb09sdr51nc9hdm8az5b08vzkgx-glibc-2.35-163/lib/libm.so.6
7f66001b8000-7f660022b000 r-xp 0000e000 00:2296 4611686019027979927      /nix/store/4nlgxhb09sdr51nc9hdm8az5b08vzkgx-glibc-2.35-163/lib/libm.so.6
7f660022b000-7f6600288000 r--p 00081000 00:2296 4611686019027979927      /nix/store/4nlgxhb09sdr51nc9hdm8az5b08vzkgx-glibc-2.35-163/lib/libm.so.6
7f6600288000-7f6600289000 r--p 000dd000 00:2296 4611686019027979927      /nix/store/4nlgxhb09sdr51nc9hdm8az5b08vzkgx-glibc-2.35-163/lib/libm.so.6
7f6600289000-7f660028a000 rw-p 000de000 00:2296 4611686019027979927      /nix/store/4nlgxhb09sdr51nc9hdm8az5b08vzkgx-glibc-2.35-163/lib/libm.so.6
7f660028a000-7f660028b000 r--p 00000000 00:2296 4611686019027979946      /nix/store/4nlgxhb09sdr51nc9hdm8az5b08vzkgx-glibc-2.35-163/lib/librt.so.1
7f660028b000-7f660028c000 r-xp 00001000 00:2296 4611686019027979946      /nix/store/4nlgxhb09sdr51nc9hdm8az5b08vzkgx-glibc-2.35-163/lib/librt.so.1
7f660028c000-7f660028d000 r--p 00002000 00:2296 4611686019027979946      /nix/store/4nlgxhb09sdr51nc9hdm8az5b08vzkgx-glibc-2.35-163/lib/librt.so.1
7f660028d000-7f660028e000 r--p 00002000 00:2296 4611686019027979946      /nix/store/4nlgxhb09sdr51nc9hdm8az5b08vzkgx-glibc-2.35-163/lib/librt.so.1
7f660028e000-7f660028f000 rw-p 00003000 00:2296 4611686019027979946      /nix/store/4nlgxhb09sdr51nc9hdm8az5b08vzkgx-glibc-2.35-163/lib/librt.so.1
7f660028f000-7f66013a2000 r-xp 00000000 00:2296 4611686019135360866      /nix/store/gpxl5qgg8kicmcvivwmybwjlpf7wh20l-graalvm17-ce-22.3.0/lib/server/libjvm.so
7f66013a2000-7f66013a3000 ---p 01113000 00:2296 4611686019135360866      /nix/store/gpxl5qgg8kicmcvivwmybwjlpf7wh20l-graalvm17-ce-22.3.0/lib/server/libjvm.so
7f66013a3000-7f6601458000 r--p 01113000 00:2296 4611686019135360866      /nix/store/gpxl5qgg8kicmcvivwmybwjlpf7wh20l-graalvm17-ce-22.3.0/lib/server/libjvm.so
7f6601458000-7f660148c000 rw-p 011c8000 00:2296 4611686019135360866      /nix/store/gpxl5qgg8kicmcvivwmybwjlpf7wh20l-graalvm17-ce-22.3.0/lib/server/libjvm.so
7f660148c000-7f66014e8000 rw-p 00000000 00:00 0 
7f66014e8000-7f6601510000 r--p 00000000 00:2296 4611686019027979918      /nix/store/4nlgxhb09sdr51nc9hdm8az5b08vzkgx-glibc-2.35-163/lib/libc.so.6
7f6601510000-7f6601686000 r-xp 00028000 00:2296 4611686019027979918      /nix/store/4nlgxhb09sdr51nc9hdm8az5b08vzkgx-glibc-2.35-163/lib/libc.so.6
7f6601686000-7f66016de000 r--p 0019e000 00:2296 4611686019027979918      /nix/store/4nlgxhb09sdr51nc9hdm8az5b08vzkgx-glibc-2.35-163/lib/libc.so.6
7f66016de000-7f66016e2000 r--p 001f6000 00:2296 4611686019027979918      /nix/store/4nlgxhb09sdr51nc9hdm8az5b08vzkgx-glibc-2.35-163/lib/libc.so.6
7f66016e2000-7f66016e4000 rw-p 001fa000 00:2296 4611686019027979918      /nix/store/4nlgxhb09sdr51nc9hdm8az5b08vzkgx-glibc-2.35-163/lib/libc.so.6
7f66016e4000-7f66016f3000 rw-p 00000000 00:00 0 
7f66016f3000-7f66016f4000 r--p 00000000 00:2296 4611686019027979923      /nix/store/4nlgxhb09sdr51nc9hdm8az5b08vzkgx-glibc-2.35-163/lib/libdl.so.2
7f66016f4000-7f66016f5000 r-xp 00001000 00:2296 4611686019027979923      /nix/store/4nlgxhb09sdr51nc9hdm8az5b08vzkgx-glibc-2.35-163/lib/libdl.so.2
7f66016f5000-7f66016f6000 r--p 00002000 00:2296 4611686019027979923      /nix/store/4nlgxhb09sdr51nc9hdm8az5b08vzkgx-glibc-2.35-163/lib/libdl.so.2
7f66016f6000-7f66016f7000 r--p 00002000 00:2296 4611686019027979923      /nix/store/4nlgxhb09sdr51nc9hdm8az5b08vzkgx-glibc-2.35-163/lib/libdl.so.2
7f66016f7000-7f66016f8000 rw-p 00003000 00:2296 4611686019027979923      /nix/store/4nlgxhb09sdr51nc9hdm8az5b08vzkgx-glibc-2.35-163/lib/libdl.so.2
7f66016f8000-7f66016f9000 r--p 00000000 00:2296 4611686019027979942      /nix/store/4nlgxhb09sdr51nc9hdm8az5b08vzkgx-glibc-2.35-163/lib/libpthread.so.0
7f66016f9000-7f66016fa000 r-xp 00001000 00:2296 4611686019027979942      /nix/store/4nlgxhb09sdr51nc9hdm8az5b08vzkgx-glibc-2.35-163/lib/libpthread.so.0
7f66016fa000-7f66016fb000 r--p 00002000 00:2296 4611686019027979942      /nix/store/4nlgxhb09sdr51nc9hdm8az5b08vzkgx-glibc-2.35-163/lib/libpthread.so.0
7f66016fb000-7f66016fc000 r--p 00002000 00:2296 4611686019027979942      /nix/store/4nlgxhb09sdr51nc9hdm8az5b08vzkgx-glibc-2.35-163/lib/libpthread.so.0
7f66016fc000-7f66016fd000 rw-p 00003000 00:2296 4611686019027979942      /nix/store/4nlgxhb09sdr51nc9hdm8az5b08vzkgx-glibc-2.35-163/lib/libpthread.so.0
7f66016fd000-7f660170b000 r-xp 00000000 00:2296 4611686019135190033      /nix/store/gpxl5qgg8kicmcvivwmybwjlpf7wh20l-graalvm17-ce-22.3.0/lib/libjli.so
7f660170b000-7f660170c000 ---p 0000e000 00:2296 4611686019135190033      /nix/store/gpxl5qgg8kicmcvivwmybwjlpf7wh20l-graalvm17-ce-22.3.0/lib/libjli.so
7f660170c000-7f660170d000 r--p 0000e000 00:2296 4611686019135190033      /nix/store/gpxl5qgg8kicmcvivwmybwjlpf7wh20l-graalvm17-ce-22.3.0/lib/libjli.so
7f660170d000-7f660170e000 rw-p 0000f000 00:2296 4611686019135190033      /nix/store/gpxl5qgg8kicmcvivwmybwjlpf7wh20l-graalvm17-ce-22.3.0/lib/libjli.so
7f660170e000-7f660170f000 rw-p 00012000 00:2296 4611686019135190033      /nix/store/gpxl5qgg8kicmcvivwmybwjlpf7wh20l-graalvm17-ce-22.3.0/lib/libjli.so
7f660170f000-7f6601712000 r--p 00000000 00:2296 4611686019106210071      /nix/store/026hln0aq1hyshaxsdvhg0kmcm6yf45r-zlib-1.2.13/lib/libz.so.1.2.13
7f6601712000-7f6601724000 r-xp 00003000 00:2296 4611686019106210071      /nix/store/026hln0aq1hyshaxsdvhg0kmcm6yf45r-zlib-1.2.13/lib/libz.so.1.2.13
7f6601724000-7f660172b000 r--p 00015000 00:2296 4611686019106210071      /nix/store/026hln0aq1hyshaxsdvhg0kmcm6yf45r-zlib-1.2.13/lib/libz.so.1.2.13
7f660172b000-7f660172c000 r--p 0001b000 00:2296 4611686019106210071      /nix/store/026hln0aq1hyshaxsdvhg0kmcm6yf45r-zlib-1.2.13/lib/libz.so.1.2.13
7f660172c000-7f660172d000 rw-p 0001c000 00:2296 4611686019106210071      /nix/store/026hln0aq1hyshaxsdvhg0kmcm6yf45r-zlib-1.2.13/lib/libz.so.1.2.13
7f660172d000-7f660172f000 rw-p 00000000 00:00 0 
7f660172f000-7f6601731000 r--p 00000000 00:2296 4611686019027979912      /nix/store/4nlgxhb09sdr51nc9hdm8az5b08vzkgx-glibc-2.35-163/lib/ld-linux-x86-64.so.2
7f6601731000-7f6601758000 r-xp 00002000 00:2296 4611686019027979912      /nix/store/4nlgxhb09sdr51nc9hdm8az5b08vzkgx-glibc-2.35-163/lib/ld-linux-x86-64.so.2
7f6601758000-7f6601764000 r--p 00029000 00:2296 4611686019027979912      /nix/store/4nlgxhb09sdr51nc9hdm8az5b08vzkgx-glibc-2.35-163/lib/ld-linux-x86-64.so.2
7f6601764000-7f6601766000 r--p 00034000 00:2296 4611686019027979912      /nix/store/4nlgxhb09sdr51nc9hdm8az5b08vzkgx-glibc-2.35-163/lib/ld-linux-x86-64.so.2
7f6601766000-7f6601768000 rw-p 00036000 00:2296 4611686019027979912      /nix/store/4nlgxhb09sdr51nc9hdm8az5b08vzkgx-glibc-2.35-163/lib/ld-linux-x86-64.so.2
7ffdd1cde000-7ffdd1d02000 rw-p 00000000 00:00 0                          [stack]
7ffdd1dc5000-7ffdd1dc9000 r--p 00000000 00:00 0                          [vvar]
7ffdd1dc9000-7ffdd1dcb000 r-xp 00000000 00:00 0                          [vdso]
ffffffffff600000-ffffffffff601000 --xp 00000000 00:00 0                  [vsyscall]


VM Arguments:
jvm_args: -XX:ThreadPriorityPolicy=1 -XX:+UnlockExperimentalVMOptions -XX:+EnableJVMCIProduct -XX:JVMCIThreadsPerNativeLibraryRuntime=1 -XX:-UnlockExperimentalVMOptions -Declipse.application=org.eclipse.jdt.ls.core.id1 -Dosgi.bundles.defaultStartLevel=4 -Declipse.product=org.eclipse.jdt.ls.core.product -Dlog.level=ALL -Xverify:none -XX:+UseParallelGC -XX:GCTimeRatio=4 -XX:AdaptiveSizePolicyWeight=90 -Dsun.zip.disableMemoryMapping=true -Xmx512m -Xms100m 
java_command: /nix/store/m6gcpi1ii6rghy04cjwjddcavv7i90df-jdt-language-server-1.9.0/share/java/plugins/org.eclipse.equinox.launcher_1.6.400.v20210924-0641.jar --add-modules=ALL-SYSTEM --add-opens java.base/java.util=ALL-UNNAMED --add-opens java.base/java.lang=ALL-UNNAMED -configuration /home/runner/.cache/jdt-language-server/config -data /home/runner/.cache/jdt-language-server/data/home/runner/SistemaBiblioteca
java_class_path (initial): /nix/store/m6gcpi1ii6rghy04cjwjddcavv7i90df-jdt-language-server-1.9.0/share/java/plugins/org.eclipse.equinox.launcher_1.6.400.v20210924-0641.jar
Launcher Type: SUN_STANDARD

[Global flags]
    uintx AdaptiveSizePolicyWeight                 = 90                                        {product} {command line}
     intx CICompilerCount                          = 2                                         {product} {ergonomic}
     bool EnableJVMCIProduct                       = true                                {JVMCI product} {jimage}
    uintx GCTimeRatio                              = 4                                         {product} {command line}
   size_t InitialHeapSize                          = 104857600                                 {product} {command line}
     uint JVMCIThreadsPerNativeLibraryRuntime      = 1                                   {JVMCI product} {jimage}
   size_t MaxHeapSize                              = 536870912                                 {product} {command line}
   size_t MaxNewSize                               = 178782208                                 {product} {ergonomic}
   size_t MinHeapDeltaBytes                        = 524288                                    {product} {ergonomic}
   size_t MinHeapSize                              = 104857600                                 {product} {command line}
   size_t NewSize                                  = 34603008                                  {product} {ergonomic}
    uintx NonNMethodCodeHeapSize                   = 5826188                                {pd product} {ergonomic}
    uintx NonProfiledCodeHeapSize                  = 122916026                              {pd product} {ergonomic}
   size_t OldSize                                  = 70254592                                  {product} {ergonomic}
    uintx ProfiledCodeHeapSize                     = 122916026                              {pd product} {ergonomic}
    uintx ReservedCodeCacheSize                    = 251658240                              {pd product} {ergonomic}
     bool SegmentedCodeCache                       = true                                      {product} {ergonomic}
   size_t SoftMaxHeapSize                          = 536870912                              {manageable} {ergonomic}
     intx ThreadPriorityPolicy                     = 1                                         {product} {jimage}
     bool UseCompressedClassPointers               = true                           {product lp64_product} {ergonomic}
     bool UseCompressedOops                        = true                           {product lp64_product} {ergonomic}
     bool UseParallelGC                            = true                                      {product} {command line}

Logging:
Log output configuration:
 #0: stdout all=warning uptime,level,tags
 #1: stderr all=off uptime,level,tags

Environment Variables:
JAVA_HOME=/nix/store/gpxl5qgg8kicmcvivwmybwjlpf7wh20l-graalvm17-ce-22.3.0
PATH=/nix/store/1d6ian3r8kdzspw8hacjhl3xkp40g1lj-binutils-wrapper-2.39/bin:/nix/store/dq0xwmsk1g0i2ayg6pb7y87na2knzylh-gcc-wrapper-11.3.0/bin:/nix/store/bap4d0lpcrhpwmpb8ayjcgkmvfj62lnq-bash-interactive-5.1-p16/bin:/nix/store/pr5n59mb4jzmfx6kanwxly0l07p861fg-patchelf-0.15.0/bin:/nix/store/1gf2flfqnpqbr1b4p4qz2f72y42bs56r-gcc-11.3.0/bin:/nix/store/57xv61c5zi8pphjbcwxxjlgc34p61ic9-glibc-2.35-163-bin/bin:/nix/store/a7gvj343m05j2s32xcnwr35v31ynlypr-coreutils-9.1/bin:/nix/store/039g378vc3pc3dvi9dzdlrd0i4q93qwf-binutils-2.39/bin:/nix/store/gpxl5qgg8kicmcvivwmybwjlpf7wh20l-graalvm17-ce-22.3.0/bin:/nix/store/6z9ag3ihc8mq2hzsw48lhbznvzny65nz-apache-maven-3.8.6/bin:/nix/store/m6gcpi1ii6rghy04cjwjddcavv7i90df-jdt-language-server-1.9.0/bin:/nix/store/84xs5alhs01zrbr4ywm05kxbjbp5590l-java-debug/bin:/nix/store/mydc6f4k2z73xlcz7ilif3v2lcaiqvza-findutils-4.9.0/bin:/nix/store/j9p3g8472iijd50vhdprx0nmk2fqn5gv-diffutils-3.8/bin:/nix/store/89zs7rms6x00xfq4dq6m7mjnhkr8a6r4-gnused-4.8/bin:/nix/store/86bp03jkmsl6f92w0yzg4s59g5mhxwmy-gnugrep-3.7/bin:/nix/store/hwcdqw4jrjnd37wxqgsd47hd0j8bnj09-gawk-5.1.1/bin:/nix/store/cfbhw8r8ags41vwqaz47r583d0p4h4a1-gnutar-1.34/bin:/nix/store/p3m1ndl1lapwrlh698bnb5lvvxh67378-gzip-1.12/bin:/nix/store/a8mhcagrsly7c7mpjrpsnaahk4aax056-bzip2-1.0.8-bin/bin:/nix/store/mblgz65m3zv9x548a3d5m96fj2pbwr09-gnumake-4.3/bin:/nix/store/dsd5gz46hdbdk2rfdimqddhq6m8m8fqs-bash-5.1-p16/bin:/nix/store/v7ljksji50mg3w61dykaa3n3y79n6nil-patch-2.7.6/bin:/nix/store/zlcnmqq14jz5x9439jf937mvayyl63da-xz-5.2.7-bin/bin:/nix/store/y6aj732zm9m87c82fpvf103a1xb22blp-file-5.43/bin:/nix/store/i4kzir3m7mrisxmf5xvlnkw01x4qaqr4-prybar-elisp-0.0.0-e0d9a52/bin:/nix/store/lwwivxf6h7x3cvxp9zv8sj0mv7dak99r-prybar-lua-0.0.0-e0d9a52/bin:/nix/store/gxj28g1cg4hq3qanmjv07156h800qr58-prybar-python3-0.0.0-e0d9a52/bin:/nix/store/hshkjnxrgidigf8x75vg6lqng2xlx9i3-prybar-sqlite-0.0.0-e0d9a52/bin:/nix/store/c4w01bpjgyy5ixmwdk8m1pw87zq4sl26-prybar-tcl-0.0.0-e0d9a52/bin:/nix/store/hpbvrlwd5viqmvcaisb3x0118i913a9n-st
LD_LIBRARY_PATH=/nix/store/a4pff549sk2idnkpzk5nsfps3mdkdnvm-cups-2.4.2-lib/lib:/nix/store/72mqxxhh3cy5yifh92wh2yb8cl2hikyy-cairo-1.16.0/lib:/nix/store/2k366jrbsra97gjfxwvrhvixjfxdach5-glib-2.74.1/lib:/nix/store/2j2znigd8ak37rlwh9khz0ry3clqlw1l-gtk+3-3.24.34/lib:/nix/store/hisqvx32cd57apbpcsnkpx6k3549wql1-libglvnd-1.4.0/lib:/nix/store/p36pgcv991mq5srvg765b78yqpxvk3qs-mesa-21.3.3-drivers/lib:/nix/store/mav4251if1ahjq5vkpwycyyvnmy459c4-pulseaudio-14.2/lib
DISPLAY=:0
LANG=en_US.UTF-8

Signal Handlers:
   SIGSEGV: crash_handler in libjvm.so, mask=11100100010111111101111111111110, flags=SA_RESTART|SA_SIGINFO
    SIGBUS: crash_handler in libjvm.so, mask=11100100010111111101111111111110, flags=SA_RESTART|SA_SIGINFO
    SIGFPE: crash_handler in libjvm.so, mask=11100100010111111101111111111110, flags=SA_RESTART|SA_SIGINFO
   SIGPIPE: IsolateEnterStub_IgnoreSIGPIPEStartupHook_noopSignalHandler_8f19bff2f35b5f630d83b364d6b2339320d4ec70_216e8361c6bc87a8f89f58cc10d3b2fd4415bf87 in libjvmcicompiler.so, mask=00000000000000000000000000000000, flags=SA_RESTART
  *** Handler was modified!
  *** Expected: javaSignalHandler in libjvm.so, mask=11100100110111111111111111111110, flags=SA_RESTART|SA_SIGINFO
   SIGXFSZ: javaSignalHandler in libjvm.so, mask=11100100010111111101111111111110, flags=SA_RESTART|SA_SIGINFO
    SIGILL: crash_handler in libjvm.so, mask=11100100010111111101111111111110, flags=SA_RESTART|SA_SIGINFO
   SIGUSR2: SR_handler in libjvm.so, mask=00000000000000000000000000000000, flags=SA_RESTART|SA_SIGINFO
    SIGHUP: UserHandler in libjvm.so, mask=11100100010111111101111111111110, flags=SA_RESTART|SA_SIGINFO
    SIGINT: UserHandler in libjvm.so, mask=11100100010111111101111111111110, flags=SA_RESTART|SA_SIGINFO
   SIGTERM: UserHandler in libjvm.so, mask=11100100010111111101111111111110, flags=SA_RESTART|SA_SIGINFO
   SIGQUIT: UserHandler in libjvm.so, mask=11100100010111111101111111111110, flags=SA_RESTART|SA_SIGINFO
  *** Handler was modified!
  *** Expected: javaSignalHandler in libjvm.so, mask=11100100110111111111111111111110, flags=SA_RESTART|SA_SIGINFO
   SIGTRAP: crash_handler in libjvm.so, mask=11100100010111111101111111111110, flags=SA_RESTART|SA_SIGINFO


---------------  S Y S T E M  ---------------

OS:
DISTRIB_ID=Ubuntu
DISTRIB_RELEASE=20.04
DISTRIB_CODENAME=focal
DISTRIB_DESCRIPTION="Ubuntu 20.04.2 LTS"
uname: Linux 5.19.0-1025-gcp #27~22.04.1-Ubuntu SMP Wed May 24 03:53:01 UTC 2023 x86_64
OS uptime: 0 days 23:13 hours
libc: glibc 2.35 NPTL 2.35 
rlimit (soft/hard): STACK 8192k/infinity , CORE infinity/infinity , NPROC infinity/infinity , NOFILE 5242/5242 , AS infinity/infinity , CPU infinity/infinity , DATA infinity/infinity , FSIZE infinity/infinity , MEMLOCK 8192k/8192k
load average: 12.93 13.47 14.25

/proc/meminfo:
MemTotal:       65852244 kB
MemFree:         5545408 kB
MemAvailable:   28238852 kB
Buffers:         2554868 kB
Cached:         18273256 kB
SwapCached:            0 kB
Active:          9593132 kB
Inactive:       45741452 kB
Active(anon):      18876 kB
Inactive(anon): 34156564 kB
Active(file):    9574256 kB
Inactive(file): 11584888 kB
Unevictable:       56336 kB
Mlocked:           56336 kB
SwapTotal:             0 kB
SwapFree:              0 kB
Zswap:                 0 kB
Zswapped:              0 kB
Dirty:              7452 kB
Writeback:             0 kB
AnonPages:      31034384 kB
Mapped:          1580308 kB
Shmem:             35224 kB
KReclaimable:    2260900 kB
Slab:            3586208 kB
SReclaimable:    2260900 kB
SUnreclaim:      1325308 kB
KernelStack:      516976 kB
PageTables:       286396 kB
NFS_Unstable:          0 kB
Bounce:                0 kB
WritebackTmp:          0 kB
CommitLimit:    32926120 kB
Committed_AS:   99529588 kB
VmallocTotal:   34359738367 kB
VmallocUsed:      564568 kB
VmallocChunk:          0 kB
Percpu:            63328 kB
HardwareCorrupted:     0 kB
AnonHugePages:   4894720 kB
ShmemHugePages:        0 kB
ShmemPmdMapped:        0 kB
FileHugePages:         0 kB
FilePmdMapped:         0 kB
HugePages_Total:       0
HugePages_Free:        0
HugePages_Rsvd:        0
HugePages_Surp:        0
Hugepagesize:       2048 kB
Hugetlb:               0 kB
DirectMap4k:    11973432 kB
DirectMap2M:    54083584 kB
DirectMap1G:     3145728 kB

/sys/kernel/mm/transparent_hugepage/enabled: always [madvise] never
/sys/kernel/mm/transparent_hugepage/defrag (defrag/compaction efforts parameter): always defer defer+madvise [madvise] never

Process Memory:
Virtual Size: 5195864K (peak: 5280572K)
Resident Set Size: 770548K (peak: 807568K) (anon: 573600K, file: 196948K, shmem: 0K)
Swapped out: 0K
C-Heap outstanding allocations: 44754K, retained: 16553K
glibc malloc tunables: (default)

/proc/sys/kernel/threads-max (system-wide limit on the number of threads): 514406
/proc/sys/vm/max_map_count (maximum number of memory map areas a process may have): 65530
/proc/sys/kernel/pid_max (system-wide limit on number of process identifiers): 4194304

container (cgroup) information:
container_type: cgroupv1
cpu_cpuset_cpus: 2-7
cpu_memory_nodes: 0
active_processor_count: 1
cpu_quota: 50000
cpu_period: 100000
cpu_shares: 512
memory_limit_in_bytes: 1048576 k
memory_and_swap_limit_in_bytes: 1048576 k
memory_soft_limit_in_bytes: 524288 k
memory_usage_in_bytes: 651148 k
memory_max_usage_in_bytes: 676412 k
maximum number of tasks: 1000
current number of tasks: 47

KVM virtualization detected
Steal ticks since vm start: 0
Steal ticks percentage since vm start:  0.000

CPU: total 8 (initial active 1) (8 cores per cpu, 2 threads per core) family 23 model 49 stepping 0 microcode 0xffffffff, cx8, cmov, fxsr, ht, mmx, 3dnowpref, sse, sse2, sse3, ssse3, sse4a, sse4.1, sse4.2, popcnt, lzcnt, tsc, tscinvbit, avx, avx2, aes, clmul, bmi1, bmi2, adx, sha, fma, vzeroupper, clflush, clflushopt, hv
CPU Model and flags from /proc/cpuinfo:
model name	: AMD EPYC 7B12
flags		: fpu vme de pse tsc msr pae mce cx8 apic sep mtrr pge mca cmov pat pse36 clflush mmx fxsr sse sse2 ht syscall nx mmxext fxsr_opt pdpe1gb rdtscp lm constant_tsc rep_good nopl nonstop_tsc cpuid extd_apicid tsc_known_freq pni pclmulqdq ssse3 fma cx16 sse4_1 sse4_2 movbe popcnt aes xsave avx f16c rdrand hypervisor lahf_lm cmp_legacy cr8_legacy abm sse4a misalignsse 3dnowprefetch osvw topoext ssbd ibrs ibpb stibp vmmcall fsgsbase tsc_adjust bmi1 avx2 smep bmi2 rdseed adx smap clflushopt clwb sha_ni xsaveopt xsavec xgetbv1 clzero xsaveerptr arat npt nrip_save umip rdpid

Online cpus: 0-7
Offline cpus: 
BIOS frequency limitation: <Not Available>
Frequency switch latency (ns): <Not Available>
Available cpu frequencies: <Not Available>
Current governor: <Not Available>
Core performance/turbo boost: <Not Available>

Memory: 4k page, physical 1048576k(397416k free), swap 0k(0k free)
Page Sizes: 4k

vm_info: OpenJDK 64-Bit Server VM (17.0.5+8-jvmci-22.3-b08) for linux-amd64 JRE (17.0.5+8-jvmci-22.3-b08), built on Oct 19 2022 09:01:27 by "buildslave" with gcc 10.3.0

END.
